<?xml version="1.0" encoding="utf-8"?>
<CoverageSession>
  <Summary numSequencePoints="317" visitedSequencePoints="276" numBranchPoints="229" visitedBranchPoints="185" sequenceCoverage="87.06" branchCoverage="80.78" maxCyclomaticComplexity="244" minCyclomaticComplexity="244" visitedClasses="24" numClasses="25" visitedMethods="44" numMethods="47" />
  <Modules>
    <Module hash="D00E6C4B-2094-48F8-A8FE-3AA456A89D21">
      <ModulePath>SGuard.DataAnnotations.dll</ModulePath>
      <ModuleTime>2025-09-12T12:00:31</ModuleTime>
      <ModuleName>SGuard.DataAnnotations</ModuleName>
      <Files>
        <File uid="1" fullPath="/home/runner/work/SGuard.DataAnnotations/SGuard.DataAnnotations/SGuard.DataAnnotations/src/Attributes/SGuardBetweenAttribute.cs" />
        <File uid="2" fullPath="/home/runner/work/SGuard.DataAnnotations/SGuard.DataAnnotations/SGuard.DataAnnotations/src/Attributes/SGuardCollectionItemsMatchAttribute.cs" />
        <File uid="3" fullPath="/home/runner/work/SGuard.DataAnnotations/SGuard.DataAnnotations/SGuard.DataAnnotations/src/Attributes/SGuardCompareAttribute.cs" />
        <File uid="4" fullPath="/home/runner/work/SGuard.DataAnnotations/SGuard.DataAnnotations/SGuard.DataAnnotations/src/Attributes/SGuardCompareToAttribute.cs" />
        <File uid="5" fullPath="/home/runner/work/SGuard.DataAnnotations/SGuard.DataAnnotations/SGuard.DataAnnotations/src/Attributes/SGuardCreditCardAttribute.cs" />
        <File uid="6" fullPath="/home/runner/work/SGuard.DataAnnotations/SGuard.DataAnnotations/SGuard.DataAnnotations/src/Attributes/SGuardEmailAddressAttribute.cs" />
        <File uid="7" fullPath="/home/runner/work/SGuard.DataAnnotations/SGuard.DataAnnotations/SGuard.DataAnnotations/src/Attributes/SGuardGreaterThanAttribute.cs" />
        <File uid="8" fullPath="/home/runner/work/SGuard.DataAnnotations/SGuard.DataAnnotations/SGuard.DataAnnotations/src/Attributes/SGuardLessThanAttribute.cs" />
        <File uid="9" fullPath="/home/runner/work/SGuard.DataAnnotations/SGuard.DataAnnotations/SGuard.DataAnnotations/src/Attributes/SGuardMaxCountAttribute.cs" />
        <File uid="10" fullPath="/home/runner/work/SGuard.DataAnnotations/SGuard.DataAnnotations/SGuard.DataAnnotations/src/Attributes/SGuardMaxLengthAttribute.cs" />
        <File uid="11" fullPath="/home/runner/work/SGuard.DataAnnotations/SGuard.DataAnnotations/SGuard.DataAnnotations/src/Attributes/SGuardMinCountAttribute.cs" />
        <File uid="12" fullPath="/home/runner/work/SGuard.DataAnnotations/SGuard.DataAnnotations/SGuard.DataAnnotations/src/Attributes/SGuardMinLengthAttribute.cs" />
        <File uid="13" fullPath="/home/runner/work/SGuard.DataAnnotations/SGuard.DataAnnotations/SGuard.DataAnnotations/src/Attributes/SGuardPhoneAttribute.cs" />
        <File uid="14" fullPath="/home/runner/work/SGuard.DataAnnotations/SGuard.DataAnnotations/SGuard.DataAnnotations/src/Attributes/SGuardRangeAttribute.cs" />
        <File uid="15" fullPath="/home/runner/work/SGuard.DataAnnotations/SGuard.DataAnnotations/SGuard.DataAnnotations/src/Attributes/SGuardRegularExpressionAttribute.cs" />
        <File uid="16" fullPath="/home/runner/work/SGuard.DataAnnotations/SGuard.DataAnnotations/SGuard.DataAnnotations/src/Attributes/SGuardRequiredCollectionAttribute.cs" />
        <File uid="17" fullPath="/home/runner/work/SGuard.DataAnnotations/SGuard.DataAnnotations/SGuard.DataAnnotations/src/Attributes/SGuardRequiredIfAttribute.cs" />
        <File uid="18" fullPath="/home/runner/work/SGuard.DataAnnotations/SGuard.DataAnnotations/SGuard.DataAnnotations/src/Attributes/SGuardStringLengthAttribute.cs" />
        <File uid="19" fullPath="/home/runner/work/SGuard.DataAnnotations/SGuard.DataAnnotations/SGuard.DataAnnotations/src/Attributes/SGuardUrlAttribute.cs" />
        <File uid="20" fullPath="/home/runner/work/SGuard.DataAnnotations/SGuard.DataAnnotations/SGuard.DataAnnotations/src/Attributes/SGuardValidationAttributeBase.cs" />
        <File uid="21" fullPath="/home/runner/work/SGuard.DataAnnotations/SGuard.DataAnnotations/SGuard.DataAnnotations/src/Guards/DataAnnotation/Is.cs" />
        <File uid="22" fullPath="/home/runner/work/SGuard.DataAnnotations/SGuard.DataAnnotations/SGuard.DataAnnotations/src/Guards/DataAnnotation/ThrowIf.cs" />
        <File uid="23" fullPath="/home/runner/work/SGuard.DataAnnotations/SGuard.DataAnnotations/SGuard.DataAnnotations/src/Internal/SGuardDataAnnotations.cs" />
        <File uid="24" fullPath="/home/runner/work/SGuard.DataAnnotations/SGuard.DataAnnotations/SGuard.DataAnnotations/src/Extensions/DataAnnotationsExceptionExtensions.cs" />
        <File uid="25" fullPath="/home/runner/work/SGuard.DataAnnotations/SGuard.DataAnnotations/SGuard.DataAnnotations/src/Exceptions/DataAnnotationsException.cs" />
      </Files>
      <Classes>
        <Class>
          <Summary numSequencePoints="30" visitedSequencePoints="28" numBranchPoints="32" visitedBranchPoints="28" sequenceCoverage="93.33" branchCoverage="87.5" maxCyclomaticComplexity="28" minCyclomaticComplexity="4" visitedClasses="1" numClasses="1" visitedMethods="2" numMethods="2" />
          <FullName>SGuard.DataAnnotations.SGuardBetweenAttribute</FullName>
          <Methods>
            <Method cyclomaticComplexity="28" nPathComplexity="28" sequenceCoverage="91.66" branchCoverage="85.71" isConstructor="False" isGetter="False" isSetter="False" isStatic="True">
              <Summary numSequencePoints="24" visitedSequencePoints="22" numBranchPoints="28" visitedBranchPoints="24" sequenceCoverage="91.66" branchCoverage="85.71" maxCyclomaticComplexity="28" minCyclomaticComplexity="28" visitedClasses="0" numClasses="0" visitedMethods="1" numMethods="1" />
              <MetadataToken />
              <Name>System.ComponentModel.DataAnnotations.ValidationResult SGuard.DataAnnotations.SGuardBetweenAttribute::IsValid(System.Object,System.ComponentModel.DataAnnotations.ValidationContext)</Name>
              <FileRef uid="1" />
              <SequencePoints>
                <SequencePoint vc="38" uspid="64" ordinal="0" sl="64" sc="1" el="64" ec="2" bec="0" bev="0" fileid="1" />
                <SequencePoint vc="38" uspid="66" ordinal="1" sl="66" sc="1" el="66" ec="2" bec="0" bev="0" fileid="1" />
                <SequencePoint vc="38" uspid="67" ordinal="2" sl="67" sc="1" el="67" ec="2" bec="0" bev="0" fileid="1" />
                <SequencePoint vc="38" uspid="69" ordinal="3" sl="69" sc="1" el="69" ec="2" bec="2" bev="2" fileid="1" />
                <SequencePoint vc="1" uspid="71" ordinal="4" sl="71" sc="1" el="71" ec="2" bec="0" bev="0" fileid="1" />
                <SequencePoint vc="37" uspid="74" ordinal="5" sl="74" sc="1" el="74" ec="2" bec="2" bev="2" fileid="1" />
                <SequencePoint vc="1" uspid="76" ordinal="6" sl="76" sc="1" el="76" ec="2" bec="0" bev="0" fileid="1" />
                <SequencePoint vc="36" uspid="79" ordinal="7" sl="79" sc="1" el="79" ec="2" bec="0" bev="0" fileid="1" />
                <SequencePoint vc="36" uspid="80" ordinal="8" sl="80" sc="1" el="80" ec="2" bec="0" bev="0" fileid="1" />
                <SequencePoint vc="36" uspid="82" ordinal="9" sl="82" sc="1" el="82" ec="2" bec="6" bev="6" fileid="1" />
                <SequencePoint vc="3" uspid="84" ordinal="10" sl="84" sc="1" el="84" ec="2" bec="0" bev="0" fileid="1" />
                <SequencePoint vc="33" uspid="87" ordinal="11" sl="87" sc="1" el="87" ec="2" bec="0" bev="0" fileid="1" />
                <SequencePoint vc="33" uspid="88" ordinal="12" sl="88" sc="1" el="88" ec="2" bec="0" bev="0" fileid="1" />
                <SequencePoint vc="33" uspid="89" ordinal="13" sl="89" sc="1" el="89" ec="2" bec="0" bev="0" fileid="1" />
                <SequencePoint vc="33" uspid="92" ordinal="14" sl="92" sc="1" el="92" ec="2" bec="4" bev="2" fileid="1" />
                <SequencePoint vc="0" uspid="94" ordinal="15" sl="94" sc="1" el="94" ec="2" bec="0" bev="0" fileid="1" />
                <SequencePoint vc="33" uspid="97" ordinal="16" sl="97" sc="1" el="97" ec="2" bec="4" bev="2" fileid="1" />
                <SequencePoint vc="0" uspid="99" ordinal="17" sl="99" sc="1" el="99" ec="2" bec="0" bev="0" fileid="1" />
                <SequencePoint vc="33" uspid="102" ordinal="18" sl="102" sc="1" el="102" ec="2" bec="2" bev="2" fileid="1" />
                <SequencePoint vc="32" uspid="104" ordinal="19" sl="104" sc="1" el="104" ec="2" bec="0" bev="0" fileid="1" />
                <SequencePoint vc="32" uspid="105" ordinal="20" sl="105" sc="1" el="105" ec="2" bec="0" bev="0" fileid="1" />
                <SequencePoint vc="32" uspid="107" ordinal="21" sl="107" sc="1" el="107" ec="2" bec="6" bev="6" fileid="1" />
                <SequencePoint vc="32" uspid="109" ordinal="22" sl="109" sc="1" el="109" ec="2" bec="2" bev="2" fileid="1" />
                <SequencePoint vc="1" uspid="112" ordinal="23" sl="112" sc="1" el="112" ec="2" bec="0" bev="0" fileid="1" />
              </SequencePoints>
              <BranchPoints>
                <BranchPoint vc="1" uspid="69" ordinal="0" path="0" offset="42" offsetend="44" sl="69" fileid="1" />
                <BranchPoint vc="37" uspid="69" ordinal="1" path="1" offset="42" offsetend="66" sl="69" fileid="1" />
                <BranchPoint vc="1" uspid="74" ordinal="2" path="0" offset="73" offsetend="75" sl="74" fileid="1" />
                <BranchPoint vc="36" uspid="74" ordinal="3" path="1" offset="73" offsetend="97" sl="74" fileid="1" />
                <BranchPoint vc="35" uspid="82" ordinal="4" path="0" offset="126" offsetend="128" sl="82" fileid="1" />
                <BranchPoint vc="34" uspid="82" ordinal="6" path="0" offset="129" offsetend="131" sl="82" fileid="1" />
                <BranchPoint vc="3" uspid="82" ordinal="5" path="1" offset="126" offsetend="134" sl="82" fileid="1" />
                <BranchPoint vc="3" uspid="82" ordinal="7" path="1" offset="129" offsetend="134" sl="82" fileid="1" />
                <BranchPoint vc="3" uspid="82" ordinal="8" path="0" offset="132" offsetend="134" sl="82" fileid="1" />
                <BranchPoint vc="33" uspid="82" ordinal="9" path="1" offset="132" offsetend="152" sl="82" fileid="1" />
                <BranchPoint vc="0" uspid="92" ordinal="10" path="0" offset="185" offsetend="187" sl="92" fileid="1" />
                <BranchPoint vc="0" uspid="92" ordinal="12" path="0" offset="196" offsetend="198" sl="92" fileid="1" />
                <BranchPoint vc="33" uspid="92" ordinal="11" path="1" offset="185" offsetend="231" sl="92" fileid="1" />
                <BranchPoint vc="33" uspid="92" ordinal="13" path="1" offset="196" offsetend="231" sl="92" fileid="1" />
                <BranchPoint vc="0" uspid="97" ordinal="14" path="0" offset="240" offsetend="242" sl="97" fileid="1" />
                <BranchPoint vc="0" uspid="97" ordinal="16" path="0" offset="251" offsetend="253" sl="97" fileid="1" />
                <BranchPoint vc="33" uspid="97" ordinal="15" path="1" offset="240" offsetend="286" sl="97" fileid="1" />
                <BranchPoint vc="33" uspid="97" ordinal="17" path="1" offset="251" offsetend="286" sl="97" fileid="1" />
                <BranchPoint vc="32" uspid="102" ordinal="18" path="0" offset="296" offsetend="298" sl="102" fileid="1" />
                <BranchPoint vc="8" uspid="107" ordinal="20" path="0" offset="324" offsetend="326" sl="107" fileid="1" />
                <BranchPoint vc="4" uspid="107" ordinal="22" path="0" offset="329" offsetend="331" sl="107" fileid="1" />
                <BranchPoint vc="4" uspid="107" ordinal="23" path="1" offset="329" offsetend="338" sl="107" fileid="1" />
                <BranchPoint vc="24" uspid="107" ordinal="21" path="1" offset="324" offsetend="341" sl="107" fileid="1" />
                <BranchPoint vc="15" uspid="107" ordinal="24" path="0" offset="344" offsetend="346" sl="107" fileid="1" />
                <BranchPoint vc="9" uspid="107" ordinal="25" path="1" offset="344" offsetend="356" sl="107" fileid="1" />
                <BranchPoint vc="16" uspid="109" ordinal="26" path="0" offset="357" offsetend="359" sl="109" fileid="1" />
                <BranchPoint vc="16" uspid="109" ordinal="27" path="1" offset="357" offsetend="377" sl="109" fileid="1" />
                <BranchPoint vc="1" uspid="102" ordinal="19" path="1" offset="296" offsetend="383" sl="102" fileid="1" />
              </BranchPoints>
              <MethodPoint vc="22" uspid="0" p8:type="SequencePoint" ordinal="0" offset="0" sc="0" sl="64" ec="1" el="112" bec="0" bev="0" fileid="1" xmlns:p8="xsi" />
            </Method>
            <Method cyclomaticComplexity="4" nPathComplexity="4" sequenceCoverage="100" branchCoverage="100" isConstructor="True" isGetter="False" isSetter="False" isStatic="True">
              <Summary numSequencePoints="6" visitedSequencePoints="6" numBranchPoints="4" visitedBranchPoints="4" sequenceCoverage="100" branchCoverage="100" maxCyclomaticComplexity="4" minCyclomaticComplexity="4" visitedClasses="0" numClasses="0" visitedMethods="1" numMethods="1" />
              <MetadataToken />
              <Name>System.Void SGuard.DataAnnotations.SGuardBetweenAttribute::.ctor(System.String,System.String,System.Boolean,System.Type,System.String)</Name>
              <FileRef uid="1" />
              <SequencePoints>
                <SequencePoint vc="40" uspid="45" ordinal="0" sl="45" sc="1" el="45" ec="2" bec="0" bev="0" fileid="1" />
                <SequencePoint vc="40" uspid="46" ordinal="1" sl="46" sc="1" el="46" ec="2" bec="0" bev="0" fileid="1" />
                <SequencePoint vc="40" uspid="48" ordinal="2" sl="48" sc="1" el="48" ec="2" bec="2" bev="2" fileid="1" />
                <SequencePoint vc="39" uspid="49" ordinal="3" sl="49" sc="1" el="49" ec="2" bec="2" bev="2" fileid="1" />
                <SequencePoint vc="38" uspid="50" ordinal="4" sl="50" sc="1" el="50" ec="2" bec="0" bev="0" fileid="1" />
                <SequencePoint vc="38" uspid="51" ordinal="5" sl="51" sc="1" el="51" ec="2" bec="0" bev="0" fileid="1" />
              </SequencePoints>
              <BranchPoints>
                <BranchPoint vc="1" uspid="48" ordinal="0" path="0" offset="13" offsetend="15" sl="48" fileid="1" />
                <BranchPoint vc="39" uspid="48" ordinal="1" path="1" offset="13" offsetend="27" sl="48" fileid="1" />
                <BranchPoint vc="1" uspid="49" ordinal="2" path="0" offset="35" offsetend="37" sl="49" fileid="1" />
                <BranchPoint vc="38" uspid="49" ordinal="3" path="1" offset="35" offsetend="49" sl="49" fileid="1" />
              </BranchPoints>
              <MethodPoint vc="6" uspid="0" p8:type="SequencePoint" ordinal="1" offset="1" sc="0" sl="45" ec="1" el="51" bec="0" bev="0" fileid="1" xmlns:p8="xsi" />
            </Method>
          </Methods>
        </Class>
        <Class>
          <Summary numSequencePoints="33" visitedSequencePoints="29" numBranchPoints="22" visitedBranchPoints="17" sequenceCoverage="87.87" branchCoverage="77.27" maxCyclomaticComplexity="16" minCyclomaticComplexity="2" visitedClasses="1" numClasses="1" visitedMethods="3" numMethods="4" />
          <FullName>SGuard.DataAnnotations.SGuardCollectionItemsMatchAttribute</FullName>
          <Methods>
            <Method cyclomaticComplexity="16" nPathComplexity="16" sequenceCoverage="100" branchCoverage="93.75" isConstructor="False" isGetter="False" isSetter="False" isStatic="True">
              <Summary numSequencePoints="21" visitedSequencePoints="21" numBranchPoints="16" visitedBranchPoints="15" sequenceCoverage="100" branchCoverage="93.75" maxCyclomaticComplexity="16" minCyclomaticComplexity="16" visitedClasses="0" numClasses="0" visitedMethods="1" numMethods="1" />
              <MetadataToken />
              <Name>System.ComponentModel.DataAnnotations.ValidationResult SGuard.DataAnnotations.SGuardCollectionItemsMatchAttribute::IsValid(System.Object,System.ComponentModel.DataAnnotations.ValidationContext)</Name>
              <FileRef uid="2" />
              <SequencePoints>
                <SequencePoint vc="5" uspid="65" ordinal="0" sl="65" sc="1" el="65" ec="2" bec="2" bev="2" fileid="2" />
                <SequencePoint vc="1" uspid="67" ordinal="1" sl="67" sc="1" el="67" ec="2" bec="0" bev="0" fileid="2" />
                <SequencePoint vc="4" uspid="70" ordinal="2" sl="70" sc="1" el="70" ec="2" bec="0" bev="0" fileid="2" />
                <SequencePoint vc="4" uspid="71" ordinal="3" sl="71" sc="1" el="71" ec="2" bec="0" bev="0" fileid="2" />
                <SequencePoint vc="24" uspid="73" ordinal="4" sl="73" sc="1" el="73" ec="2" bec="2" bev="2" fileid="2" />
                <SequencePoint vc="34" uspid="75" ordinal="5" sl="75" sc="1" el="75" ec="2" bec="2" bev="2" fileid="2" />
                <SequencePoint vc="9" uspid="77" ordinal="6" sl="77" sc="1" el="77" ec="2" bec="2" bev="2" fileid="2" />
                <SequencePoint vc="9" uspid="82" ordinal="7" sl="82" sc="1" el="82" ec="2" bec="0" bev="0" fileid="2" />
                <SequencePoint vc="9" uspid="83" ordinal="8" sl="83" sc="1" el="83" ec="2" bec="0" bev="0" fileid="2" />
                <SequencePoint vc="9" uspid="85" ordinal="9" sl="85" sc="1" el="85" ec="2" bec="2" bev="2" fileid="2" />
                <SequencePoint vc="4" uspid="90" ordinal="10" sl="90" sc="1" el="90" ec="2" bec="2" bev="2" fileid="2" />
                <SequencePoint vc="2" uspid="92" ordinal="11" sl="92" sc="1" el="92" ec="2" bec="0" bev="0" fileid="2" />
                <SequencePoint vc="2" uspid="93" ordinal="12" sl="93" sc="1" el="93" ec="2" bec="0" bev="0" fileid="2" />
                <SequencePoint vc="2" uspid="96" ordinal="13" sl="96" sc="1" el="96" ec="2" bec="0" bev="0" fileid="2" />
                <SequencePoint vc="2" uspid="97" ordinal="14" sl="97" sc="1" el="97" ec="2" bec="0" bev="0" fileid="2" />
                <SequencePoint vc="7" uspid="100" ordinal="15" sl="100" sc="1" el="100" ec="2" bec="0" bev="0" fileid="2" />
                <SequencePoint vc="2" uspid="103" ordinal="16" sl="103" sc="1" el="103" ec="2" bec="2" bev="2" fileid="2" />
                <SequencePoint vc="1" uspid="105" ordinal="17" sl="105" sc="1" el="105" ec="2" bec="0" bev="0" fileid="2" />
                <SequencePoint vc="1" uspid="108" ordinal="18" sl="108" sc="1" el="108" ec="2" bec="0" bev="0" fileid="2" />
                <SequencePoint vc="1" uspid="109" ordinal="19" sl="109" sc="1" el="109" ec="2" bec="2" bev="1" fileid="2" />
                <SequencePoint vc="2" uspid="110" ordinal="20" sl="110" sc="1" el="110" ec="2" bec="0" bev="0" fileid="2" />
              </SequencePoints>
              <BranchPoints>
                <BranchPoint vc="1" uspid="65" ordinal="0" path="0" offset="8" offsetend="10" sl="65" fileid="2" />
                <BranchPoint vc="4" uspid="65" ordinal="1" path="1" offset="8" offsetend="16" sl="65" fileid="2" />
                <BranchPoint vc="9" uspid="73" ordinal="11" path="1" offset="290" offsetend="36" sl="73" fileid="2" />
                <BranchPoint vc="9" uspid="75" ordinal="9" path="1" offset="275" offsetend="60" sl="75" fileid="2" />
                <BranchPoint vc="9" uspid="77" ordinal="2" path="0" offset="79" offsetend="84" sl="77" fileid="2" />
                <BranchPoint vc="4" uspid="85" ordinal="4" path="0" offset="119" offsetend="124" sl="85" fileid="2" />
                <BranchPoint vc="2" uspid="90" ordinal="6" path="0" offset="130" offsetend="132" sl="90" fileid="2" />
                <BranchPoint vc="2" uspid="90" ordinal="7" path="1" offset="130" offsetend="167" sl="90" fileid="2" />
                <BranchPoint vc="7" uspid="77" ordinal="3" path="1" offset="79" offsetend="263" sl="77" fileid="2" />
                <BranchPoint vc="7" uspid="85" ordinal="5" path="1" offset="119" offsetend="263" sl="85" fileid="2" />
                <BranchPoint vc="7" uspid="75" ordinal="8" path="0" offset="275" offsetend="280" sl="75" fileid="2" />
                <BranchPoint vc="2" uspid="73" ordinal="10" path="0" offset="290" offsetend="295" sl="73" fileid="2" />
                <BranchPoint vc="1" uspid="103" ordinal="12" path="0" offset="323" offsetend="325" sl="103" fileid="2" />
                <BranchPoint vc="1" uspid="103" ordinal="13" path="1" offset="323" offsetend="331" sl="103" fileid="2" />
                <BranchPoint vc="0" uspid="109" ordinal="14" path="0" offset="385" offsetend="387" sl="109" fileid="2" />
                <BranchPoint vc="1" uspid="109" ordinal="15" path="1" offset="385" offsetend="393" sl="109" fileid="2" />
              </BranchPoints>
              <MethodPoint vc="21" uspid="0" p8:type="SequencePoint" ordinal="0" offset="0" sc="0" sl="65" ec="1" el="110" bec="0" bev="0" fileid="2" xmlns:p8="xsi" />
            </Method>
            <Method cyclomaticComplexity="2" nPathComplexity="2" sequenceCoverage="100" branchCoverage="50" isConstructor="False" isGetter="False" isSetter="False" isStatic="True">
              <Summary numSequencePoints="4" visitedSequencePoints="4" numBranchPoints="2" visitedBranchPoints="1" sequenceCoverage="100" branchCoverage="50" maxCyclomaticComplexity="2" minCyclomaticComplexity="2" visitedClasses="0" numClasses="0" visitedMethods="1" numMethods="1" />
              <MetadataToken />
              <Name>System.Collections.Generic.List`1&lt;System.String&gt; SGuard.DataAnnotations.SGuardCollectionItemsMatchAttribute::ReturnMemberNameList(System.String)</Name>
              <FileRef uid="2" />
              <SequencePoints>
                <SequencePoint vc="5" uspid="119" ordinal="0" sl="119" sc="1" el="119" ec="2" bec="2" bev="1" fileid="2" />
                <SequencePoint vc="5" uspid="120" ordinal="1" sl="120" sc="1" el="120" ec="2" bec="0" bev="0" fileid="2" />
                <SequencePoint vc="5" uspid="121" ordinal="2" sl="121" sc="1" el="121" ec="2" bec="0" bev="0" fileid="2" />
                <SequencePoint vc="5" uspid="122" ordinal="3" sl="122" sc="1" el="122" ec="2" bec="0" bev="0" fileid="2" />
              </SequencePoints>
              <BranchPoints>
                <BranchPoint vc="0" uspid="119" ordinal="0" path="0" offset="8" offsetend="10" sl="119" fileid="2" />
                <BranchPoint vc="5" uspid="119" ordinal="1" path="1" offset="8" offsetend="16" sl="119" fileid="2" />
              </BranchPoints>
              <MethodPoint vc="4" uspid="0" p8:type="SequencePoint" ordinal="1" offset="1" sc="0" sl="119" ec="1" el="122" bec="0" bev="0" fileid="2" xmlns:p8="xsi" />
            </Method>
            <Method cyclomaticComplexity="2" nPathComplexity="2" sequenceCoverage="100" branchCoverage="50" isConstructor="True" isGetter="False" isSetter="False" isStatic="True">
              <Summary numSequencePoints="4" visitedSequencePoints="4" numBranchPoints="2" visitedBranchPoints="1" sequenceCoverage="100" branchCoverage="50" maxCyclomaticComplexity="2" minCyclomaticComplexity="2" visitedClasses="0" numClasses="0" visitedMethods="1" numMethods="1" />
              <MetadataToken />
              <Name>System.Void SGuard.DataAnnotations.SGuardCollectionItemsMatchAttribute::.ctor(System.Type,System.Type,System.String)</Name>
              <FileRef uid="2" />
              <SequencePoints>
                <SequencePoint vc="8" uspid="32" ordinal="0" sl="32" sc="1" el="32" ec="2" bec="0" bev="0" fileid="2" />
                <SequencePoint vc="8" uspid="33" ordinal="1" sl="33" sc="1" el="33" ec="2" bec="0" bev="0" fileid="2" />
                <SequencePoint vc="8" uspid="35" ordinal="2" sl="35" sc="1" el="35" ec="2" bec="2" bev="1" fileid="2" />
                <SequencePoint vc="8" uspid="36" ordinal="3" sl="36" sc="1" el="36" ec="2" bec="0" bev="0" fileid="2" />
              </SequencePoints>
              <BranchPoints>
                <BranchPoint vc="0" uspid="35" ordinal="0" path="0" offset="19" offsetend="21" sl="35" fileid="2" />
                <BranchPoint vc="8" uspid="35" ordinal="1" path="1" offset="19" offsetend="33" sl="35" fileid="2" />
              </BranchPoints>
              <MethodPoint vc="4" uspid="0" p8:type="SequencePoint" ordinal="2" offset="2" sc="0" sl="32" ec="1" el="36" bec="0" bev="0" fileid="2" xmlns:p8="xsi" />
            </Method>
            <Method cyclomaticComplexity="2" nPathComplexity="2" sequenceCoverage="0" branchCoverage="0" isConstructor="True" isGetter="False" isSetter="False" isStatic="True">
              <Summary numSequencePoints="4" visitedSequencePoints="0" numBranchPoints="2" visitedBranchPoints="0" sequenceCoverage="0" branchCoverage="0" maxCyclomaticComplexity="2" minCyclomaticComplexity="2" visitedClasses="0" numClasses="0" visitedMethods="0" numMethods="1" />
              <MetadataToken />
              <Name>System.Void SGuard.DataAnnotations.SGuardCollectionItemsMatchAttribute::.ctor(System.Type[],System.Type,System.String)</Name>
              <FileRef uid="2" />
              <SequencePoints>
                <SequencePoint vc="0" uspid="48" ordinal="0" sl="48" sc="1" el="48" ec="2" bec="0" bev="0" fileid="2" />
                <SequencePoint vc="0" uspid="49" ordinal="1" sl="49" sc="1" el="49" ec="2" bec="0" bev="0" fileid="2" />
                <SequencePoint vc="0" uspid="51" ordinal="2" sl="51" sc="1" el="51" ec="2" bec="2" bev="0" fileid="2" />
                <SequencePoint vc="0" uspid="52" ordinal="3" sl="52" sc="1" el="52" ec="2" bec="0" bev="0" fileid="2" />
              </SequencePoints>
              <BranchPoints>
                <BranchPoint vc="0" uspid="51" ordinal="0" path="0" offset="11" offsetend="13" sl="51" fileid="2" />
                <BranchPoint vc="0" uspid="51" ordinal="1" path="1" offset="11" offsetend="25" sl="51" fileid="2" />
              </BranchPoints>
              <MethodPoint vc="0" uspid="0" p8:type="SequencePoint" ordinal="3" offset="3" sc="0" sl="48" ec="1" el="52" bec="0" bev="0" fileid="2" xmlns:p8="xsi" />
            </Method>
          </Methods>
        </Class>
        <Class>
          <Summary numSequencePoints="4" visitedSequencePoints="4" numBranchPoints="4" visitedBranchPoints="4" sequenceCoverage="100" branchCoverage="100" maxCyclomaticComplexity="4" minCyclomaticComplexity="4" visitedClasses="1" numClasses="1" visitedMethods="1" numMethods="1" />
          <FullName>SGuard.DataAnnotations.SGuardCompareAttribute</FullName>
          <Methods>
            <Method cyclomaticComplexity="4" nPathComplexity="4" sequenceCoverage="100" branchCoverage="100" isConstructor="True" isGetter="False" isSetter="False" isStatic="True">
              <Summary numSequencePoints="4" visitedSequencePoints="4" numBranchPoints="4" visitedBranchPoints="4" sequenceCoverage="100" branchCoverage="100" maxCyclomaticComplexity="4" minCyclomaticComplexity="4" visitedClasses="0" numClasses="0" visitedMethods="1" numMethods="1" />
              <MetadataToken />
              <Name>System.Void SGuard.DataAnnotations.SGuardCompareAttribute::.ctor(System.String,System.Type,System.String)</Name>
              <FileRef uid="3" />
              <SequencePoints>
                <SequencePoint vc="40" uspid="20" ordinal="0" sl="20" sc="1" el="20" ec="2" bec="0" bev="0" fileid="3" />
                <SequencePoint vc="39" uspid="22" ordinal="1" sl="22" sc="1" el="22" ec="2" bec="2" bev="2" fileid="3" />
                <SequencePoint vc="38" uspid="23" ordinal="2" sl="23" sc="1" el="23" ec="2" bec="2" bev="2" fileid="3" />
                <SequencePoint vc="37" uspid="24" ordinal="3" sl="24" sc="1" el="24" ec="2" bec="0" bev="0" fileid="3" />
              </SequencePoints>
              <BranchPoints>
                <BranchPoint vc="1" uspid="22" ordinal="0" path="0" offset="10" offsetend="12" sl="22" fileid="3" />
                <BranchPoint vc="38" uspid="22" ordinal="1" path="1" offset="10" offsetend="24" sl="22" fileid="3" />
                <BranchPoint vc="1" uspid="23" ordinal="2" path="0" offset="32" offsetend="34" sl="23" fileid="3" />
                <BranchPoint vc="37" uspid="23" ordinal="3" path="1" offset="32" offsetend="46" sl="23" fileid="3" />
              </BranchPoints>
              <MethodPoint vc="4" uspid="0" p8:type="SequencePoint" ordinal="0" offset="0" sc="0" sl="20" ec="1" el="24" bec="0" bev="0" fileid="3" xmlns:p8="xsi" />
            </Method>
          </Methods>
        </Class>
        <Class>
          <Summary numSequencePoints="39" visitedSequencePoints="26" numBranchPoints="31" visitedBranchPoints="16" sequenceCoverage="66.66" branchCoverage="51.61" maxCyclomaticComplexity="29" minCyclomaticComplexity="2" visitedClasses="1" numClasses="1" visitedMethods="2" numMethods="2" />
          <FullName>SGuard.DataAnnotations.CompareToAttribute</FullName>
          <Methods>
            <Method cyclomaticComplexity="29" nPathComplexity="29" sequenceCoverage="61.76" branchCoverage="51.72" isConstructor="False" isGetter="False" isSetter="False" isStatic="True">
              <Summary numSequencePoints="34" visitedSequencePoints="21" numBranchPoints="29" visitedBranchPoints="15" sequenceCoverage="61.76" branchCoverage="51.72" maxCyclomaticComplexity="29" minCyclomaticComplexity="29" visitedClasses="0" numClasses="0" visitedMethods="1" numMethods="1" />
              <MetadataToken />
              <Name>System.ComponentModel.DataAnnotations.ValidationResult SGuard.DataAnnotations.CompareToAttribute::IsValid(System.Object,System.ComponentModel.DataAnnotations.ValidationContext)</Name>
              <FileRef uid="4" />
              <SequencePoints>
                <SequencePoint vc="22" uspid="51" ordinal="0" sl="51" sc="1" el="51" ec="2" bec="0" bev="0" fileid="4" />
                <SequencePoint vc="22" uspid="52" ordinal="1" sl="52" sc="1" el="52" ec="2" bec="0" bev="0" fileid="4" />
                <SequencePoint vc="22" uspid="54" ordinal="2" sl="54" sc="1" el="54" ec="2" bec="2" bev="2" fileid="4" />
                <SequencePoint vc="2" uspid="56" ordinal="3" sl="56" sc="1" el="56" ec="2" bec="0" bev="0" fileid="4" />
                <SequencePoint vc="20" uspid="59" ordinal="4" sl="59" sc="1" el="59" ec="2" bec="0" bev="0" fileid="4" />
                <SequencePoint vc="20" uspid="61" ordinal="5" sl="61" sc="1" el="61" ec="2" bec="4" bev="4" fileid="4" />
                <SequencePoint vc="4" uspid="63" ordinal="6" sl="63" sc="1" el="63" ec="2" bec="4" bev="2" fileid="4" />
                <SequencePoint vc="4" uspid="64" ordinal="7" sl="64" sc="1" el="64" ec="2" bec="0" bev="0" fileid="4" />
                <SequencePoint vc="0" uspid="65" ordinal="8" sl="65" sc="1" el="65" ec="2" bec="2" bev="0" fileid="4" />
                <SequencePoint vc="0" uspid="66" ordinal="9" sl="66" sc="1" el="66" ec="2" bec="0" bev="0" fileid="4" />
                <SequencePoint vc="0" uspid="67" ordinal="10" sl="67" sc="1" el="67" ec="2" bec="0" bev="0" fileid="4" />
                <SequencePoint vc="0" uspid="68" ordinal="11" sl="68" sc="1" el="68" ec="2" bec="2" bev="0" fileid="4" />
                <SequencePoint vc="0" uspid="69" ordinal="12" sl="69" sc="1" el="69" ec="2" bec="0" bev="0" fileid="4" />
                <SequencePoint vc="0" uspid="70" ordinal="13" sl="70" sc="1" el="70" ec="2" bec="0" bev="0" fileid="4" />
                <SequencePoint vc="4" uspid="71" ordinal="14" sl="71" sc="1" el="71" ec="2" bec="0" bev="0" fileid="4" />
                <SequencePoint vc="4" uspid="72" ordinal="15" sl="72" sc="1" el="72" ec="2" bec="0" bev="0" fileid="4" />
                <SequencePoint vc="16" uspid="75" ordinal="16" sl="75" sc="1" el="75" ec="2" bec="0" bev="0" fileid="4" />
                <SequencePoint vc="16" uspid="76" ordinal="17" sl="76" sc="1" el="76" ec="2" bec="0" bev="0" fileid="4" />
                <SequencePoint vc="16" uspid="78" ordinal="18" sl="78" sc="1" el="78" ec="2" bec="4" bev="2" fileid="4" />
                <SequencePoint vc="0" uspid="80" ordinal="19" sl="80" sc="1" el="80" ec="2" bec="0" bev="0" fileid="4" />
                <SequencePoint vc="16" uspid="83" ordinal="20" sl="83" sc="1" el="83" ec="2" bec="2" bev="1" fileid="4" />
                <SequencePoint vc="0" uspid="85" ordinal="21" sl="85" sc="1" el="85" ec="2" bec="0" bev="0" fileid="4" />
                <SequencePoint vc="16" uspid="88" ordinal="22" sl="88" sc="1" el="88" ec="2" bec="0" bev="0" fileid="4" />
                <SequencePoint vc="16" uspid="90" ordinal="23" sl="90" sc="1" el="90" ec="2" bec="7" bev="2" fileid="4" />
                <SequencePoint vc="16" uspid="91" ordinal="24" sl="91" sc="1" el="91" ec="2" bec="0" bev="0" fileid="4" />
                <SequencePoint vc="0" uspid="92" ordinal="25" sl="92" sc="1" el="92" ec="2" bec="0" bev="0" fileid="4" />
                <SequencePoint vc="0" uspid="93" ordinal="26" sl="93" sc="1" el="93" ec="2" bec="0" bev="0" fileid="4" />
                <SequencePoint vc="8" uspid="94" ordinal="27" sl="94" sc="1" el="94" ec="2" bec="0" bev="0" fileid="4" />
                <SequencePoint vc="0" uspid="95" ordinal="28" sl="95" sc="1" el="95" ec="2" bec="0" bev="0" fileid="4" />
                <SequencePoint vc="8" uspid="96" ordinal="29" sl="96" sc="1" el="96" ec="2" bec="0" bev="0" fileid="4" />
                <SequencePoint vc="0" uspid="97" ordinal="30" sl="97" sc="1" el="97" ec="2" bec="0" bev="0" fileid="4" />
                <SequencePoint vc="0" uspid="98" ordinal="31" sl="98" sc="1" el="98" ec="2" bec="0" bev="0" fileid="4" />
                <SequencePoint vc="16" uspid="99" ordinal="32" sl="99" sc="1" el="99" ec="2" bec="0" bev="0" fileid="4" />
                <SequencePoint vc="16" uspid="101" ordinal="33" sl="101" sc="1" el="101" ec="2" bec="2" bev="2" fileid="4" />
              </SequencePoints>
              <BranchPoints>
                <BranchPoint vc="2" uspid="54" ordinal="0" path="0" offset="27" offsetend="29" sl="54" fileid="4" />
                <BranchPoint vc="20" uspid="54" ordinal="1" path="1" offset="27" offsetend="51" sl="54" fileid="4" />
                <BranchPoint vc="18" uspid="61" ordinal="2" path="0" offset="66" offsetend="68" sl="61" fileid="4" />
                <BranchPoint vc="4" uspid="61" ordinal="3" path="1" offset="66" offsetend="71" sl="61" fileid="4" />
                <BranchPoint vc="4" uspid="61" ordinal="4" path="0" offset="69" offsetend="71" sl="61" fileid="4" />
                <BranchPoint vc="4" uspid="63" ordinal="6" path="0" offset="81" offsetend="83" sl="63" fileid="4" />
                <BranchPoint vc="0" uspid="63" ordinal="7" path="1" offset="81" offsetend="90" sl="63" fileid="4" />
                <BranchPoint vc="0" uspid="65" ordinal="10" path="0" offset="97" offsetend="99" sl="65" fileid="4" />
                <BranchPoint vc="0" uspid="65" ordinal="11" path="1" offset="97" offsetend="118" sl="65" fileid="4" />
                <BranchPoint vc="0" uspid="63" ordinal="9" path="1" offset="86" offsetend="127" sl="63" fileid="4" />
                <BranchPoint vc="0" uspid="68" ordinal="12" path="0" offset="134" offsetend="136" sl="68" fileid="4" />
                <BranchPoint vc="0" uspid="68" ordinal="13" path="1" offset="134" offsetend="155" sl="68" fileid="4" />
                <BranchPoint vc="4" uspid="63" ordinal="8" path="0" offset="86" offsetend="164" sl="63" fileid="4" />
                <BranchPoint vc="16" uspid="61" ordinal="5" path="1" offset="69" offsetend="186" sl="61" fileid="4" />
                <BranchPoint vc="0" uspid="78" ordinal="14" path="0" offset="207" offsetend="212" sl="78" fileid="4" />
                <BranchPoint vc="0" uspid="78" ordinal="16" path="0" offset="219" offsetend="224" sl="78" fileid="4" />
                <BranchPoint vc="16" uspid="78" ordinal="15" path="1" offset="207" offsetend="359" sl="78" fileid="4" />
                <BranchPoint vc="16" uspid="78" ordinal="17" path="1" offset="219" offsetend="359" sl="78" fileid="4" />
                <BranchPoint vc="0" uspid="83" ordinal="18" path="0" offset="369" offsetend="371" sl="83" fileid="4" />
                <BranchPoint vc="16" uspid="83" ordinal="19" path="1" offset="369" offsetend="404" sl="83" fileid="4" />
                <BranchPoint vc="0" uspid="90" ordinal="21" path="1" offset="424" offsetend="455" sl="90" fileid="4" />
                <BranchPoint vc="0" uspid="90" ordinal="22" path="2" offset="424" offsetend="464" sl="90" fileid="4" />
                <BranchPoint vc="8" uspid="90" ordinal="23" path="3" offset="424" offsetend="473" sl="90" fileid="4" />
                <BranchPoint vc="0" uspid="90" ordinal="24" path="4" offset="424" offsetend="482" sl="90" fileid="4" />
                <BranchPoint vc="8" uspid="90" ordinal="25" path="5" offset="424" offsetend="494" sl="90" fileid="4" />
                <BranchPoint vc="0" uspid="90" ordinal="26" path="6" offset="424" offsetend="503" sl="90" fileid="4" />
                <BranchPoint vc="0" uspid="90" ordinal="20" path="0" offset="424" offsetend="515" sl="90" fileid="4" />
                <BranchPoint vc="10" uspid="101" ordinal="27" path="0" offset="540" offsetend="542" sl="101" fileid="4" />
                <BranchPoint vc="6" uspid="101" ordinal="28" path="1" offset="540" offsetend="560" sl="101" fileid="4" />
              </BranchPoints>
              <MethodPoint vc="21" uspid="0" p8:type="SequencePoint" ordinal="0" offset="0" sc="0" sl="51" ec="1" el="101" bec="0" bev="0" fileid="4" xmlns:p8="xsi" />
            </Method>
            <Method cyclomaticComplexity="2" nPathComplexity="2" sequenceCoverage="100" branchCoverage="50" isConstructor="True" isGetter="False" isSetter="False" isStatic="True">
              <Summary numSequencePoints="5" visitedSequencePoints="5" numBranchPoints="2" visitedBranchPoints="1" sequenceCoverage="100" branchCoverage="50" maxCyclomaticComplexity="2" minCyclomaticComplexity="2" visitedClasses="0" numClasses="0" visitedMethods="1" numMethods="1" />
              <MetadataToken />
              <Name>System.Void SGuard.DataAnnotations.CompareToAttribute::.ctor(System.String,SGuard.DataAnnotations.ComparisonType,System.Type,System.String)</Name>
              <FileRef uid="4" />
              <SequencePoints>
                <SequencePoint vc="22" uspid="33" ordinal="0" sl="33" sc="1" el="33" ec="2" bec="0" bev="0" fileid="4" />
                <SequencePoint vc="22" uspid="34" ordinal="1" sl="34" sc="1" el="34" ec="2" bec="0" bev="0" fileid="4" />
                <SequencePoint vc="22" uspid="36" ordinal="2" sl="36" sc="1" el="36" ec="2" bec="2" bev="1" fileid="4" />
                <SequencePoint vc="22" uspid="37" ordinal="3" sl="37" sc="1" el="37" ec="2" bec="0" bev="0" fileid="4" />
                <SequencePoint vc="22" uspid="38" ordinal="4" sl="38" sc="1" el="38" ec="2" bec="0" bev="0" fileid="4" />
              </SequencePoints>
              <BranchPoints>
                <BranchPoint vc="0" uspid="36" ordinal="0" path="0" offset="12" offsetend="14" sl="36" fileid="4" />
                <BranchPoint vc="22" uspid="36" ordinal="1" path="1" offset="12" offsetend="26" sl="36" fileid="4" />
              </BranchPoints>
              <MethodPoint vc="5" uspid="0" p8:type="SequencePoint" ordinal="1" offset="1" sc="0" sl="33" ec="1" el="38" bec="0" bev="0" fileid="4" xmlns:p8="xsi" />
            </Method>
          </Methods>
        </Class>
        <Class>
          <Summary numSequencePoints="7" visitedSequencePoints="7" numBranchPoints="2" visitedBranchPoints="2" sequenceCoverage="100" branchCoverage="100" maxCyclomaticComplexity="2" minCyclomaticComplexity="1" visitedClasses="1" numClasses="1" visitedMethods="2" numMethods="2" />
          <FullName>SGuard.DataAnnotations.SGuardCreditCardAttribute</FullName>
          <Methods>
            <Method cyclomaticComplexity="2" nPathComplexity="2" sequenceCoverage="100" branchCoverage="100" isConstructor="False" isGetter="False" isSetter="False" isStatic="True">
              <Summary numSequencePoints="6" visitedSequencePoints="6" numBranchPoints="2" visitedBranchPoints="2" sequenceCoverage="100" branchCoverage="100" maxCyclomaticComplexity="2" minCyclomaticComplexity="2" visitedClasses="0" numClasses="0" visitedMethods="1" numMethods="1" />
              <MetadataToken />
              <Name>System.ComponentModel.DataAnnotations.ValidationResult SGuard.DataAnnotations.SGuardCreditCardAttribute::IsValid(System.Object,System.ComponentModel.DataAnnotations.ValidationContext)</Name>
              <FileRef uid="5" />
              <SequencePoints>
                <SequencePoint vc="59" uspid="30" ordinal="0" sl="30" sc="1" el="30" ec="2" bec="0" bev="0" fileid="5" />
                <SequencePoint vc="59" uspid="31" ordinal="1" sl="31" sc="1" el="31" ec="2" bec="0" bev="0" fileid="5" />
                <SequencePoint vc="59" uspid="32" ordinal="2" sl="32" sc="1" el="32" ec="2" bec="0" bev="0" fileid="5" />
                <SequencePoint vc="59" uspid="33" ordinal="3" sl="33" sc="1" el="33" ec="2" bec="0" bev="0" fileid="5" />
                <SequencePoint vc="59" uspid="34" ordinal="4" sl="34" sc="1" el="34" ec="2" bec="0" bev="0" fileid="5" />
                <SequencePoint vc="59" uspid="36" ordinal="5" sl="36" sc="1" el="36" ec="2" bec="2" bev="2" fileid="5" />
              </SequencePoints>
              <BranchPoints>
                <BranchPoint vc="28" uspid="36" ordinal="0" path="0" offset="35" offsetend="37" sl="36" fileid="5" />
                <BranchPoint vc="31" uspid="36" ordinal="1" path="1" offset="35" offsetend="55" sl="36" fileid="5" />
              </BranchPoints>
              <MethodPoint vc="6" uspid="0" p8:type="SequencePoint" ordinal="0" offset="0" sc="0" sl="30" ec="1" el="36" bec="0" bev="0" fileid="5" xmlns:p8="xsi" />
            </Method>
            <Method cyclomaticComplexity="1" nPathComplexity="1" sequenceCoverage="100" branchCoverage="100" isConstructor="True" isGetter="False" isSetter="False" isStatic="True">
              <Summary numSequencePoints="1" visitedSequencePoints="1" numBranchPoints="0" visitedBranchPoints="0" sequenceCoverage="100" branchCoverage="100" maxCyclomaticComplexity="1" minCyclomaticComplexity="1" visitedClasses="0" numClasses="0" visitedMethods="1" numMethods="1" />
              <MetadataToken />
              <Name>System.Void SGuard.DataAnnotations.SGuardCreditCardAttribute::.ctor(System.Type,System.String)</Name>
              <FileRef uid="5" />
              <SequencePoints>
                <SequencePoint vc="122" uspid="17" ordinal="0" sl="17" sc="1" el="17" ec="2" bec="0" bev="0" fileid="5" />
              </SequencePoints>
              <BranchPoints />
              <MethodPoint vc="1" uspid="0" p8:type="SequencePoint" ordinal="1" offset="1" sc="0" sl="17" ec="1" el="17" bec="0" bev="0" fileid="5" xmlns:p8="xsi" />
            </Method>
          </Methods>
        </Class>
        <Class>
          <Summary numSequencePoints="7" visitedSequencePoints="7" numBranchPoints="2" visitedBranchPoints="2" sequenceCoverage="100" branchCoverage="100" maxCyclomaticComplexity="2" minCyclomaticComplexity="1" visitedClasses="1" numClasses="1" visitedMethods="2" numMethods="2" />
          <FullName>SGuard.DataAnnotations.SGuardEmailAddressAttribute</FullName>
          <Methods>
            <Method cyclomaticComplexity="2" nPathComplexity="2" sequenceCoverage="100" branchCoverage="100" isConstructor="False" isGetter="False" isSetter="False" isStatic="True">
              <Summary numSequencePoints="6" visitedSequencePoints="6" numBranchPoints="2" visitedBranchPoints="2" sequenceCoverage="100" branchCoverage="100" maxCyclomaticComplexity="2" minCyclomaticComplexity="2" visitedClasses="0" numClasses="0" visitedMethods="1" numMethods="1" />
              <MetadataToken />
              <Name>System.ComponentModel.DataAnnotations.ValidationResult SGuard.DataAnnotations.SGuardEmailAddressAttribute::IsValid(System.Object,System.ComponentModel.DataAnnotations.ValidationContext)</Name>
              <FileRef uid="6" />
              <SequencePoints>
                <SequencePoint vc="70" uspid="32" ordinal="0" sl="32" sc="1" el="32" ec="2" bec="0" bev="0" fileid="6" />
                <SequencePoint vc="70" uspid="33" ordinal="1" sl="33" sc="1" el="33" ec="2" bec="0" bev="0" fileid="6" />
                <SequencePoint vc="70" uspid="34" ordinal="2" sl="34" sc="1" el="34" ec="2" bec="0" bev="0" fileid="6" />
                <SequencePoint vc="70" uspid="35" ordinal="3" sl="35" sc="1" el="35" ec="2" bec="0" bev="0" fileid="6" />
                <SequencePoint vc="70" uspid="36" ordinal="4" sl="36" sc="1" el="36" ec="2" bec="0" bev="0" fileid="6" />
                <SequencePoint vc="70" uspid="38" ordinal="5" sl="38" sc="1" el="38" ec="2" bec="2" bev="2" fileid="6" />
              </SequencePoints>
              <BranchPoints>
                <BranchPoint vc="23" uspid="38" ordinal="0" path="0" offset="35" offsetend="37" sl="38" fileid="6" />
                <BranchPoint vc="47" uspid="38" ordinal="1" path="1" offset="35" offsetend="55" sl="38" fileid="6" />
              </BranchPoints>
              <MethodPoint vc="6" uspid="0" p8:type="SequencePoint" ordinal="0" offset="0" sc="0" sl="32" ec="1" el="38" bec="0" bev="0" fileid="6" xmlns:p8="xsi" />
            </Method>
            <Method cyclomaticComplexity="1" nPathComplexity="1" sequenceCoverage="100" branchCoverage="100" isConstructor="True" isGetter="False" isSetter="False" isStatic="True">
              <Summary numSequencePoints="1" visitedSequencePoints="1" numBranchPoints="0" visitedBranchPoints="0" sequenceCoverage="100" branchCoverage="100" maxCyclomaticComplexity="1" minCyclomaticComplexity="1" visitedClasses="0" numClasses="0" visitedMethods="1" numMethods="1" />
              <MetadataToken />
              <Name>System.Void SGuard.DataAnnotations.SGuardEmailAddressAttribute::.ctor(System.Type,System.String)</Name>
              <FileRef uid="6" />
              <SequencePoints>
                <SequencePoint vc="144" uspid="19" ordinal="0" sl="19" sc="1" el="19" ec="2" bec="0" bev="0" fileid="6" />
              </SequencePoints>
              <BranchPoints />
              <MethodPoint vc="1" uspid="0" p8:type="SequencePoint" ordinal="1" offset="1" sc="0" sl="19" ec="1" el="19" bec="0" bev="0" fileid="6" xmlns:p8="xsi" />
            </Method>
          </Methods>
        </Class>
        <Class>
          <Summary numSequencePoints="2" visitedSequencePoints="2" numBranchPoints="0" visitedBranchPoints="0" sequenceCoverage="100" branchCoverage="100" maxCyclomaticComplexity="1" minCyclomaticComplexity="1" visitedClasses="1" numClasses="1" visitedMethods="1" numMethods="1" />
          <FullName>SGuard.DataAnnotations.SGuardGreaterThanAttribute</FullName>
          <Methods>
            <Method cyclomaticComplexity="1" nPathComplexity="1" sequenceCoverage="100" branchCoverage="100" isConstructor="True" isGetter="False" isSetter="False" isStatic="True">
              <Summary numSequencePoints="2" visitedSequencePoints="2" numBranchPoints="0" visitedBranchPoints="0" sequenceCoverage="100" branchCoverage="100" maxCyclomaticComplexity="1" minCyclomaticComplexity="1" visitedClasses="0" numClasses="0" visitedMethods="1" numMethods="1" />
              <MetadataToken />
              <Name>System.Void SGuard.DataAnnotations.SGuardGreaterThanAttribute::.ctor(System.String,System.Type,System.String)</Name>
              <FileRef uid="7" />
              <SequencePoints>
                <SequencePoint vc="11" uspid="17" ordinal="0" sl="17" sc="1" el="17" ec="2" bec="0" bev="0" fileid="7" />
                <SequencePoint vc="22" uspid="18" ordinal="1" sl="18" sc="1" el="18" ec="2" bec="0" bev="0" fileid="7" />
              </SequencePoints>
              <BranchPoints />
              <MethodPoint vc="2" uspid="0" p8:type="SequencePoint" ordinal="0" offset="0" sc="0" sl="17" ec="1" el="18" bec="0" bev="0" fileid="7" xmlns:p8="xsi" />
            </Method>
          </Methods>
        </Class>
        <Class>
          <Summary numSequencePoints="2" visitedSequencePoints="2" numBranchPoints="0" visitedBranchPoints="0" sequenceCoverage="100" branchCoverage="100" maxCyclomaticComplexity="1" minCyclomaticComplexity="1" visitedClasses="1" numClasses="1" visitedMethods="1" numMethods="1" />
          <FullName>SGuard.DataAnnotations.SGuardLessThanAttribute</FullName>
          <Methods>
            <Method cyclomaticComplexity="1" nPathComplexity="1" sequenceCoverage="100" branchCoverage="100" isConstructor="True" isGetter="False" isSetter="False" isStatic="True">
              <Summary numSequencePoints="2" visitedSequencePoints="2" numBranchPoints="0" visitedBranchPoints="0" sequenceCoverage="100" branchCoverage="100" maxCyclomaticComplexity="1" minCyclomaticComplexity="1" visitedClasses="0" numClasses="0" visitedMethods="1" numMethods="1" />
              <MetadataToken />
              <Name>System.Void SGuard.DataAnnotations.SGuardLessThanAttribute::.ctor(System.String,System.Type,System.String)</Name>
              <FileRef uid="8" />
              <SequencePoints>
                <SequencePoint vc="11" uspid="15" ordinal="0" sl="15" sc="1" el="15" ec="2" bec="0" bev="0" fileid="8" />
                <SequencePoint vc="22" uspid="16" ordinal="1" sl="16" sc="1" el="16" ec="2" bec="0" bev="0" fileid="8" />
              </SequencePoints>
              <BranchPoints />
              <MethodPoint vc="2" uspid="0" p8:type="SequencePoint" ordinal="0" offset="0" sc="0" sl="15" ec="1" el="16" bec="0" bev="0" fileid="8" xmlns:p8="xsi" />
            </Method>
          </Methods>
        </Class>
        <Class>
          <Summary numSequencePoints="20" visitedSequencePoints="18" numBranchPoints="18" visitedBranchPoints="16" sequenceCoverage="90" branchCoverage="88.88" maxCyclomaticComplexity="16" minCyclomaticComplexity="2" visitedClasses="1" numClasses="1" visitedMethods="2" numMethods="2" />
          <FullName>SGuard.DataAnnotations.SGuardMaxCountAttribute</FullName>
          <Methods>
            <Method cyclomaticComplexity="16" nPathComplexity="16" sequenceCoverage="86.66" branchCoverage="87.5" isConstructor="False" isGetter="False" isSetter="False" isStatic="True">
              <Summary numSequencePoints="15" visitedSequencePoints="13" numBranchPoints="16" visitedBranchPoints="14" sequenceCoverage="86.66" branchCoverage="87.5" maxCyclomaticComplexity="16" minCyclomaticComplexity="16" visitedClasses="0" numClasses="0" visitedMethods="1" numMethods="1" />
              <MetadataToken />
              <Name>System.ComponentModel.DataAnnotations.ValidationResult SGuard.DataAnnotations.SGuardMaxCountAttribute::IsValid(System.Object,System.ComponentModel.DataAnnotations.ValidationContext)</Name>
              <FileRef uid="9" />
              <SequencePoints>
                <SequencePoint vc="13" uspid="46" ordinal="0" sl="46" sc="1" el="46" ec="2" bec="2" bev="2" fileid="9" />
                <SequencePoint vc="1" uspid="48" ordinal="1" sl="48" sc="1" el="48" ec="2" bec="0" bev="0" fileid="9" />
                <SequencePoint vc="12" uspid="51" ordinal="2" sl="51" sc="1" el="51" ec="2" bec="0" bev="0" fileid="9" />
                <SequencePoint vc="12" uspid="54" ordinal="3" sl="54" sc="1" el="54" ec="2" bec="2" bev="2" fileid="9" />
                <SequencePoint vc="5" uspid="56" ordinal="4" sl="56" sc="1" el="56" ec="2" bec="0" bev="0" fileid="9" />
                <SequencePoint vc="5" uspid="57" ordinal="5" sl="57" sc="1" el="57" ec="2" bec="6" bev="5" fileid="9" />
                <SequencePoint vc="6" uspid="64" ordinal="6" sl="64" sc="1" el="64" ec="2" bec="2" bev="2" fileid="9" />
                <SequencePoint vc="1" uspid="68" ordinal="7" sl="68" sc="1" el="68" ec="2" bec="0" bev="0" fileid="9" />
                <SequencePoint vc="5" uspid="70" ordinal="8" sl="70" sc="1" el="70" ec="2" bec="2" bev="1" fileid="9" />
                <SequencePoint vc="2" uspid="72" ordinal="9" sl="72" sc="1" el="72" ec="2" bec="0" bev="0" fileid="9" />
                <SequencePoint vc="2" uspid="74" ordinal="10" sl="74" sc="1" el="74" ec="2" bec="2" bev="2" fileid="9" />
                <SequencePoint vc="1" uspid="76" ordinal="11" sl="76" sc="1" el="76" ec="2" bec="0" bev="0" fileid="9" />
                <SequencePoint vc="0" uspid="80" ordinal="12" sl="80" sc="1" el="80" ec="2" bec="0" bev="0" fileid="9" />
                <SequencePoint vc="0" uspid="84" ordinal="13" sl="84" sc="1" el="84" ec="2" bec="0" bev="0" fileid="9" />
                <SequencePoint vc="1" uspid="86" ordinal="14" sl="86" sc="1" el="86" ec="2" bec="0" bev="0" fileid="9" />
              </SequencePoints>
              <BranchPoints>
                <BranchPoint vc="1" uspid="46" ordinal="0" path="0" offset="1" offsetend="3" sl="46" fileid="9" />
                <BranchPoint vc="12" uspid="46" ordinal="1" path="1" offset="1" offsetend="9" sl="46" fileid="9" />
                <BranchPoint vc="5" uspid="54" ordinal="2" path="0" offset="20" offsetend="22" sl="54" fileid="9" />
                <BranchPoint vc="3" uspid="57" ordinal="4" path="0" offset="39" offsetend="41" sl="57" fileid="9" />
                <BranchPoint vc="2" uspid="57" ordinal="5" path="1" offset="39" offsetend="59" sl="57" fileid="9" />
                <BranchPoint vc="7" uspid="54" ordinal="3" path="1" offset="20" offsetend="65" sl="54" fileid="9" />
                <BranchPoint vc="1" uspid="57" ordinal="6" path="0" offset="73" offsetend="75" sl="57" fileid="9" />
                <BranchPoint vc="6" uspid="57" ordinal="7" path="1" offset="73" offsetend="87" sl="57" fileid="9" />
                <BranchPoint vc="3" uspid="64" ordinal="10" path="0" offset="99" offsetend="101" sl="64" fileid="9" />
                <BranchPoint vc="3" uspid="64" ordinal="11" path="1" offset="99" offsetend="119" sl="64" fileid="9" />
                <BranchPoint vc="1" uspid="57" ordinal="9" path="1" offset="83" offsetend="125" sl="57" fileid="9" />
                <BranchPoint vc="2" uspid="70" ordinal="15" path="1" offset="183" offsetend="136" sl="70" fileid="9" />
                <BranchPoint vc="1" uspid="74" ordinal="12" path="0" offset="154" offsetend="156" sl="74" fileid="9" />
                <BranchPoint vc="2" uspid="74" ordinal="13" path="1" offset="154" offsetend="177" sl="74" fileid="9" />
                <BranchPoint vc="0" uspid="70" ordinal="14" path="0" offset="183" offsetend="185" sl="70" fileid="9" />
                <BranchPoint vc="0" uspid="57" ordinal="8" path="0" offset="83" offsetend="213" sl="57" fileid="9" />
              </BranchPoints>
              <MethodPoint vc="13" uspid="0" p8:type="SequencePoint" ordinal="0" offset="0" sc="0" sl="46" ec="1" el="86" bec="0" bev="0" fileid="9" xmlns:p8="xsi" />
            </Method>
            <Method cyclomaticComplexity="2" nPathComplexity="2" sequenceCoverage="100" branchCoverage="100" isConstructor="True" isGetter="False" isSetter="False" isStatic="True">
              <Summary numSequencePoints="5" visitedSequencePoints="5" numBranchPoints="2" visitedBranchPoints="2" sequenceCoverage="100" branchCoverage="100" maxCyclomaticComplexity="2" minCyclomaticComplexity="2" visitedClasses="0" numClasses="0" visitedMethods="1" numMethods="1" />
              <MetadataToken />
              <Name>System.Void SGuard.DataAnnotations.SGuardMaxCountAttribute::.ctor(System.Int32,System.Type,System.String)</Name>
              <FileRef uid="9" />
              <SequencePoints>
                <SequencePoint vc="14" uspid="25" ordinal="0" sl="25" sc="1" el="25" ec="2" bec="0" bev="0" fileid="9" />
                <SequencePoint vc="14" uspid="27" ordinal="1" sl="27" sc="1" el="27" ec="2" bec="2" bev="2" fileid="9" />
                <SequencePoint vc="1" uspid="29" ordinal="2" sl="29" sc="1" el="29" ec="2" bec="0" bev="0" fileid="9" />
                <SequencePoint vc="13" uspid="32" ordinal="3" sl="32" sc="1" el="32" ec="2" bec="0" bev="0" fileid="9" />
                <SequencePoint vc="13" uspid="33" ordinal="4" sl="33" sc="1" el="33" ec="2" bec="0" bev="0" fileid="9" />
              </SequencePoints>
              <BranchPoints>
                <BranchPoint vc="1" uspid="27" ordinal="0" path="0" offset="10" offsetend="12" sl="27" fileid="9" />
                <BranchPoint vc="13" uspid="27" ordinal="1" path="1" offset="10" offsetend="28" sl="27" fileid="9" />
              </BranchPoints>
              <MethodPoint vc="5" uspid="0" p8:type="SequencePoint" ordinal="1" offset="1" sc="0" sl="25" ec="1" el="33" bec="0" bev="0" fileid="9" xmlns:p8="xsi" />
            </Method>
          </Methods>
        </Class>
        <Class>
          <Summary numSequencePoints="4" visitedSequencePoints="4" numBranchPoints="4" visitedBranchPoints="4" sequenceCoverage="100" branchCoverage="100" maxCyclomaticComplexity="4" minCyclomaticComplexity="4" visitedClasses="1" numClasses="1" visitedMethods="1" numMethods="1" />
          <FullName>SGuard.DataAnnotations.SGuardMaxLengthAttribute</FullName>
          <Methods>
            <Method cyclomaticComplexity="4" nPathComplexity="4" sequenceCoverage="100" branchCoverage="100" isConstructor="True" isGetter="False" isSetter="False" isStatic="True">
              <Summary numSequencePoints="4" visitedSequencePoints="4" numBranchPoints="4" visitedBranchPoints="4" sequenceCoverage="100" branchCoverage="100" maxCyclomaticComplexity="4" minCyclomaticComplexity="4" visitedClasses="0" numClasses="0" visitedMethods="1" numMethods="1" />
              <MetadataToken />
              <Name>System.Void SGuard.DataAnnotations.SGuardMaxLengthAttribute::.ctor(System.Int32,System.Type,System.String)</Name>
              <FileRef uid="10" />
              <SequencePoints>
                <SequencePoint vc="7" uspid="20" ordinal="0" sl="20" sc="1" el="20" ec="2" bec="0" bev="0" fileid="10" />
                <SequencePoint vc="7" uspid="22" ordinal="1" sl="22" sc="1" el="22" ec="2" bec="2" bev="2" fileid="10" />
                <SequencePoint vc="6" uspid="23" ordinal="2" sl="23" sc="1" el="23" ec="2" bec="2" bev="2" fileid="10" />
                <SequencePoint vc="5" uspid="24" ordinal="3" sl="24" sc="1" el="24" ec="2" bec="0" bev="0" fileid="10" />
              </SequencePoints>
              <BranchPoints>
                <BranchPoint vc="1" uspid="22" ordinal="0" path="0" offset="10" offsetend="12" sl="22" fileid="10" />
                <BranchPoint vc="6" uspid="22" ordinal="1" path="1" offset="10" offsetend="24" sl="22" fileid="10" />
                <BranchPoint vc="1" uspid="23" ordinal="2" path="0" offset="32" offsetend="34" sl="23" fileid="10" />
                <BranchPoint vc="5" uspid="23" ordinal="3" path="1" offset="32" offsetend="46" sl="23" fileid="10" />
              </BranchPoints>
              <MethodPoint vc="4" uspid="0" p8:type="SequencePoint" ordinal="0" offset="0" sc="0" sl="20" ec="1" el="24" bec="0" bev="0" fileid="10" xmlns:p8="xsi" />
            </Method>
          </Methods>
        </Class>
        <Class>
          <Summary numSequencePoints="20" visitedSequencePoints="18" numBranchPoints="20" visitedBranchPoints="18" sequenceCoverage="90" branchCoverage="90" maxCyclomaticComplexity="18" minCyclomaticComplexity="2" visitedClasses="1" numClasses="1" visitedMethods="2" numMethods="2" />
          <FullName>SGuard.DataAnnotations.SGuardMinCountAttribute</FullName>
          <Methods>
            <Method cyclomaticComplexity="18" nPathComplexity="18" sequenceCoverage="86.66" branchCoverage="88.88" isConstructor="False" isGetter="False" isSetter="False" isStatic="True">
              <Summary numSequencePoints="15" visitedSequencePoints="13" numBranchPoints="18" visitedBranchPoints="16" sequenceCoverage="86.66" branchCoverage="88.88" maxCyclomaticComplexity="18" minCyclomaticComplexity="18" visitedClasses="0" numClasses="0" visitedMethods="1" numMethods="1" />
              <MetadataToken />
              <Name>System.ComponentModel.DataAnnotations.ValidationResult SGuard.DataAnnotations.SGuardMinCountAttribute::IsValid(System.Object,System.ComponentModel.DataAnnotations.ValidationContext)</Name>
              <FileRef uid="11" />
              <SequencePoints>
                <SequencePoint vc="14" uspid="46" ordinal="0" sl="46" sc="1" el="46" ec="2" bec="2" bev="2" fileid="11" />
                <SequencePoint vc="2" uspid="48" ordinal="1" sl="48" sc="1" el="48" ec="2" bec="2" bev="2" fileid="11" />
                <SequencePoint vc="12" uspid="51" ordinal="2" sl="51" sc="1" el="51" ec="2" bec="0" bev="0" fileid="11" />
                <SequencePoint vc="12" uspid="54" ordinal="3" sl="54" sc="1" el="54" ec="2" bec="2" bev="2" fileid="11" />
                <SequencePoint vc="5" uspid="56" ordinal="4" sl="56" sc="1" el="56" ec="2" bec="0" bev="0" fileid="11" />
                <SequencePoint vc="5" uspid="57" ordinal="5" sl="57" sc="1" el="57" ec="2" bec="6" bev="5" fileid="11" />
                <SequencePoint vc="6" uspid="64" ordinal="6" sl="64" sc="1" el="64" ec="2" bec="2" bev="2" fileid="11" />
                <SequencePoint vc="1" uspid="68" ordinal="7" sl="68" sc="1" el="68" ec="2" bec="0" bev="0" fileid="11" />
                <SequencePoint vc="3" uspid="70" ordinal="8" sl="70" sc="1" el="70" ec="2" bec="2" bev="1" fileid="11" />
                <SequencePoint vc="1" uspid="72" ordinal="9" sl="72" sc="1" el="72" ec="2" bec="0" bev="0" fileid="11" />
                <SequencePoint vc="1" uspid="74" ordinal="10" sl="74" sc="1" el="74" ec="2" bec="2" bev="2" fileid="11" />
                <SequencePoint vc="1" uspid="76" ordinal="11" sl="76" sc="1" el="76" ec="2" bec="0" bev="0" fileid="11" />
                <SequencePoint vc="0" uspid="80" ordinal="12" sl="80" sc="1" el="80" ec="2" bec="0" bev="0" fileid="11" />
                <SequencePoint vc="0" uspid="84" ordinal="13" sl="84" sc="1" el="84" ec="2" bec="0" bev="0" fileid="11" />
                <SequencePoint vc="1" uspid="86" ordinal="14" sl="86" sc="1" el="86" ec="2" bec="0" bev="0" fileid="11" />
              </SequencePoints>
              <BranchPoints>
                <BranchPoint vc="2" uspid="46" ordinal="0" path="0" offset="1" offsetend="3" sl="46" fileid="11" />
                <BranchPoint vc="1" uspid="48" ordinal="2" path="0" offset="9" offsetend="11" sl="48" fileid="11" />
                <BranchPoint vc="1" uspid="48" ordinal="3" path="1" offset="9" offsetend="29" sl="48" fileid="11" />
                <BranchPoint vc="12" uspid="46" ordinal="1" path="1" offset="1" offsetend="35" sl="46" fileid="11" />
                <BranchPoint vc="5" uspid="54" ordinal="4" path="0" offset="46" offsetend="48" sl="54" fileid="11" />
                <BranchPoint vc="3" uspid="57" ordinal="6" path="0" offset="65" offsetend="67" sl="57" fileid="11" />
                <BranchPoint vc="2" uspid="57" ordinal="7" path="1" offset="65" offsetend="85" sl="57" fileid="11" />
                <BranchPoint vc="7" uspid="54" ordinal="5" path="1" offset="46" offsetend="91" sl="54" fileid="11" />
                <BranchPoint vc="1" uspid="57" ordinal="8" path="0" offset="99" offsetend="101" sl="57" fileid="11" />
                <BranchPoint vc="6" uspid="57" ordinal="9" path="1" offset="99" offsetend="113" sl="57" fileid="11" />
                <BranchPoint vc="3" uspid="64" ordinal="12" path="0" offset="125" offsetend="127" sl="64" fileid="11" />
                <BranchPoint vc="3" uspid="64" ordinal="13" path="1" offset="125" offsetend="145" sl="64" fileid="11" />
                <BranchPoint vc="1" uspid="57" ordinal="11" path="1" offset="109" offsetend="151" sl="57" fileid="11" />
                <BranchPoint vc="1" uspid="70" ordinal="17" path="1" offset="197" offsetend="162" sl="70" fileid="11" />
                <BranchPoint vc="1" uspid="74" ordinal="14" path="0" offset="180" offsetend="182" sl="74" fileid="11" />
                <BranchPoint vc="1" uspid="74" ordinal="15" path="1" offset="180" offsetend="191" sl="74" fileid="11" />
                <BranchPoint vc="0" uspid="70" ordinal="16" path="0" offset="197" offsetend="199" sl="70" fileid="11" />
                <BranchPoint vc="0" uspid="57" ordinal="10" path="0" offset="109" offsetend="239" sl="57" fileid="11" />
              </BranchPoints>
              <MethodPoint vc="13" uspid="0" p8:type="SequencePoint" ordinal="0" offset="0" sc="0" sl="46" ec="1" el="86" bec="0" bev="0" fileid="11" xmlns:p8="xsi" />
            </Method>
            <Method cyclomaticComplexity="2" nPathComplexity="2" sequenceCoverage="100" branchCoverage="100" isConstructor="True" isGetter="False" isSetter="False" isStatic="True">
              <Summary numSequencePoints="5" visitedSequencePoints="5" numBranchPoints="2" visitedBranchPoints="2" sequenceCoverage="100" branchCoverage="100" maxCyclomaticComplexity="2" minCyclomaticComplexity="2" visitedClasses="0" numClasses="0" visitedMethods="1" numMethods="1" />
              <MetadataToken />
              <Name>System.Void SGuard.DataAnnotations.SGuardMinCountAttribute::.ctor(System.Int32,System.Type,System.String)</Name>
              <FileRef uid="11" />
              <SequencePoints>
                <SequencePoint vc="15" uspid="25" ordinal="0" sl="25" sc="1" el="25" ec="2" bec="0" bev="0" fileid="11" />
                <SequencePoint vc="15" uspid="27" ordinal="1" sl="27" sc="1" el="27" ec="2" bec="2" bev="2" fileid="11" />
                <SequencePoint vc="1" uspid="29" ordinal="2" sl="29" sc="1" el="29" ec="2" bec="0" bev="0" fileid="11" />
                <SequencePoint vc="14" uspid="32" ordinal="3" sl="32" sc="1" el="32" ec="2" bec="0" bev="0" fileid="11" />
                <SequencePoint vc="14" uspid="33" ordinal="4" sl="33" sc="1" el="33" ec="2" bec="0" bev="0" fileid="11" />
              </SequencePoints>
              <BranchPoints>
                <BranchPoint vc="1" uspid="27" ordinal="0" path="0" offset="10" offsetend="12" sl="27" fileid="11" />
                <BranchPoint vc="14" uspid="27" ordinal="1" path="1" offset="10" offsetend="28" sl="27" fileid="11" />
              </BranchPoints>
              <MethodPoint vc="5" uspid="0" p8:type="SequencePoint" ordinal="1" offset="1" sc="0" sl="25" ec="1" el="33" bec="0" bev="0" fileid="11" xmlns:p8="xsi" />
            </Method>
          </Methods>
        </Class>
        <Class>
          <Summary numSequencePoints="4" visitedSequencePoints="4" numBranchPoints="4" visitedBranchPoints="4" sequenceCoverage="100" branchCoverage="100" maxCyclomaticComplexity="4" minCyclomaticComplexity="4" visitedClasses="1" numClasses="1" visitedMethods="1" numMethods="1" />
          <FullName>SGuard.DataAnnotations.SGuardMinLengthAttribute</FullName>
          <Methods>
            <Method cyclomaticComplexity="4" nPathComplexity="4" sequenceCoverage="100" branchCoverage="100" isConstructor="True" isGetter="False" isSetter="False" isStatic="True">
              <Summary numSequencePoints="4" visitedSequencePoints="4" numBranchPoints="4" visitedBranchPoints="4" sequenceCoverage="100" branchCoverage="100" maxCyclomaticComplexity="4" minCyclomaticComplexity="4" visitedClasses="0" numClasses="0" visitedMethods="1" numMethods="1" />
              <MetadataToken />
              <Name>System.Void SGuard.DataAnnotations.SGuardMinLengthAttribute::.ctor(System.Int32,System.Type,System.String)</Name>
              <FileRef uid="12" />
              <SequencePoints>
                <SequencePoint vc="7" uspid="20" ordinal="0" sl="20" sc="1" el="20" ec="2" bec="0" bev="0" fileid="12" />
                <SequencePoint vc="7" uspid="22" ordinal="1" sl="22" sc="1" el="22" ec="2" bec="2" bev="2" fileid="12" />
                <SequencePoint vc="6" uspid="23" ordinal="2" sl="23" sc="1" el="23" ec="2" bec="2" bev="2" fileid="12" />
                <SequencePoint vc="5" uspid="24" ordinal="3" sl="24" sc="1" el="24" ec="2" bec="0" bev="0" fileid="12" />
              </SequencePoints>
              <BranchPoints>
                <BranchPoint vc="1" uspid="22" ordinal="0" path="0" offset="10" offsetend="12" sl="22" fileid="12" />
                <BranchPoint vc="6" uspid="22" ordinal="1" path="1" offset="10" offsetend="24" sl="22" fileid="12" />
                <BranchPoint vc="1" uspid="23" ordinal="2" path="0" offset="32" offsetend="34" sl="23" fileid="12" />
                <BranchPoint vc="5" uspid="23" ordinal="3" path="1" offset="32" offsetend="46" sl="23" fileid="12" />
              </BranchPoints>
              <MethodPoint vc="4" uspid="0" p8:type="SequencePoint" ordinal="0" offset="0" sc="0" sl="20" ec="1" el="24" bec="0" bev="0" fileid="12" xmlns:p8="xsi" />
            </Method>
          </Methods>
        </Class>
        <Class>
          <Summary numSequencePoints="7" visitedSequencePoints="7" numBranchPoints="2" visitedBranchPoints="2" sequenceCoverage="100" branchCoverage="100" maxCyclomaticComplexity="2" minCyclomaticComplexity="1" visitedClasses="1" numClasses="1" visitedMethods="2" numMethods="2" />
          <FullName>SGuard.DataAnnotations.SGuardPhoneAttribute</FullName>
          <Methods>
            <Method cyclomaticComplexity="2" nPathComplexity="2" sequenceCoverage="100" branchCoverage="100" isConstructor="False" isGetter="False" isSetter="False" isStatic="True">
              <Summary numSequencePoints="6" visitedSequencePoints="6" numBranchPoints="2" visitedBranchPoints="2" sequenceCoverage="100" branchCoverage="100" maxCyclomaticComplexity="2" minCyclomaticComplexity="2" visitedClasses="0" numClasses="0" visitedMethods="1" numMethods="1" />
              <MetadataToken />
              <Name>System.ComponentModel.DataAnnotations.ValidationResult SGuard.DataAnnotations.SGuardPhoneAttribute::IsValid(System.Object,System.ComponentModel.DataAnnotations.ValidationContext)</Name>
              <FileRef uid="13" />
              <SequencePoints>
                <SequencePoint vc="5" uspid="30" ordinal="0" sl="30" sc="1" el="30" ec="2" bec="0" bev="0" fileid="13" />
                <SequencePoint vc="5" uspid="31" ordinal="1" sl="31" sc="1" el="31" ec="2" bec="0" bev="0" fileid="13" />
                <SequencePoint vc="5" uspid="32" ordinal="2" sl="32" sc="1" el="32" ec="2" bec="0" bev="0" fileid="13" />
                <SequencePoint vc="5" uspid="33" ordinal="3" sl="33" sc="1" el="33" ec="2" bec="0" bev="0" fileid="13" />
                <SequencePoint vc="5" uspid="34" ordinal="4" sl="34" sc="1" el="34" ec="2" bec="0" bev="0" fileid="13" />
                <SequencePoint vc="5" uspid="36" ordinal="5" sl="36" sc="1" el="36" ec="2" bec="2" bev="2" fileid="13" />
              </SequencePoints>
              <BranchPoints>
                <BranchPoint vc="3" uspid="36" ordinal="0" path="0" offset="35" offsetend="37" sl="36" fileid="13" />
                <BranchPoint vc="2" uspid="36" ordinal="1" path="1" offset="35" offsetend="55" sl="36" fileid="13" />
              </BranchPoints>
              <MethodPoint vc="6" uspid="0" p8:type="SequencePoint" ordinal="0" offset="0" sc="0" sl="30" ec="1" el="36" bec="0" bev="0" fileid="13" xmlns:p8="xsi" />
            </Method>
            <Method cyclomaticComplexity="1" nPathComplexity="1" sequenceCoverage="100" branchCoverage="100" isConstructor="True" isGetter="False" isSetter="False" isStatic="True">
              <Summary numSequencePoints="1" visitedSequencePoints="1" numBranchPoints="0" visitedBranchPoints="0" sequenceCoverage="100" branchCoverage="100" maxCyclomaticComplexity="1" minCyclomaticComplexity="1" visitedClasses="0" numClasses="0" visitedMethods="1" numMethods="1" />
              <MetadataToken />
              <Name>System.Void SGuard.DataAnnotations.SGuardPhoneAttribute::.ctor(System.Type,System.String)</Name>
              <FileRef uid="13" />
              <SequencePoints>
                <SequencePoint vc="12" uspid="17" ordinal="0" sl="17" sc="1" el="17" ec="2" bec="0" bev="0" fileid="13" />
              </SequencePoints>
              <BranchPoints />
              <MethodPoint vc="1" uspid="0" p8:type="SequencePoint" ordinal="1" offset="1" sc="0" sl="17" ec="1" el="17" bec="0" bev="0" fileid="13" xmlns:p8="xsi" />
            </Method>
          </Methods>
        </Class>
        <Class>
          <Summary numSequencePoints="8" visitedSequencePoints="8" numBranchPoints="8" visitedBranchPoints="6" sequenceCoverage="100" branchCoverage="75" maxCyclomaticComplexity="4" minCyclomaticComplexity="4" visitedClasses="1" numClasses="1" visitedMethods="2" numMethods="2" />
          <FullName>SGuard.DataAnnotations.SGuardRangeAttribute</FullName>
          <Methods>
            <Method cyclomaticComplexity="4" nPathComplexity="4" sequenceCoverage="100" branchCoverage="100" isConstructor="True" isGetter="False" isSetter="False" isStatic="True">
              <Summary numSequencePoints="4" visitedSequencePoints="4" numBranchPoints="4" visitedBranchPoints="4" sequenceCoverage="100" branchCoverage="100" maxCyclomaticComplexity="4" minCyclomaticComplexity="4" visitedClasses="0" numClasses="0" visitedMethods="1" numMethods="1" />
              <MetadataToken />
              <Name>System.Void SGuard.DataAnnotations.SGuardRangeAttribute::.ctor(System.Int32,System.Int32,System.Type,System.String)</Name>
              <FileRef uid="14" />
              <SequencePoints>
                <SequencePoint vc="9" uspid="21" ordinal="0" sl="21" sc="1" el="21" ec="2" bec="0" bev="0" fileid="14" />
                <SequencePoint vc="9" uspid="23" ordinal="1" sl="23" sc="1" el="23" ec="2" bec="2" bev="2" fileid="14" />
                <SequencePoint vc="8" uspid="24" ordinal="2" sl="24" sc="1" el="24" ec="2" bec="2" bev="2" fileid="14" />
                <SequencePoint vc="7" uspid="25" ordinal="3" sl="25" sc="1" el="25" ec="2" bec="0" bev="0" fileid="14" />
              </SequencePoints>
              <BranchPoints>
                <BranchPoint vc="1" uspid="23" ordinal="0" path="0" offset="11" offsetend="13" sl="23" fileid="14" />
                <BranchPoint vc="8" uspid="23" ordinal="1" path="1" offset="11" offsetend="25" sl="23" fileid="14" />
                <BranchPoint vc="1" uspid="24" ordinal="2" path="0" offset="34" offsetend="36" sl="24" fileid="14" />
                <BranchPoint vc="7" uspid="24" ordinal="3" path="1" offset="34" offsetend="48" sl="24" fileid="14" />
              </BranchPoints>
              <MethodPoint vc="4" uspid="0" p8:type="SequencePoint" ordinal="0" offset="0" sc="0" sl="21" ec="1" el="25" bec="0" bev="0" fileid="14" xmlns:p8="xsi" />
            </Method>
            <Method cyclomaticComplexity="4" nPathComplexity="4" sequenceCoverage="100" branchCoverage="50" isConstructor="True" isGetter="False" isSetter="False" isStatic="True">
              <Summary numSequencePoints="4" visitedSequencePoints="4" numBranchPoints="4" visitedBranchPoints="2" sequenceCoverage="100" branchCoverage="50" maxCyclomaticComplexity="4" minCyclomaticComplexity="4" visitedClasses="0" numClasses="0" visitedMethods="1" numMethods="1" />
              <MetadataToken />
              <Name>System.Void SGuard.DataAnnotations.SGuardRangeAttribute::.ctor(System.Double,System.Double,System.Type,System.String)</Name>
              <FileRef uid="14" />
              <SequencePoints>
                <SequencePoint vc="3" uspid="37" ordinal="0" sl="37" sc="1" el="37" ec="2" bec="0" bev="0" fileid="14" />
                <SequencePoint vc="3" uspid="39" ordinal="1" sl="39" sc="1" el="39" ec="2" bec="2" bev="1" fileid="14" />
                <SequencePoint vc="3" uspid="40" ordinal="2" sl="40" sc="1" el="40" ec="2" bec="2" bev="1" fileid="14" />
                <SequencePoint vc="3" uspid="41" ordinal="3" sl="41" sc="1" el="41" ec="2" bec="0" bev="0" fileid="14" />
              </SequencePoints>
              <BranchPoints>
                <BranchPoint vc="0" uspid="39" ordinal="0" path="0" offset="11" offsetend="13" sl="39" fileid="14" />
                <BranchPoint vc="3" uspid="39" ordinal="1" path="1" offset="11" offsetend="25" sl="39" fileid="14" />
                <BranchPoint vc="0" uspid="40" ordinal="2" path="0" offset="34" offsetend="36" sl="40" fileid="14" />
                <BranchPoint vc="3" uspid="40" ordinal="3" path="1" offset="34" offsetend="48" sl="40" fileid="14" />
              </BranchPoints>
              <MethodPoint vc="4" uspid="0" p8:type="SequencePoint" ordinal="1" offset="1" sc="0" sl="37" ec="1" el="41" bec="0" bev="0" fileid="14" xmlns:p8="xsi" />
            </Method>
          </Methods>
        </Class>
        <Class>
          <Summary numSequencePoints="4" visitedSequencePoints="0" numBranchPoints="4" visitedBranchPoints="0" sequenceCoverage="0" branchCoverage="0" maxCyclomaticComplexity="4" minCyclomaticComplexity="4" visitedClasses="0" numClasses="1" visitedMethods="0" numMethods="1" />
          <FullName>SGuard.DataAnnotations.SGuardRegularExpressionAttribute</FullName>
          <Methods>
            <Method cyclomaticComplexity="4" nPathComplexity="4" sequenceCoverage="0" branchCoverage="0" isConstructor="True" isGetter="False" isSetter="False" isStatic="True">
              <Summary numSequencePoints="4" visitedSequencePoints="0" numBranchPoints="4" visitedBranchPoints="0" sequenceCoverage="0" branchCoverage="0" maxCyclomaticComplexity="4" minCyclomaticComplexity="4" visitedClasses="0" numClasses="0" visitedMethods="0" numMethods="1" />
              <MetadataToken />
              <Name>System.Void SGuard.DataAnnotations.SGuardRegularExpressionAttribute::.ctor(System.String,System.Type,System.String)</Name>
              <FileRef uid="15" />
              <SequencePoints>
                <SequencePoint vc="0" uspid="21" ordinal="0" sl="21" sc="1" el="21" ec="2" bec="0" bev="0" fileid="15" />
                <SequencePoint vc="0" uspid="23" ordinal="1" sl="23" sc="1" el="23" ec="2" bec="2" bev="0" fileid="15" />
                <SequencePoint vc="0" uspid="24" ordinal="2" sl="24" sc="1" el="24" ec="2" bec="2" bev="0" fileid="15" />
                <SequencePoint vc="0" uspid="25" ordinal="3" sl="25" sc="1" el="25" ec="2" bec="0" bev="0" fileid="15" />
              </SequencePoints>
              <BranchPoints>
                <BranchPoint vc="0" uspid="23" ordinal="0" path="0" offset="10" offsetend="12" sl="23" fileid="15" />
                <BranchPoint vc="0" uspid="23" ordinal="1" path="1" offset="10" offsetend="24" sl="23" fileid="15" />
                <BranchPoint vc="0" uspid="24" ordinal="2" path="0" offset="32" offsetend="34" sl="24" fileid="15" />
                <BranchPoint vc="0" uspid="24" ordinal="3" path="1" offset="32" offsetend="46" sl="24" fileid="15" />
              </BranchPoints>
              <MethodPoint vc="0" uspid="0" p8:type="SequencePoint" ordinal="0" offset="0" sc="0" sl="21" ec="1" el="25" bec="0" bev="0" fileid="15" xmlns:p8="xsi" />
            </Method>
          </Methods>
        </Class>
        <Class>
          <Summary numSequencePoints="16" visitedSequencePoints="13" numBranchPoints="14" visitedBranchPoints="11" sequenceCoverage="81.25" branchCoverage="78.57" maxCyclomaticComplexity="14" minCyclomaticComplexity="1" visitedClasses="1" numClasses="1" visitedMethods="2" numMethods="2" />
          <FullName>SGuard.DataAnnotations.SGuardRequiredCollectionAttribute</FullName>
          <Methods>
            <Method cyclomaticComplexity="14" nPathComplexity="14" sequenceCoverage="80" branchCoverage="78.57" isConstructor="False" isGetter="False" isSetter="False" isStatic="True">
              <Summary numSequencePoints="15" visitedSequencePoints="12" numBranchPoints="14" visitedBranchPoints="11" sequenceCoverage="80" branchCoverage="78.57" maxCyclomaticComplexity="14" minCyclomaticComplexity="14" visitedClasses="0" numClasses="0" visitedMethods="1" numMethods="1" />
              <MetadataToken />
[...]
              <Summary numSequencePoints="5" visitedSequencePoints="5" numBranchPoints="0" visitedBranchPoints="0" sequenceCoverage="100" branchCoverage="100" maxCyclomaticComplexity="1" minCyclomaticComplexity="1" visitedClasses="0" numClasses="0" visitedMethods="1" numMethods="1" />
              <MetadataToken />
              <Name>System.Void SGuard.DataAnnotations.ThrowIf::DataAnnotationsInValid(System.Object,System.Boolean,SGuard.SGuardCallback)</Name>
              <FileRef uid="22" />
              <SequencePoints>
                <SequencePoint vc="6" uspid="37" ordinal="0" sl="37" sc="1" el="37" ec="2" bec="0" bev="0" fileid="22" />
                <SequencePoint vc="6" uspid="38" ordinal="1" sl="38" sc="1" el="38" ec="2" bec="0" bev="0" fileid="22" />
                <SequencePoint vc="6" uspid="40" ordinal="2" sl="40" sc="1" el="40" ec="2" bec="0" bev="0" fileid="22" />
                <SequencePoint vc="6" uspid="42" ordinal="3" sl="42" sc="1" el="42" ec="2" bec="0" bev="0" fileid="22" />
                <SequencePoint vc="3" uspid="43" ordinal="4" sl="43" sc="1" el="43" ec="2" bec="0" bev="0" fileid="22" />
              </SequencePoints>
              <BranchPoints />
              <MethodPoint vc="5" uspid="0" p8:type="SequencePoint" ordinal="0" offset="0" sc="0" sl="37" ec="1" el="43" bec="0" bev="0" fileid="22" xmlns:p8="xsi" />
            </Method>
            <Method cyclomaticComplexity="1" nPathComplexity="1" sequenceCoverage="83.33" branchCoverage="100" isConstructor="False" isGetter="False" isSetter="False" isStatic="True">
              <Summary numSequencePoints="6" visitedSequencePoints="5" numBranchPoints="0" visitedBranchPoints="0" sequenceCoverage="83.33" branchCoverage="100" maxCyclomaticComplexity="1" minCyclomaticComplexity="1" visitedClasses="0" numClasses="0" visitedMethods="1" numMethods="1" />
              <MetadataToken />
              <Name>System.Void SGuard.DataAnnotations.ThrowIf::DataAnnotationsInValid(System.Object,TException,System.Boolean,SGuard.SGuardCallback)</Name>
              <FileRef uid="22" />
              <SequencePoints>
                <SequencePoint vc="2" uspid="63" ordinal="0" sl="63" sc="1" el="63" ec="2" bec="0" bev="0" fileid="22" />
                <SequencePoint vc="1" uspid="65" ordinal="1" sl="65" sc="1" el="65" ec="2" bec="0" bev="0" fileid="22" />
                <SequencePoint vc="1" uspid="66" ordinal="2" sl="66" sc="1" el="66" ec="2" bec="0" bev="0" fileid="22" />
                <SequencePoint vc="1" uspid="68" ordinal="3" sl="68" sc="1" el="68" ec="2" bec="0" bev="0" fileid="22" />
                <SequencePoint vc="1" uspid="70" ordinal="4" sl="70" sc="1" el="70" ec="2" bec="0" bev="0" fileid="22" />
                <SequencePoint vc="0" uspid="71" ordinal="5" sl="71" sc="1" el="71" ec="2" bec="0" bev="0" fileid="22" />
              </SequencePoints>
              <BranchPoints />
              <MethodPoint vc="5" uspid="0" p8:type="SequencePoint" ordinal="1" offset="1" sc="0" sl="63" ec="1" el="71" bec="0" bev="0" fileid="22" xmlns:p8="xsi" />
            </Method>
            <Method cyclomaticComplexity="1" nPathComplexity="1" sequenceCoverage="80" branchCoverage="100" isConstructor="False" isGetter="False" isSetter="False" isStatic="True">
              <Summary numSequencePoints="5" visitedSequencePoints="4" numBranchPoints="0" visitedBranchPoints="0" sequenceCoverage="80" branchCoverage="100" maxCyclomaticComplexity="1" minCyclomaticComplexity="1" visitedClasses="0" numClasses="0" visitedMethods="1" numMethods="1" />
              <MetadataToken />
              <Name>System.Void SGuard.DataAnnotations.ThrowIf::DataAnnotationsInValid(System.Object,System.Object[],System.Boolean,SGuard.SGuardCallback)</Name>
              <FileRef uid="22" />
              <SequencePoints>
                <SequencePoint vc="1" uspid="94" ordinal="0" sl="94" sc="1" el="94" ec="2" bec="0" bev="0" fileid="22" />
                <SequencePoint vc="1" uspid="95" ordinal="1" sl="95" sc="1" el="95" ec="2" bec="0" bev="0" fileid="22" />
                <SequencePoint vc="1" uspid="97" ordinal="2" sl="97" sc="1" el="97" ec="2" bec="0" bev="0" fileid="22" />
                <SequencePoint vc="1" uspid="99" ordinal="3" sl="99" sc="1" el="99" ec="2" bec="0" bev="0" fileid="22" />
                <SequencePoint vc="0" uspid="100" ordinal="4" sl="100" sc="1" el="100" ec="2" bec="0" bev="0" fileid="22" />
              </SequencePoints>
              <BranchPoints />
              <MethodPoint vc="4" uspid="0" p8:type="SequencePoint" ordinal="2" offset="2" sc="0" sl="94" ec="1" el="100" bec="0" bev="0" fileid="22" xmlns:p8="xsi" />
            </Method>
          </Methods>
        </Class>
        <Class>
          <Summary numSequencePoints="12" visitedSequencePoints="10" numBranchPoints="6" visitedBranchPoints="6" sequenceCoverage="83.33" branchCoverage="100" maxCyclomaticComplexity="4" minCyclomaticComplexity="1" visitedClasses="1" numClasses="1" visitedMethods="3" numMethods="3" />
          <FullName>SGuard.DataAnnotations.Internal.SGuardDataAnnotations</FullName>
          <Methods>
            <Method cyclomaticComplexity="2" nPathComplexity="2" sequenceCoverage="100" branchCoverage="100" isConstructor="False" isGetter="False" isSetter="False" isStatic="True">
              <Summary numSequencePoints="6" visitedSequencePoints="6" numBranchPoints="2" visitedBranchPoints="2" sequenceCoverage="100" branchCoverage="100" maxCyclomaticComplexity="2" minCyclomaticComplexity="2" visitedClasses="0" numClasses="0" visitedMethods="1" numMethods="1" />
              <MetadataToken />
              <Name>System.Void SGuard.DataAnnotations.Internal.SGuardDataAnnotations::Guard(System.Boolean,System.Action,SGuard.SGuardCallback)</Name>
              <FileRef uid="23" />
              <SequencePoints>
                <SequencePoint vc="8" uspid="20" ordinal="0" sl="20" sc="1" el="20" ec="2" bec="2" bev="2" fileid="23" />
                <SequencePoint vc="5" uspid="22" ordinal="1" sl="22" sc="1" el="22" ec="2" bec="0" bev="0" fileid="23" />
                <SequencePoint vc="3" uspid="24" ordinal="2" sl="24" sc="1" el="24" ec="2" bec="0" bev="0" fileid="23" />
                <SequencePoint vc="8" uspid="28" ordinal="3" sl="28" sc="1" el="28" ec="2" bec="0" bev="0" fileid="23" />
                <SequencePoint vc="8" uspid="29" ordinal="4" sl="29" sc="1" el="29" ec="2" bec="0" bev="0" fileid="23" />
                <SequencePoint vc="3" uspid="30" ordinal="5" sl="30" sc="1" el="30" ec="2" bec="0" bev="0" fileid="23" />
              </SequencePoints>
              <BranchPoints>
                <BranchPoint vc="5" uspid="20" ordinal="0" path="0" offset="1" offsetend="3" sl="20" fileid="23" />
                <BranchPoint vc="3" uspid="20" ordinal="1" path="1" offset="1" offsetend="9" sl="20" fileid="23" />
              </BranchPoints>
              <MethodPoint vc="6" uspid="0" p8:type="SequencePoint" ordinal="0" offset="0" sc="0" sl="20" ec="1" el="30" bec="0" bev="0" fileid="23" xmlns:p8="xsi" />
            </Method>
            <Method cyclomaticComplexity="1" nPathComplexity="1" sequenceCoverage="100" branchCoverage="100" isConstructor="False" isGetter="False" isSetter="False" isStatic="True">
              <Summary numSequencePoints="1" visitedSequencePoints="1" numBranchPoints="0" visitedBranchPoints="0" sequenceCoverage="100" branchCoverage="100" maxCyclomaticComplexity="1" minCyclomaticComplexity="1" visitedClasses="0" numClasses="0" visitedMethods="1" numMethods="1" />
              <MetadataToken />
              <Name>System.Void SGuard.DataAnnotations.Internal.SGuardDataAnnotations::InvokeCallbackSafely(System.Boolean,SGuard.SGuardCallback)</Name>
              <FileRef uid="23" />
              <SequencePoints>
                <SequencePoint vc="5" uspid="38" ordinal="0" sl="38" sc="1" el="38" ec="2" bec="0" bev="0" fileid="23" />
              </SequencePoints>
              <BranchPoints />
              <MethodPoint vc="1" uspid="0" p8:type="SequencePoint" ordinal="1" offset="1" sc="0" sl="38" ec="1" el="38" bec="0" bev="0" fileid="23" xmlns:p8="xsi" />
            </Method>
            <Method cyclomaticComplexity="4" nPathComplexity="4" sequenceCoverage="60" branchCoverage="100" isConstructor="False" isGetter="False" isSetter="False" isStatic="True">
              <Summary numSequencePoints="5" visitedSequencePoints="3" numBranchPoints="4" visitedBranchPoints="4" sequenceCoverage="60" branchCoverage="100" maxCyclomaticComplexity="4" minCyclomaticComplexity="4" visitedClasses="0" numClasses="0" visitedMethods="1" numMethods="1" />
              <MetadataToken />
              <Name>System.Void SGuard.DataAnnotations.Internal.SGuardDataAnnotations::InvokeCallbackSafely(System.Boolean,SGuard.SGuardCallback,SGuard.GuardOutcome,SGuard.GuardOutcome)</Name>
              <FileRef uid="23" />
              <SequencePoints>
                <SequencePoint vc="13" uspid="52" ordinal="0" sl="52" sc="1" el="52" ec="2" bec="4" bev="4" fileid="23" />
                <SequencePoint vc="13" uspid="53" ordinal="1" sl="53" sc="1" el="53" ec="2" bec="0" bev="0" fileid="23" />
                <SequencePoint vc="0" uspid="54" ordinal="2" sl="54" sc="1" el="54" ec="2" bec="0" bev="0" fileid="23" />
                <SequencePoint vc="0" uspid="57" ordinal="3" sl="57" sc="1" el="57" ec="2" bec="0" bev="0" fileid="23" />
                <SequencePoint vc="13" uspid="58" ordinal="4" sl="58" sc="1" el="58" ec="2" bec="0" bev="0" fileid="23" />
              </SequencePoints>
              <BranchPoints>
                <BranchPoint vc="5" uspid="52" ordinal="0" path="0" offset="1" offsetend="3" sl="52" fileid="23" />
                <BranchPoint vc="2" uspid="52" ordinal="2" path="0" offset="5" offsetend="7" sl="52" fileid="23" />
                <BranchPoint vc="3" uspid="52" ordinal="3" path="1" offset="5" offsetend="10" sl="52" fileid="23" />
                <BranchPoint vc="13" uspid="52" ordinal="1" path="1" offset="1" offsetend="16" sl="52" fileid="23" />
              </BranchPoints>
              <MethodPoint vc="3" uspid="0" p8:type="SequencePoint" ordinal="2" offset="2" sc="0" sl="52" ec="1" el="58" bec="0" bev="0" fileid="23" xmlns:p8="xsi" />
            </Method>
          </Methods>
        </Class>
        <Class>
          <Summary numSequencePoints="10" visitedSequencePoints="9" numBranchPoints="10" visitedBranchPoints="9" sequenceCoverage="90" branchCoverage="90" maxCyclomaticComplexity="10" minCyclomaticComplexity="10" visitedClasses="1" numClasses="1" visitedMethods="1" numMethods="1" />
          <FullName>SGuard.DataAnnotations.Extensions.DataAnnotationsExceptionExtensions</FullName>
          <Methods>
            <Method cyclomaticComplexity="10" nPathComplexity="10" sequenceCoverage="90" branchCoverage="90" isConstructor="False" isGetter="False" isSetter="False" isStatic="True">
              <Summary numSequencePoints="10" visitedSequencePoints="9" numBranchPoints="10" visitedBranchPoints="9" sequenceCoverage="90" branchCoverage="90" maxCyclomaticComplexity="10" minCyclomaticComplexity="10" visitedClasses="0" numClasses="0" visitedMethods="1" numMethods="1" />
              <MetadataToken />
              <Name>System.Boolean SGuard.DataAnnotations.Extensions.DataAnnotationsExceptionExtensions::TryGetValidationErrors(SGuard.DataAnnotations.Exceptions.DataAnnotationsException,System.Collections.Generic.List`1&lt;SGuard.DataAnnotations.Exceptions.ValidationError&gt;&amp;)</Name>
              <FileRef uid="24" />
              <SequencePoints>
                <SequencePoint vc="2" uspid="25" ordinal="0" sl="25" sc="1" el="25" ec="2" bec="0" bev="0" fileid="24" />
                <SequencePoint vc="2" uspid="27" ordinal="1" sl="27" sc="1" el="27" ec="2" bec="0" bev="0" fileid="24" />
                <SequencePoint vc="2" uspid="29" ordinal="2" sl="29" sc="1" el="29" ec="2" bec="2" bev="2" fileid="24" />
                <SequencePoint vc="1" uspid="31" ordinal="3" sl="31" sc="1" el="31" ec="2" bec="0" bev="0" fileid="24" />
                <SequencePoint vc="3" uspid="34" ordinal="4" sl="34" sc="1" el="34" ec="2" bec="2" bev="1" fileid="24" />
                <SequencePoint vc="1" uspid="36" ordinal="5" sl="36" sc="1" el="36" ec="2" bec="6" bev="6" fileid="24" />
                <SequencePoint vc="1" uspid="41" ordinal="6" sl="41" sc="1" el="41" ec="2" bec="0" bev="0" fileid="24" />
                <SequencePoint vc="1" uspid="42" ordinal="7" sl="42" sc="1" el="42" ec="2" bec="0" bev="0" fileid="24" />
                <SequencePoint vc="0" uspid="45" ordinal="8" sl="45" sc="1" el="45" ec="2" bec="0" bev="0" fileid="24" />
                <SequencePoint vc="1" uspid="46" ordinal="9" sl="46" sc="1" el="46" ec="2" bec="0" bev="0" fileid="24" />
              </SequencePoints>
              <BranchPoints>
                <BranchPoint vc="1" uspid="29" ordinal="0" path="0" offset="29" offsetend="31" sl="29" fileid="24" />
                <BranchPoint vc="1" uspid="29" ordinal="1" path="1" offset="29" offsetend="33" sl="29" fileid="24" />
                <BranchPoint vc="1" uspid="34" ordinal="9" path="1" offset="123" offsetend="47" sl="34" fileid="24" />
                <BranchPoint vc="1" uspid="36" ordinal="2" path="0" offset="73" offsetend="75" sl="36" fileid="24" />
                <BranchPoint vc="1" uspid="36" ordinal="4" path="0" offset="86" offsetend="88" sl="36" fileid="24" />
                <BranchPoint vc="1" uspid="36" ordinal="6" path="0" offset="102" offsetend="104" sl="36" fileid="24" />
                <BranchPoint vc="1" uspid="36" ordinal="3" path="1" offset="73" offsetend="117" sl="36" fileid="24" />
                <BranchPoint vc="1" uspid="36" ordinal="5" path="1" offset="86" offsetend="117" sl="36" fileid="24" />
                <BranchPoint vc="1" uspid="36" ordinal="7" path="1" offset="102" offsetend="117" sl="36" fileid="24" />
                <BranchPoint vc="0" uspid="34" ordinal="8" path="0" offset="123" offsetend="125" sl="34" fileid="24" />
              </BranchPoints>
              <MethodPoint vc="9" uspid="0" p8:type="SequencePoint" ordinal="0" offset="0" sc="0" sl="25" ec="1" el="46" bec="0" bev="0" fileid="24" xmlns:p8="xsi" />
            </Method>
          </Methods>
        </Class>
        <Class>
          <Summary numSequencePoints="14" visitedSequencePoints="14" numBranchPoints="2" visitedBranchPoints="2" sequenceCoverage="100" branchCoverage="100" maxCyclomaticComplexity="2" minCyclomaticComplexity="1" visitedClasses="1" numClasses="1" visitedMethods="3" numMethods="3" />
          <FullName>SGuard.DataAnnotations.Exceptions.DataAnnotationsException</FullName>
          <Methods>
            <Method cyclomaticComplexity="2" nPathComplexity="2" sequenceCoverage="100" branchCoverage="100" isConstructor="True" isGetter="False" isSetter="False" isStatic="True">
              <Summary numSequencePoints="11" visitedSequencePoints="11" numBranchPoints="2" visitedBranchPoints="2" sequenceCoverage="100" branchCoverage="100" maxCyclomaticComplexity="2" minCyclomaticComplexity="2" visitedClasses="0" numClasses="0" visitedMethods="1" numMethods="1" />
              <MetadataToken />
              <Name>System.Void SGuard.DataAnnotations.Exceptions.DataAnnotationsException::.ctor(System.Collections.Generic.List`1&lt;System.ComponentModel.DataAnnotations.ValidationResult&gt;,System.String)</Name>
              <FileRef uid="25" />
              <SequencePoints>
                <SequencePoint vc="8" uspid="25" ordinal="0" sl="25" sc="1" el="25" ec="2" bec="0" bev="0" fileid="25" />
                <SequencePoint vc="8" uspid="27" ordinal="1" sl="27" sc="1" el="27" ec="2" bec="2" bev="2" fileid="25" />
                <SequencePoint vc="3" uspid="29" ordinal="2" sl="29" sc="1" el="29" ec="2" bec="0" bev="0" fileid="25" />
                <SequencePoint vc="5" uspid="32" ordinal="3" sl="32" sc="1" el="32" ec="2" bec="0" bev="0" fileid="25" />
                <SequencePoint vc="5" uspid="33" ordinal="4" sl="33" sc="1" el="33" ec="2" bec="0" bev="0" fileid="25" />
                <SequencePoint vc="5" uspid="34" ordinal="5" sl="34" sc="1" el="34" ec="2" bec="0" bev="0" fileid="25" />
                <SequencePoint vc="5" uspid="35" ordinal="6" sl="35" sc="1" el="35" ec="2" bec="0" bev="0" fileid="25" />
                <SequencePoint vc="5" uspid="36" ordinal="7" sl="36" sc="1" el="36" ec="2" bec="0" bev="0" fileid="25" />
                <SequencePoint vc="5" uspid="38" ordinal="8" sl="38" sc="1" el="38" ec="2" bec="0" bev="0" fileid="25" />
                <SequencePoint vc="5" uspid="39" ordinal="9" sl="39" sc="1" el="39" ec="2" bec="0" bev="0" fileid="25" />
                <SequencePoint vc="5" uspid="40" ordinal="10" sl="40" sc="1" el="40" ec="2" bec="0" bev="0" fileid="25" />
              </SequencePoints>
              <BranchPoints>
                <BranchPoint vc="3" uspid="27" ordinal="0" path="0" offset="24" offsetend="26" sl="27" fileid="25" />
                <BranchPoint vc="5" uspid="27" ordinal="1" path="1" offset="24" offsetend="27" sl="27" fileid="25" />
              </BranchPoints>
              <MethodPoint vc="11" uspid="0" p8:type="SequencePoint" ordinal="0" offset="0" sc="0" sl="25" ec="1" el="40" bec="0" bev="0" fileid="25" xmlns:p8="xsi" />
            </Method>
            <Method cyclomaticComplexity="1" nPathComplexity="1" sequenceCoverage="100" branchCoverage="100" isConstructor="True" isGetter="False" isSetter="False" isStatic="True">
              <Summary numSequencePoints="2" visitedSequencePoints="2" numBranchPoints="0" visitedBranchPoints="0" sequenceCoverage="100" branchCoverage="100" maxCyclomaticComplexity="1" minCyclomaticComplexity="1" visitedClasses="0" numClasses="0" visitedMethods="1" numMethods="1" />
              <MetadataToken />
              <Name>System.Void SGuard.DataAnnotations.Exceptions.DataAnnotationsException::.ctor(System.Collections.Generic.List`1&lt;System.ComponentModel.DataAnnotations.ValidationResult&gt;)</Name>
              <FileRef uid="25" />
              <SequencePoints>
                <SequencePoint vc="5" uspid="46" ordinal="0" sl="46" sc="1" el="46" ec="2" bec="0" bev="0" fileid="25" />
                <SequencePoint vc="10" uspid="47" ordinal="1" sl="47" sc="1" el="47" ec="2" bec="0" bev="0" fileid="25" />
              </SequencePoints>
              <BranchPoints />
              <MethodPoint vc="2" uspid="0" p8:type="SequencePoint" ordinal="1" offset="1" sc="0" sl="46" ec="1" el="47" bec="0" bev="0" fileid="25" xmlns:p8="xsi" />
            </Method>
            <Method cyclomaticComplexity="1" nPathComplexity="1" sequenceCoverage="100" branchCoverage="100" isConstructor="True" isGetter="False" isSetter="False" isStatic="True">
              <Summary numSequencePoints="1" visitedSequencePoints="1" numBranchPoints="0" visitedBranchPoints="0" sequenceCoverage="100" branchCoverage="100" maxCyclomaticComplexity="1" minCyclomaticComplexity="1" visitedClasses="0" numClasses="0" visitedMethods="1" numMethods="1" />
              <MetadataToken />
              <Name>System.Void SGuard.DataAnnotations.Exceptions.DataAnnotationsException::.ctor(System.String,System.Collections.Generic.List`1&lt;System.ComponentModel.DataAnnotations.ValidationResult&gt;)</Name>
              <FileRef uid="25" />
              <SequencePoints>
                <SequencePoint vc="6" uspid="54" ordinal="0" sl="54" sc="1" el="54" ec="2" bec="0" bev="0" fileid="25" />
              </SequencePoints>
              <BranchPoints />
              <MethodPoint vc="1" uspid="0" p8:type="SequencePoint" ordinal="2" offset="2" sc="0" sl="54" ec="1" el="54" bec="0" bev="0" fileid="25" xmlns:p8="xsi" />
            </Method>
          </Methods>
        </Class>
      </Classes>
    </Module>
  </Modules>
</CoverageSession>