<?xml version="1.0" encoding="utf-8"?>
<TestRun id="b8d103a3-5119-4e60-9256-e777adea9f98" name="@runnervmf4ws1 2025-09-12 12:00:30" xmlns="http://microsoft.com/schemas/VisualStudio/TeamTest/2010">
  <Times creation="2025-09-12T12:00:30.8475762+00:00" queuing="2025-09-12T12:00:30.8475763+00:00" start="2025-09-12T12:00:28.4525638+00:00" finish="2025-09-12T12:00:31.8739910+00:00" />
  <TestSettings name="default" id="efa5fea5-59c0-412a-a5dc-230949fcfff7">
    <Deployment runDeploymentRoot="_runnervmf4ws1_2025-09-12_12_00_30" />
  </TestSettings>
  <Results>
    <UnitTestResult executionId="c8c369b9-67af-4701-b225-5747dcc83e8f" testId="0367e79a-4921-fb2e-f4bc-6e70d3dbd5a0" testName="SGuard.DataAnnotations.Tests.DataAnnotation.IsTests.DataAnnotationsValid_ValidObject_ReturnsTrue" computerName="runnervmf4ws1" duration="00:00:00.0000933" startTime="2025-09-12T12:00:31.2113634+00:00" endTime="2025-09-12T12:00:31.2115330+00:00" testType="13cdc9d9-ddb5-4fa4-a97d-d965ccfc6d4b" outcome="Passed" testListId="8c84fa94-04c1-424b-9868-57a2d4851a1d" relativeResultsDirectory="c8c369b9-67af-4701-b225-5747dcc83e8f" />
    <UnitTestResult executionId="8fa744dd-5cfb-4aac-9d78-c09cab903f67" testId="624a2de5-bfea-7fa5-ee1a-26526dad9b4c" testName="SGuard.DataAnnotations.Tests.Attributes.SGuardEmailAddressAttributeTests.ReturnsSuccess_WhenValueIsCommonEmailProvider(email: &quot;user@hotmail.com&quot;)" computerName="runnervmf4ws1" duration="00:00:00.0045066" startTime="2025-09-12T12:00:31.2065087+00:00" endTime="2025-09-12T12:00:31.2205915+00:00" testType="13cdc9d9-ddb5-4fa4-a97d-d965ccfc6d4b" outcome="Passed" testListId="8c84fa94-04c1-424b-9868-57a2d4851a1d" relativeResultsDirectory="8fa744dd-5cfb-4aac-9d78-c09cab903f67" />
    <UnitTestResult executionId="1640fcdf-d505-47c3-b028-76bb7697de37" testId="1c56d25b-3fa2-0b50-9bef-dde7f6b97d13" testName="SGuard.DataAnnotations.Tests.Attributes.SGuardCreditCardAttributeTests.ReturnsSuccess_WhenValueIsNull" computerName="runnervmf4ws1" duration="00:00:00.0001259" startTime="2025-09-12T12:00:30.9938042+00:00" endTime="2025-09-12T12:00:30.9938909+00:00" testType="13cdc9d9-ddb5-4fa4-a97d-d965ccfc6d4b" outcome="Passed" testListId="8c84fa94-04c1-424b-9868-57a2d4851a1d" relativeResultsDirectory="1640fcdf-d505-47c3-b028-76bb7697de37" />
    <UnitTestResult executionId="d0435d6d-a3df-4315-8a0d-67d5cb8ca230" testId="be8251c6-c94a-bbb7-cb6e-0f98d6eeb89f" testName="SGuard.DataAnnotations.Tests.Attributes.SGuardGreaterThanAttributeTests.ReturnsLocalizedErrorMessage_WhenCultureIsSetToTurkish" computerName="runnervmf4ws1" duration="00:00:00.0001850" startTime="2025-09-12T12:00:31.1167204+00:00" endTime="2025-09-12T12:00:31.1245106+00:00" testType="13cdc9d9-ddb5-4fa4-a97d-d965ccfc6d4b" outcome="Passed" testListId="8c84fa94-04c1-424b-9868-57a2d4851a1d" relativeResultsDirectory="d0435d6d-a3df-4315-8a0d-67d5cb8ca230" />
    <UnitTestResult executionId="3f7ac9cb-69b4-44e7-a4e3-330625650c05" testId="ffb894f2-8b4e-535d-2181-50be0cbf54c4" testName="SGuard.DataAnnotations.Tests.Attributes.SGuardEmailAddressAttributeTests.ReturnsError_WhenValueIsNotString" computerName="runnervmf4ws1" duration="00:00:00.0016808" startTime="2025-09-12T12:00:31.3690502+00:00" endTime="2025-09-12T12:00:31.3691895+00:00" testType="13cdc9d9-ddb5-4fa4-a97d-d965ccfc6d4b" outcome="Passed" testListId="8c84fa94-04c1-424b-9868-57a2d4851a1d" relativeResultsDirectory="3f7ac9cb-69b4-44e7-a4e3-330625650c05" />
    <UnitTestResult executionId="1508c223-bb0e-40ca-be90-4ce1e6f16fc9" testId="aa49b1a7-b42b-1198-9a54-7252e411bd8c" testName="SGuard.DataAnnotations.Tests.Attributes.SGuardRequiredIfAttributeTests.ReturnsSuccess_WhenInvertIsTrue_AndConditionIsMet_AndValueIsNull" computerName="runnervmf4ws1" duration="00:00:00.0001278" startTime="2025-09-12T12:00:31.1709039+00:00" endTime="2025-09-12T12:00:31.1726400+00:00" testType="13cdc9d9-ddb5-4fa4-a97d-d965ccfc6d4b" outcome="Passed" testListId="8c84fa94-04c1-424b-9868-57a2d4851a1d" relativeResultsDirectory="1508c223-bb0e-40ca-be90-4ce1e6f16fc9" />
    <UnitTestResult executionId="28358ed0-02ae-42b2-b65e-b5a29d5d3a2a" testId="8e691b6b-f7e7-4d53-52eb-73fbaa8af003" testName="SGuard.DataAnnotations.Tests.Attributes.SGuardGreaterThanAttributeTests.ReturnsError_WhenValueIsEqualToOther" computerName="runnervmf4ws1" duration="00:00:00.0001593" startTime="2025-09-12T12:00:31.1122984+00:00" endTime="2025-09-12T12:00:31.1151873+00:00" testType="13cdc9d9-ddb5-4fa4-a97d-d965ccfc6d4b" outcome="Passed" testListId="8c84fa94-04c1-424b-9868-57a2d4851a1d" relativeResultsDirectory="28358ed0-02ae-42b2-b65e-b5a29d5d3a2a" />
    <UnitTestResult executionId="e1d42587-370e-418c-b8f8-692aee812039" testId="459571cd-a7a6-19f8-467f-defe386a04a8" testName="SGuard.DataAnnotations.Tests.Attributes.SGuardLessThanAttributeTests.ReturnsError_WhenValueIsNull" computerName="runnervmf4ws1" duration="00:00:00.0005809" startTime="2025-09-12T12:00:31.0630909+00:00" endTime="2025-09-12T12:00:31.0649226+00:00" testType="13cdc9d9-ddb5-4fa4-a97d-d965ccfc6d4b" outcome="Passed" testListId="8c84fa94-04c1-424b-9868-57a2d4851a1d" relativeResultsDirectory="e1d42587-370e-418c-b8f8-692aee812039" />
    <UnitTestResult executionId="bf13a252-d2d4-4611-83b7-ad4ed9a88504" testId="f9da4098-2126-5914-73e0-8e7dcc348997" testName="SGuard.DataAnnotations.Tests.Attributes.SGuardCreditCardAttributeTests.PaymentForm_ValidCreditCard_Success" computerName="runnervmf4ws1" duration="00:00:00.0001321" startTime="2025-09-12T12:00:30.9486719+00:00" endTime="2025-09-12T12:00:30.9488104+00:00" testType="13cdc9d9-ddb5-4fa4-a97d-d965ccfc6d4b" outcome="Passed" testListId="8c84fa94-04c1-424b-9868-57a2d4851a1d" relativeResultsDirectory="bf13a252-d2d4-4611-83b7-ad4ed9a88504" />
    <UnitTestResult executionId="cfcd60b6-1333-4c4d-b77f-2cc665b7d45d" testId="afa1a1c3-1be6-2bed-8ff7-68131025b419" testName="SGuard.DataAnnotations.Tests.Attributes.SGuardCompareAttributeTests.HandlesWhitespace_Differences" computerName="runnervmf4ws1" duration="00:00:00.0008061" startTime="2025-09-12T12:00:31.0565249+00:00" endTime="2025-09-12T12:00:31.0579525+00:00" testType="13cdc9d9-ddb5-4fa4-a97d-d965ccfc6d4b" outcome="Passed" testListId="8c84fa94-04c1-424b-9868-57a2d4851a1d" relativeResultsDirectory="cfcd60b6-1333-4c4d-b77f-2cc665b7d45d" />
    <UnitTestResult executionId="cfa094a8-ea48-41c2-b4b9-17ca06dbaa10" testId="d1018631-d89f-4c5e-539a-e617e86cc282" testName="SGuard.DataAnnotations.Tests.Attributes.SGuardRangeAttributeTests.ReturnsSuccess_WhenDoubleValueIsWithinRange" computerName="runnervmf4ws1" duration="00:00:00.0002220" startTime="2025-09-12T12:00:31.0064984+00:00" endTime="2025-09-12T12:00:31.0066498+00:00" testType="13cdc9d9-ddb5-4fa4-a97d-d965ccfc6d4b" outcome="Passed" testListId="8c84fa94-04c1-424b-9868-57a2d4851a1d" relativeResultsDirectory="cfa094a8-ea48-41c2-b4b9-17ca06dbaa10" />
    <UnitTestResult executionId="dd26678b-b5bf-4ab0-b704-0395c2a952ad" testId="9bd00603-596a-036f-3eff-e8840deb4fcd" testName="SGuard.DataAnnotations.Tests.Attributes.SGuardPhoneAttributeTests.ThrowsArgumentNullException_WhenResourceNameIsNull" computerName="runnervmf4ws1" duration="00:00:00.0031162" startTime="2025-09-12T12:00:30.9620680+00:00" endTime="2025-09-12T12:00:30.9767965+00:00" testType="13cdc9d9-ddb5-4fa4-a97d-d965ccfc6d4b" outcome="Passed" testListId="8c84fa94-04c1-424b-9868-57a2d4851a1d" relativeResultsDirectory="dd26678b-b5bf-4ab0-b704-0395c2a952ad" />
    <UnitTestResult executionId="8177cf7a-e8e5-4d0f-98e6-157f64908092" testId="080775d4-6b69-5bc3-992d-f0e3c7374a4e" testName="SGuard.DataAnnotations.Tests.Attributes.SGuardMaxLengthAttributeTests.ReturnsSuccess_WhenStringIsShorterThanMaxLength" computerName="runnervmf4ws1" duration="00:00:00.0001191" startTime="2025-09-12T12:00:31.2032539+00:00" endTime="2025-09-12T12:00:31.2033904+00:00" testType="13cdc9d9-ddb5-4fa4-a97d-d965ccfc6d4b" outcome="Passed" testListId="8c84fa94-04c1-424b-9868-57a2d4851a1d" relativeResultsDirectory="8177cf7a-e8e5-4d0f-98e6-157f64908092" />
    <UnitTestResult executionId="301de4a2-7989-464e-8d4f-4d96555f06e2" testId="75d791fa-8719-80d0-9a8b-76d17eff6ec0" testName="SGuard.DataAnnotations.Tests.Attributes.SGuardCreditCardAttributeTests.ReturnsError_WhenValueContainsLetters" computerName="runnervmf4ws1" duration="00:00:00.0001348" startTime="2025-09-12T12:00:30.9928461+00:00" endTime="2025-09-12T12:00:30.9929360+00:00" testType="13cdc9d9-ddb5-4fa4-a97d-d965ccfc6d4b" outcome="Passed" testListId="8c84fa94-04c1-424b-9868-57a2d4851a1d" relativeResultsDirectory="301de4a2-7989-464e-8d4f-4d96555f06e2" />
    <UnitTestResult executionId="7ad3fef4-b992-4cf0-8dcd-bfb13fb77c3f" testId="51c51bea-f89b-c996-c1ac-8ab3ff59328a" testName="SGuard.DataAnnotations.Tests.Attributes.SGuardMaxCountAttributeTests.ReturnsError_WhenDictionaryCountExceedsMax" computerName="runnervmf4ws1" duration="00:00:00.0001734" startTime="2025-09-12T12:00:30.9005252+00:00" endTime="2025-09-12T12:00:30.9019065+00:00" testType="13cdc9d9-ddb5-4fa4-a97d-d965ccfc6d4b" outcome="Passed" testListId="8c84fa94-04c1-424b-9868-57a2d4851a1d" relativeResultsDirectory="7ad3fef4-b992-4cf0-8dcd-bfb13fb77c3f" />
    <UnitTestResult executionId="b122b3bf-3c3a-48d6-9b58-4c03ed8620a4" testId="c28794e5-0b00-cfed-b0d4-4828aebaa541" testName="SGuard.DataAnnotations.Tests.Attributes.SGuardCompareAttributeTests.ReturnsSuccess_WhenBothPropertiesAreNull" computerName="runnervmf4ws1" duration="00:00:00.0045328" startTime="2025-09-12T12:00:31.0745253+00:00" endTime="2025-09-12T12:00:31.0811711+00:00" testType="13cdc9d9-ddb5-4fa4-a97d-d965ccfc6d4b" outcome="Passed" testListId="8c84fa94-04c1-424b-9868-57a2d4851a1d" relativeResultsDirectory="b122b3bf-3c3a-48d6-9b58-4c03ed8620a4" />
    <UnitTestResult executionId="6b53a225-fcf3-4cd9-9a4c-6e50fbf4f0c7" testId="603feeed-2241-e035-6017-b1d30d094808" testName="SGuard.DataAnnotations.Tests.Attributes.SGuardEmailAddressAttributeTests.Newsletter_SubscriptionEmail_Success" computerName="runnervmf4ws1" duration="00:00:00.0024007" startTime="2025-09-12T12:00:31.3966370+00:00" endTime="2025-09-12T12:00:31.3967880+00:00" testType="13cdc9d9-ddb5-4fa4-a97d-d965ccfc6d4b" outcome="Passed" testListId="8c84fa94-04c1-424b-9868-57a2d4851a1d" relativeResultsDirectory="6b53a225-fcf3-4cd9-9a4c-6e50fbf4f0c7" />
    <UnitTestResult executionId="97e94fe8-6ea8-4b75-a9ee-2ce5571e222e" testId="58d16fdf-e597-97fe-e122-05c7faace010" testName="SGuard.DataAnnotations.Tests.Attributes.SGuardMinCountAttributeTests.ReturnsSuccess_WhenValueIsNotACollection" computerName="runnervmf4ws1" duration="00:00:00.0002914" startTime="2025-09-12T12:00:30.9121484+00:00" endTime="2025-09-12T12:00:30.9122916+00:00" testType="13cdc9d9-ddb5-4fa4-a97d-d965ccfc6d4b" outcome="Passed" testListId="8c84fa94-04c1-424b-9868-57a2d4851a1d" relativeResultsDirectory="97e94fe8-6ea8-4b75-a9ee-2ce5571e222e" />
    <UnitTestResult executionId="2e884678-90ef-415e-a009-4404fde8bef8" testId="71aa4210-ac3e-e7c3-0653-b089cbb506b7" testName="SGuard.DataAnnotations.Tests.Attributes.SGuardCreditCardAttributeTests.PaymentForm_InvalidCreditCard_Failure" computerName="runnervmf4ws1" duration="00:00:00.0001246" startTime="2025-09-12T12:00:31.0264461+00:00" endTime="2025-09-12T12:00:31.0266304+00:00" testType="13cdc9d9-ddb5-4fa4-a97d-d965ccfc6d4b" outcome="Passed" testListId="8c84fa94-04c1-424b-9868-57a2d4851a1d" relativeResultsDirectory="2e884678-90ef-415e-a009-4404fde8bef8" />
    <UnitTestResult executionId="abeb76d9-8bf5-43a8-b2c3-7001786bda74" testId="d5007b2b-ab54-ae79-231b-56cdbf0fbe4d" testName="SGuard.DataAnnotations.Tests.Attributes.SGuardEmailAddressAttributeTests.UsesInvariantCulture_WhenResourceNotFound" computerName="runnervmf4ws1" duration="00:00:00.0002530" startTime="2025-09-12T12:00:31.3897591+00:00" endTime="2025-09-12T12:00:31.3899018+00:00" testType="13cdc9d9-ddb5-4fa4-a97d-d965ccfc6d4b" outcome="Passed" testListId="8c84fa94-04c1-424b-9868-57a2d4851a1d" relativeResultsDirectory="abeb76d9-8bf5-43a8-b2c3-7001786bda74" />
    <UnitTestResult executionId="d1116b2e-8809-4ead-b042-7fd29898935f" testId="ba3baf4e-5572-7eb4-1d1d-9af5f600a7e3" testName="SGuard.DataAnnotations.Tests.Attributes.SGuardRequiredCollectionAttributeTests.ReturnsSuccess_WhenValueIsNotACollection" computerName="runnervmf4ws1" duration="00:00:00.0001148" startTime="2025-09-12T12:00:31.2620915+00:00" endTime="2025-09-12T12:00:31.2623178+00:00" testType="13cdc9d9-ddb5-4fa4-a97d-d965ccfc6d4b" outcome="Passed" testListId="8c84fa94-04c1-424b-9868-57a2d4851a1d" relativeResultsDirectory="d1116b2e-8809-4ead-b042-7fd29898935f" />
    <UnitTestResult executionId="50677343-d5fe-481c-8a8e-b3884c35b84b" testId="f37e4da3-55e9-bcbc-5daa-20e2f9ea9c73" testName="SGuard.DataAnnotations.Tests.Attributes.SGuardCompareAttributeTests.WorksWithDecimalValues" computerName="runnervmf4ws1" duration="00:00:00.0003771" startTime="2025-09-12T12:00:31.1788868+00:00" endTime="2025-09-12T12:00:31.1823915+00:00" testType="13cdc9d9-ddb5-4fa4-a97d-d965ccfc6d4b" outcome="Passed" testListId="8c84fa94-04c1-424b-9868-57a2d4851a1d" relativeResultsDirectory="50677343-d5fe-481c-8a8e-b3884c35b84b" />
    <UnitTestResult executionId="91c4e79c-5ee6-4835-814e-ea38bc1b6eb5" testId="62c9ec44-80ed-02a9-9ec1-e3f94f21f664" testName="SGuard.DataAnnotations.Tests.Attributes.SGuardRangeAttributeTests.ReturnsSuccess_WhenValueIsNull" computerName="runnervmf4ws1" duration="00:00:00.0001232" startTime="2025-09-12T12:00:31.0134094+00:00" endTime="2025-09-12T12:00:31.0135792+00:00" testType="13cdc9d9-ddb5-4fa4-a97d-d965ccfc6d4b" outcome="Passed" testListId="8c84fa94-04c1-424b-9868-57a2d4851a1d" relativeResultsDirectory="91c4e79c-5ee6-4835-814e-ea38bc1b6eb5" />
    <UnitTestResult executionId="9469be5e-9937-4c6c-aeca-0e678686709f" testId="bc581a35-5a81-5892-32b0-58a7491e0aba" testName="SGuard.DataAnnotations.Tests.Attributes.SGuardValidationAttributeBaseFallbackTests.Returns_MainResource_WhenResourceExists" computerName="runnervmf4ws1" duration="00:00:00.0106330" startTime="2025-09-12T12:00:30.8179475+00:00" endTime="2025-09-12T12:00:30.8209512+00:00" testType="13cdc9d9-ddb5-4fa4-a97d-d965ccfc6d4b" outcome="Passed" testListId="8c84fa94-04c1-424b-9868-57a2d4851a1d" relativeResultsDirectory="9469be5e-9937-4c6c-aeca-0e678686709f" />
    <UnitTestResult executionId="410e17f6-290b-4ff2-921a-e4378e0131b7" testId="f39808db-9b00-19f3-92ea-395a8ce4cfc2" testName="SGuard.DataAnnotations.Tests.Attributes.SGuardEmailAddressAttributeTests.ReturnsSuccess_WhenValueIsValidEmailFormat(email: &quot;user@example.com&quot;)" computerName="runnervmf4ws1" duration="00:00:00.0000070" startTime="2025-09-12T12:00:31.3372686+00:00" endTime="2025-09-12T12:00:31.3374053+00:00" testType="13cdc9d9-ddb5-4fa4-a97d-d965ccfc6d4b" outcome="Passed" testListId="8c84fa94-04c1-424b-9868-57a2d4851a1d" relativeResultsDirectory="410e17f6-290b-4ff2-921a-e4378e0131b7" />
    <UnitTestResult executionId="936acd80-e28e-4883-82da-18f6301f2a11" testId="8028fcff-b93c-8107-74d3-7689a546ca5d" testName="SGuard.DataAnnotations.Tests.Attributes.SGuardEmailAddressAttributeTests.ReturnsNull_WhenValueIsUnsupportedInternationalEmail(email: &quot;user@münchen.de&quot;)" computerName="runnervmf4ws1" duration="00:00:00.0000069" startTime="2025-09-12T12:00:31.3075948+00:00" endTime="2025-09-12T12:00:31.3077395+00:00" testType="13cdc9d9-ddb5-4fa4-a97d-d965ccfc6d4b" outcome="Passed" testListId="8c84fa94-04c1-424b-9868-57a2d4851a1d" relativeResultsDirectory="936acd80-e28e-4883-82da-18f6301f2a11" />
    <UnitTestResult executionId="608cd76d-549b-4411-9dda-43cb87618db9" testId="99445827-2f44-646b-8068-3cffaf9372f0" testName="SGuard.DataAnnotations.Tests.Attributes.SGuardMinCountAttributeTests.ReturnsSuccess_WhenEnumerableCountIsGreaterThanOrEqualToMin" computerName="runnervmf4ws1" duration="00:00:00.0002140" startTime="2025-09-12T12:00:30.9044110+00:00" endTime="2025-09-12T12:00:30.9051167+00:00" testType="13cdc9d9-ddb5-4fa4-a97d-d965ccfc6d4b" outcome="Passed" testListId="8c84fa94-04c1-424b-9868-57a2d4851a1d" relativeResultsDirectory="608cd76d-549b-4411-9dda-43cb87618db9" />
    <UnitTestResult executionId="0111baef-7011-4650-93ea-43a782b15627" testId="1923b67c-2b64-459e-4f8d-07b0052405ab" testName="SGuard.DataAnnotations.Tests.DataAnnotation.ThrowIfTests.DataAnnotationsInValid_CallbackReceivesSuccessOnPass" computerName="runnervmf4ws1" duration="00:00:00.0136203" startTime="2025-09-12T12:00:30.9050082+00:00" endTime="2025-09-12T12:00:30.9802615+00:00" testType="13cdc9d9-ddb5-4fa4-a97d-d965ccfc6d4b" outcome="Passed" testListId="8c84fa94-04c1-424b-9868-57a2d4851a1d" relativeResultsDirectory="0111baef-7011-4650-93ea-43a782b15627" />
    <UnitTestResult executionId="53437940-9b14-4633-88a2-e0ffd6c24703" testId="b6ca7894-434a-5884-55a8-7095b45f842e" testName="SGuard.DataAnnotations.Tests.Attributes.SGuardCreditCardAttributeTests.ReturnsError_WhenValueIsTooLong" computerName="runnervmf4ws1" duration="00:00:00.0001434" startTime="2025-09-12T12:00:31.0195400+00:00" endTime="2025-09-12T12:00:31.0196925+00:00" testType="13cdc9d9-ddb5-4fa4-a97d-d965ccfc6d4b" outcome="Passed" testListId="8c84fa94-04c1-424b-9868-57a2d4851a1d" relativeResultsDirectory="53437940-9b14-4633-88a2-e0ffd6c24703" />
    <UnitTestResult executionId="1dba7007-d917-4849-bbba-65e648c0d7b3" testId="07fcde81-a5d2-9bc2-a2d7-57e55070e45d" testName="SGuard.DataAnnotations.Tests.Attributes.SGuardCreditCardAttributeTests.ReturnsSuccess_WhenValueIsEmpty" computerName="runnervmf4ws1" duration="00:00:00.0001247" startTime="2025-09-12T12:00:31.0024241+00:00" endTime="2025-09-12T12:00:31.0026129+00:00" testType="13cdc9d9-ddb5-4fa4-a97d-d965ccfc6d4b" outcome="Passed" testListId="8c84fa94-04c1-424b-9868-57a2d4851a1d" relativeResultsDirectory="1dba7007-d917-4849-bbba-65e648c0d7b3" />
    <UnitTestResult executionId="a2bb3cdd-d312-46fd-b685-2bd5f51fa080" testId="2f2f4dfd-d686-918e-9cdb-c64365a18a4e" testName="SGuard.DataAnnotations.Tests.Attributes.SGuardCompareAttributeTests.EmailConfirmation_Success" computerName="runnervmf4ws1" duration="00:00:00.0002150" startTime="2025-09-12T12:00:31.1333109+00:00" endTime="2025-09-12T12:00:31.1348584+00:00" testType="13cdc9d9-ddb5-4fa4-a97d-d965ccfc6d4b" outcome="Passed" testListId="8c84fa94-04c1-424b-9868-57a2d4851a1d" relativeResultsDirectory="a2bb3cdd-d312-46fd-b685-2bd5f51fa080" />
    <UnitTestResult executionId="6b2ab55e-0d30-4ce6-b4c3-91b6ae396316" testId="cce1e892-556c-9cd2-ed64-426f363a29c2" testName="SGuard.DataAnnotations.Tests.Attributes.SGuardEmailAddressAttributeTests.ReturnsError_WhenValueIsEmpty" computerName="runnervmf4ws1" duration="00:00:00.0001271" startTime="2025-09-12T12:00:31.3629172+00:00" endTime="2025-09-12T12:00:31.3630630+00:00" testType="13cdc9d9-ddb5-4fa4-a97d-d965ccfc6d4b" outcome="Passed" testListId="8c84fa94-04c1-424b-9868-57a2d4851a1d" relativeResultsDirectory="6b2ab55e-0d30-4ce6-b4c3-91b6ae396316" />
    <UnitTestResult executionId="9ae4c0c2-6144-4199-b81d-a48f937737c5" testId="68b2f833-f4f3-d363-fc70-ea2d94c57e1a" testName="SGuard.DataAnnotations.Tests.Attributes.SGuardCollectionItemsMatchAttributeTests.ReturnsError_WhenItemNull_AndRequiredAttribute" computerName="runnervmf4ws1" duration="00:00:00.0273092" startTime="2025-09-12T12:00:30.6809800+00:00" endTime="2025-09-12T12:00:30.7412456+00:00" testType="13cdc9d9-ddb5-4fa4-a97d-d965ccfc6d4b" outcome="Passed" testListId="8c84fa94-04c1-424b-9868-57a2d4851a1d" relativeResultsDirectory="9ae4c0c2-6144-4199-b81d-a48f937737c5" />
    <UnitTestResult executionId="71bf3c29-06e5-4357-8f98-a8db76daa595" testId="a4f33591-7a3c-578a-9bbc-4bab9c2eb6fa" testName="SGuard.DataAnnotations.Tests.Attributes.SGuardCompareAttributeTests.PasswordConfirmation_Success" computerName="runnervmf4ws1" duration="00:00:00.0001310" startTime="2025-09-12T12:00:31.1360481+00:00" endTime="2025-09-12T12:00:31.1373883+00:00" testType="13cdc9d9-ddb5-4fa4-a97d-d965ccfc6d4b" outcome="Passed" testListId="8c84fa94-04c1-424b-9868-57a2d4851a1d" relativeResultsDirectory="71bf3c29-06e5-4357-8f98-a8db76daa595" />
    <UnitTestResult executionId="75bb0e2f-8bfb-4dec-931d-d1ec5a5048f1" testId="a011312a-4f9e-2d4f-469f-23423f0b646f" testName="SGuard.DataAnnotations.Tests.Attributes.SGuardLessThanAttributeTests.ReturnsError_WhenOtherIsNull" computerName="runnervmf4ws1" duration="00:00:00.0003680" startTime="2025-09-12T12:00:31.0899653+00:00" endTime="2025-09-12T12:00:31.0922772+00:00" testType="13cdc9d9-ddb5-4fa4-a97d-d965ccfc6d4b" outcome="Passed" testListId="8c84fa94-04c1-424b-9868-57a2d4851a1d" relativeResultsDirectory="75bb0e2f-8bfb-4dec-931d-d1ec5a5048f1" />
    <UnitTestResult executionId="b76ee0f7-da8b-4266-8f34-e61428884fdf" testId="1cecb8f8-3ff9-1ef0-493d-f648271a52e2" testName="SGuard.DataAnnotations.Tests.Attributes.SGuardEmailAddressAttributeTests.UserRegistration_ValidEmail_Success" computerName="runnervmf4ws1" duration="00:00:00.0031624" startTime="2025-09-12T12:00:31.2980633+00:00" endTime="2025-09-12T12:00:31.2982060+00:00" testType="13cdc9d9-ddb5-4fa4-a97d-d965ccfc6d4b" outcome="Passed" testListId="8c84fa94-04c1-424b-9868-57a2d4851a1d" relativeResultsDirectory="b76ee0f7-da8b-4266-8f34-e61428884fdf" />
    <UnitTestResult executionId="70148ffa-0671-4dec-a3c4-b54b095bd4b0" testId="726ad79d-7dd6-0f82-8173-b2f753aae5b2" testName="SGuard.DataAnnotations.Tests.Attributes.SGuardCreditCardAttributeTests.HandlesLeadingTrailingWhitespace" computerName="runnervmf4ws1" duration="00:00:00.0001101" startTime="2025-09-12T12:00:31.0210053+00:00" endTime="2025-09-12T12:00:31.0211547+00:00" testType="13cdc9d9-ddb5-4fa4-a97d-d965ccfc6d4b" outcome="Passed" testListId="8c84fa94-04c1-424b-9868-57a2d4851a1d" relativeResultsDirectory="70148ffa-0671-4dec-a3c4-b54b095bd4b0" />
    <UnitTestResult executionId="01c9893d-374a-4ee5-af3d-c63006b58966" testId="7f6f5e63-b542-6a07-280f-d21a0c6517aa" testName="SGuard.DataAnnotations.Tests.Attributes.SGuardStringLengthAttributeTests.ReturnsSuccess_WhenStringLengthIsWithinMaximum" computerName="runnervmf4ws1" duration="00:00:00.0001098" startTime="2025-09-12T12:00:31.1380277+00:00" endTime="2025-09-12T12:00:31.1389447+00:00" testType="13cdc9d9-ddb5-4fa4-a97d-d965ccfc6d4b" outcome="Passed" testListId="8c84fa94-04c1-424b-9868-57a2d4851a1d" relativeResultsDirectory="01c9893d-374a-4ee5-af3d-c63006b58966" />
    <UnitTestResult executionId="bbf19ba6-a9ea-42aa-839e-a725379e2f66" testId="8fa6afed-24b8-e0d5-4613-aa654c64059a" testName="SGuard.DataAnnotations.Tests.Attributes.SGuardMinLengthAttributeTests.ReturnsError_WhenStringIsShorterThanMinLength" computerName="runnervmf4ws1" duration="00:00:00.0002917" startTime="2025-09-12T12:00:30.8045859+00:00" endTime="2025-09-12T12:00:30.8046854+00:00" testType="13cdc9d9-ddb5-4fa4-a97d-d965ccfc6d4b" outcome="Passed" testListId="8c84fa94-04c1-424b-9868-57a2d4851a1d" relativeResultsDirectory="bbf19ba6-a9ea-42aa-839e-a725379e2f66" />
    <UnitTestResult executionId="9d8c2c64-d2c8-4b9a-82a3-551615495491" testId="e43fb556-9358-00bd-a086-0825e3eb5ea1" testName="SGuard.DataAnnotations.Tests.DataAnnotation.ThrowIfTests.DataAnnotationsInValid_InvalidObject_ThrowsDataAnnotationsException" computerName="runnervmf4ws1" duration="00:00:00.0117333" startTime="2025-09-12T12:00:30.9894523+00:00" endTime="2025-09-12T12:00:31.0389037+00:00" testType="13cdc9d9-ddb5-4fa4-a97d-d965ccfc6d4b" outcome="Passed" testListId="8c84fa94-04c1-424b-9868-57a2d4851a1d" relativeResultsDirectory="9d8c2c64-d2c8-4b9a-82a3-551615495491" />
    <UnitTestResult executionId="f1bc5e93-7cba-4749-96a3-6ee0bf8f146d" testId="eeba8c98-cf03-8526-2da6-dee16fbaef49" testName="SGuard.DataAnnotations.Tests.Attributes.SGuardCreditCardAttributeTests.ReturnsError_WhenLuhnChecksumFails" computerName="runnervmf4ws1" duration="00:00:00.0001319" startTime="2025-09-12T12:00:31.0008914+00:00" endTime="2025-09-12T12:00:31.0010524+00:00" testType="13cdc9d9-ddb5-4fa4-a97d-d965ccfc6d4b" outcome="Passed" testListId="8c84fa94-04c1-424b-9868-57a2d4851a1d" relativeResultsDirectory="f1bc5e93-7cba-4749-96a3-6ee0bf8f146d" />
    <UnitTestResult executionId="b5cdba46-7373-4012-a7ef-3848371c7cd0" testId="9ddec5fa-479c-3d6f-39eb-a62427813e0c" testName="SGuard.DataAnnotations.Tests.Attributes.SGuardRangeAttributeTests.ReturnsSuccess_WhenIntValueIsWithinRange" computerName="runnervmf4ws1" duration="00:00:00.0001455" startTime="2025-09-12T12:00:31.0163398+00:00" endTime="2025-09-12T12:00:31.0165102+00:00" testType="13cdc9d9-ddb5-4fa4-a97d-d965ccfc6d4b" outcome="Passed" testListId="8c84fa94-04c1-424b-9868-57a2d4851a1d" relativeResultsDirectory="b5cdba46-7373-4012-a7ef-3848371c7cd0" />
    <UnitTestResult executionId="8b316da5-af2d-4cfb-a12f-2f34cf1a21db" testId="6c394c87-d02e-52ab-96bf-3b401d578b07" testName="SGuard.DataAnnotations.Tests.Attributes.SGuardEmailAddressAttributeTests.UserRegistration_InvalidEmail_Failure" computerName="runnervmf4ws1" duration="00:00:00.0001453" startTime="2025-09-12T12:00:31.2558037+00:00" endTime="2025-09-12T12:00:31.2559573+00:00" testType="13cdc9d9-ddb5-4fa4-a97d-d965ccfc6d4b" outcome="Passed" testListId="8c84fa94-04c1-424b-9868-57a2d4851a1d" relativeResultsDirectory="8b316da5-af2d-4cfb-a12f-2f34cf1a21db" />
    <UnitTestResult executionId="ea704b93-6f5e-4290-aeba-6c85bc480084" testId="0cba0a5b-0d7e-e849-7306-581f7bb8f2e1" testName="SGuard.DataAnnotations.Tests.Attributes.SGuardMaxCountAttributeTests.ReturnsError_WhenArrayCountExceedsMax" computerName="runnervmf4ws1" duration="00:00:00.0008287" startTime="2025-09-12T12:00:30.8571878+00:00" endTime="2025-09-12T12:00:30.8572931+00:00" testType="13cdc9d9-ddb5-4fa4-a97d-d965ccfc6d4b" outcome="Passed" testListId="8c84fa94-04c1-424b-9868-57a2d4851a1d" relativeResultsDirectory="ea704b93-6f5e-4290-aeba-6c85bc480084" />
    <UnitTestResult executionId="23e2ddd9-b65d-4b68-9a79-44a446756ab6" testId="b24b8f0e-941c-4a81-71f3-3f4ba79c95eb" testName="SGuard.DataAnnotations.Tests.DataAnnotation.ThrowIfTests.DataAnnotationsInValid_InvalidObject_ThrowsCustomException" computerName="runnervmf4ws1" duration="00:00:00.0012441" startTime="2025-09-12T12:00:30.9821475+00:00" endTime="2025-09-12T12:00:30.9858221+00:00" testType="13cdc9d9-ddb5-4fa4-a97d-d965ccfc6d4b" outcome="Passed" testListId="8c84fa94-04c1-424b-9868-57a2d4851a1d" relativeResultsDirectory="23e2ddd9-b65d-4b68-9a79-44a446756ab6" />
    <UnitTestResult executionId="d5aa832d-e793-4704-a740-945fe4751d5c" testId="cbc682c1-72ef-07ff-b3bd-6812b487795a" testName="SGuard.DataAnnotations.Tests.Attributes.SGuardValidationAttributeBaseFallbackTests.Returns_FallbackResource_IfMainResourceMissing_AndFallbackResourceExists" computerName="runnervmf4ws1" duration="00:00:00.0002635" startTime="2025-09-12T12:00:30.8239890+00:00" endTime="2025-09-12T12:00:30.8241122+00:00" testType="13cdc9d9-ddb5-4fa4-a97d-d965ccfc6d4b" outcome="Passed" testListId="8c84fa94-04c1-424b-9868-57a2d4851a1d" relativeResultsDirectory="d5aa832d-e793-4704-a740-945fe4751d5c" />
    <UnitTestResult executionId="26e76ce9-5caf-4fec-90f2-552fc5b29fd3" testId="f2aeed70-0eba-88fa-cdc4-4e0eba39fa22" testName="SGuard.DataAnnotations.Tests.Attributes.SGuardEmailAddressAttributeTests.ReturnsSuccess_WhenValueIsValidEmail" computerName="runnervmf4ws1" duration="00:00:00.0001309" startTime="2025-09-12T12:00:31.3749873+00:00" endTime="2025-09-12T12:00:31.3751223+00:00" testType="13cdc9d9-ddb5-4fa4-a97d-d965ccfc6d4b" outcome="Passed" testListId="8c84fa94-04c1-424b-9868-57a2d4851a1d" relativeResultsDirectory="26e76ce9-5caf-4fec-90f2-552fc5b29fd3" />
    <UnitTestResult executionId="9de46a81-37c9-47ff-adb0-7c36d030f142" testId="ea7531ec-d355-1dfa-c721-6040cdbfd3ab" testName="SGuard.DataAnnotations.Tests.Attributes.SGuardCreditCardAttributeTests.ReturnsSuccess_WhenValueIsValidMasterCard" computerName="runnervmf4ws1" duration="00:00:00.0001202" startTime="2025-09-12T12:00:30.9699755+00:00" endTime="2025-09-12T12:00:30.9701434+00:00" testType="13cdc9d9-ddb5-4fa4-a97d-d965ccfc6d4b" outcome="Passed" testListId="8c84fa94-04c1-424b-9868-57a2d4851a1d" relativeResultsDirectory="9de46a81-37c9-47ff-adb0-7c36d030f142" />
    <UnitTestResult executionId="0dacdb72-a3ee-4092-a62b-1157f92006c3" testId="c288fc59-5974-71dd-f0f6-35705401b65d" testName="SGuard.DataAnnotations.Tests.Attributes.SGuardRequiredCollectionAttributeTests.ReturnsSuccess_WhenArrayIsNotEmpty" computerName="runnervmf4ws1" duration="00:00:00.0001213" startTime="2025-09-12T12:00:31.2766260+00:00" endTime="2025-09-12T12:00:31.2776133+00:00" testType="13cdc9d9-ddb5-4fa4-a97d-d965ccfc6d4b" outcome="Passed" testListId="8c84fa94-04c1-424b-9868-57a2d4851a1d" relativeResultsDirectory="0dacdb72-a3ee-4092-a62b-1157f92006c3" />
    <UnitTestResult executionId="7918d28c-89e5-4ae8-b71c-2b64d0fd1897" testId="35cd39b6-9fc9-e727-c160-6599970b4a46" testName="SGuard.DataAnnotations.Tests.Attributes.SGuardCreditCardAttributeTests.ReturnsLocalizedErrorMessage_WhenCultureIsSet(culture: &quot;de&quot;)" computerName="runnervmf4ws1" duration="00:00:00.0001254" startTime="2025-09-12T12:00:30.9652786+00:00" endTime="2025-09-12T12:00:30.9653604+00:00" testType="13cdc9d9-ddb5-4fa4-a97d-d965ccfc6d4b" outcome="Passed" testListId="8c84fa94-04c1-424b-9868-57a2d4851a1d" relativeResultsDirectory="7918d28c-89e5-4ae8-b71c-2b64d0fd1897" />
    <UnitTestResult executionId="95c4d85a-4f96-4bb8-9470-66fcafd1daa2" testId="21378016-cc6f-36ae-5a9f-490773b0da38" testName="SGuard.DataAnnotations.Tests.Attributes.SGuardCreditCardAttributeTests.SupportsMultipleAttributes_OnSameProperty" computerName="runnervmf4ws1" duration="00:00:00.0001647" startTime="2025-09-12T12:00:30.9512202+00:00" endTime="2025-09-12T12:00:30.9513502+00:00" testType="13cdc9d9-ddb5-4fa4-a97d-d965ccfc6d4b" outcome="Passed" testListId="8c84fa94-04c1-424b-9868-57a2d4851a1d" relativeResultsDirectory="95c4d85a-4f96-4bb8-9470-66fcafd1daa2" />
    <UnitTestResult executionId="a47046cc-6015-4d87-8bcb-79fc526d1f04" testId="a3825ee6-ad0d-4819-be97-b9185bfa2c06" testName="SGuard.DataAnnotations.Tests.Attributes.SGuardGreaterThanAttributeTests.ReturnsError_WhenOtherPropertyDoesNotExist" computerName="runnervmf4ws1" duration="00:00:00.0001611" startTime="2025-09-12T12:00:31.0777560+00:00" endTime="2025-09-12T12:00:31.0779066+00:00" testType="13cdc9d9-ddb5-4fa4-a97d-d965ccfc6d4b" outcome="Passed" testListId="8c84fa94-04c1-424b-9868-57a2d4851a1d" relativeResultsDirectory="a47046cc-6015-4d87-8bcb-79fc526d1f04" />
    <UnitTestResult executionId="443a9b19-9fa2-441e-b27a-8315b34e1b02" testId="16d394f6-e09f-d4d6-96d8-204c0f1c5d93" testName="SGuard.DataAnnotations.Tests.Attributes.SGuardRequiredCollectionAttributeTests.ReturnsSuccess_WhenListIsNotEmpty" computerName="runnervmf4ws1" duration="00:00:00.0001328" startTime="2025-09-12T12:00:31.2246198+00:00" endTime="2025-09-12T12:00:31.2306015+00:00" testType="13cdc9d9-ddb5-4fa4-a97d-d965ccfc6d4b" outcome="Passed" testListId="8c84fa94-04c1-424b-9868-57a2d4851a1d" relativeResultsDirectory="443a9b19-9fa2-441e-b27a-8315b34e1b02" />
    <UnitTestResult executionId="a0f50d01-7a06-4dff-8357-eb88c91c3ef2" testId="0fe6f63a-5577-4d32-ed2e-e8f9f731ea28" testName="SGuard.DataAnnotations.Tests.Attributes.SGuardRequiredIfAttributeTests.ReturnsSuccess_WhenConditionNotMet" computerName="runnervmf4ws1" duration="00:00:00.0001379" startTime="2025-09-12T12:00:31.1822376+00:00" endTime="2025-09-12T12:00:31.1852521+00:00" testType="13cdc9d9-ddb5-4fa4-a97d-d965ccfc6d4b" outcome="Passed" testListId="8c84fa94-04c1-424b-9868-57a2d4851a1d" relativeResultsDirectory="a0f50d01-7a06-4dff-8357-eb88c91c3ef2" />
    <UnitTestResult executionId="a888f10e-2681-41b2-a749-1b927558e4c2" testId="79e8e98c-62af-b136-4f32-eed7ea2d725d" testName="SGuard.DataAnnotations.Tests.DataAnnotation.IsTests.DataAnnotationsValid_NullCallback_DoesNotThrow" computerName="runnervmf4ws1" duration="00:00:00.0005077" startTime="2025-09-12T12:00:31.2097735+00:00" endTime="2025-09-12T12:00:31.2099240+00:00" testType="13cdc9d9-ddb5-4fa4-a97d-d965ccfc6d4b" outcome="Passed" testListId="8c84fa94-04c1-424b-9868-57a2d4851a1d" relativeResultsDirectory="a888f10e-2681-41b2-a749-1b927558e4c2" />
    <UnitTestResult executionId="6e222302-5b01-441f-91f5-53a236c949b9" testId="3d035846-09a7-d4eb-b706-8b783fcd4620" testName="SGuard.DataAnnotations.Tests.Attributes.SGuardCreditCardAttributeTests.ReturnsSuccess_WhenValueIsValidTestCreditCard(cardNumber: &quot;4000000000000010&quot;)" computerName="runnervmf4ws1" duration="00:00:00.0000092" startTime="2025-09-12T12:00:30.8988037+00:00" endTime="2025-09-12T12:00:30.8988570+00:00" testType="13cdc9d9-ddb5-4fa4-a97d-d965ccfc6d4b" outcome="Passed" testListId="8c84fa94-04c1-424b-9868-57a2d4851a1d" relativeResultsDirectory="6e222302-5b01-441f-91f5-53a236c949b9" />
    <UnitTestResult executionId="46b4c733-4a79-49db-82a2-ee35885cd517" testId="c97c75c4-b307-7ca6-75ff-9ef0025bb6a0" testName="SGuard.DataAnnotations.Tests.Attributes.SGuardCompareAttributeTests.ReturnsError_WhenPrivatePropertyCannotBeAccessed" computerName="runnervmf4ws1" duration="00:00:00.0003218" startTime="2025-09-12T12:00:31.0550686+00:00" endTime="2025-09-12T12:00:31.0552119+00:00" testType="13cdc9d9-ddb5-4fa4-a97d-d965ccfc6d4b" outcome="Passed" testListId="8c84fa94-04c1-424b-9868-57a2d4851a1d" relativeResultsDirectory="46b4c733-4a79-49db-82a2-ee35885cd517" />
    <UnitTestResult executionId="5c2f035d-22e6-4146-8744-12cb561e92c7" testId="f2ac8eb8-7f9a-a4b7-d9b1-f5b950d32be0" testName="SGuard.DataAnnotations.Tests.Attributes.SGuardMaxCountAttributeTests.ReturnsSuccess_WhenListCountIsEqualToMax" computerName="runnervmf4ws1" duration="00:00:00.0001497" startTime="2025-09-12T12:00:30.8641825+00:00" endTime="2025-09-12T12:00:30.8642857+00:00" testType="13cdc9d9-ddb5-4fa4-a97d-d965ccfc6d4b" outcome="Passed" testListId="8c84fa94-04c1-424b-9868-57a2d4851a1d" relativeResultsDirectory="5c2f035d-22e6-4146-8744-12cb561e92c7" />
    <UnitTestResult executionId="ec2c52c4-cbda-4a6b-91a8-4ef87ed2ff09" testId="b97a18c9-b8e3-b070-3a44-45fbb4abfb42" testName="SGuard.DataAnnotations.Tests.Attributes.SGuardEmailAddressAttributeTests.ReturnsSuccess_WhenValueIsBusinessEmailFormat(email: &quot;info@business.co.uk&quot;)" computerName="runnervmf4ws1" duration="00:00:00.0000072" startTime="2025-09-12T12:00:31.2696019+00:00" endTime="2025-09-12T12:00:31.2697484+00:00" testType="13cdc9d9-ddb5-4fa4-a97d-d965ccfc6d4b" outcome="Passed" testListId="8c84fa94-04c1-424b-9868-57a2d4851a1d" relativeResultsDirectory="ec2c52c4-cbda-4a6b-91a8-4ef87ed2ff09" />
    <UnitTestResult executionId="74b3965b-4e56-49e9-84f8-10fbb6b545ed" testId="817c584a-c6c1-8c21-05d7-289f6ecdeaa5" testName="SGuard.DataAnnotations.Tests.Attributes.SGuardEmailAddressAttributeTests.ReturnsSuccess_WhenValueIsValidEmailFormat(email: &quot;user+label@example.com&quot;)" computerName="runnervmf4ws1" duration="00:00:00.0001192" startTime="2025-09-12T12:00:31.3160597+00:00" endTime="2025-09-12T12:00:31.3161913+00:00" testType="13cdc9d9-ddb5-4fa4-a97d-d965ccfc6d4b" outcome="Passed" testListId="8c84fa94-04c1-424b-9868-57a2d4851a1d" relativeResultsDirectory="74b3965b-4e56-49e9-84f8-10fbb6b545ed" />
    <UnitTestResult executionId="176adf37-ea9c-462e-aa2f-3ac163e7b2ca" testId="fdc1127e-4505-c69f-14f4-782af60782bd" testName="SGuard.DataAnnotations.Tests.Attributes.SGuardCreditCardAttributeTests.ReturnsSuccess_WhenValueIsValidTestCreditCard(cardNumber: &quot;6011000990139424&quot;)" computerName="runnervmf4ws1" duration="00:00:00.0000054" startTime="2025-09-12T12:00:30.9144539+00:00" endTime="2025-09-12T12:00:30.9145801+00:00" testType="13cdc9d9-ddb5-4fa4-a97d-d965ccfc6d4b" outcome="Passed" testListId="8c84fa94-04c1-424b-9868-57a2d4851a1d" relativeResultsDirectory="176adf37-ea9c-462e-aa2f-3ac163e7b2ca" />
    <UnitTestResult executionId="67099fd5-ba9f-44cb-b57c-6de9ba349f9c" testId="e81f3f09-af79-811e-3ec1-cb518f4d546b" testName="SGuard.DataAnnotations.Tests.Attributes.SGuardCompareAttributeTests.Constructor_ThrowsArgumentNullException_WhenResourceTypeIsNull" computerName="runnervmf4ws1" duration="00:00:00.0002148" startTime="2025-09-12T12:00:31.1887425+00:00" endTime="2025-09-12T12:00:31.1888866+00:00" testType="13cdc9d9-ddb5-4fa4-a97d-d965ccfc6d4b" outcome="Passed" testListId="8c84fa94-04c1-424b-9868-57a2d4851a1d" relativeResultsDirectory="67099fd5-ba9f-44cb-b57c-6de9ba349f9c" />
    <UnitTestResult executionId="ac6d5fc0-3f25-41e4-873e-e98e4ef01ff9" testId="4ccde377-9d20-8bac-fb75-afb02ae558b3" testName="SGuard.DataAnnotations.Tests.Attributes.SGuardStringLengthAttributeTests.ReturnsError_WhenStringLengthExceedsMaximum" computerName="runnervmf4ws1" duration="00:00:00.0005847" startTime="2025-09-12T12:00:31.1254871+00:00" endTime="2025-09-12T12:00:31.1284264+00:00" testType="13cdc9d9-ddb5-4fa4-a97d-d965ccfc6d4b" outcome="Passed" testListId="8c84fa94-04c1-424b-9868-57a2d4851a1d" relativeResultsDirectory="ac6d5fc0-3f25-41e4-873e-e98e4ef01ff9" />
    <UnitTestResult executionId="0f195f0c-940e-494d-8359-21b71e982f6f" testId="fcef55f3-7be6-9081-fb1f-2cb1e0dc1954" testName="SGuard.DataAnnotations.Tests.Attributes.SGuardRangeAttributeTests.ThrowsArgumentNullException_WhenResourceNameIsNull" computerName="runnervmf4ws1" duration="00:00:00.0003528" startTime="2025-09-12T12:00:31.0079641+00:00" endTime="2025-09-12T12:00:31.0081036+00:00" testType="13cdc9d9-ddb5-4fa4-a97d-d965ccfc6d4b" outcome="Passed" testListId="8c84fa94-04c1-424b-9868-57a2d4851a1d" relativeResultsDirectory="0f195f0c-940e-494d-8359-21b71e982f6f" />
    <UnitTestResult executionId="bb3e69ac-15e3-4ecc-b2a9-ccfb8bc54656" testId="c00f8b42-d81e-9906-f39b-144ceb96f7a9" testName="SGuard.DataAnnotations.Tests.Attributes.SGuardEmailAddressAttributeTests.ReturnsSuccess_WhenValueIsCommonEmailProvider(email: &quot;user@live.com&quot;)" computerName="runnervmf4ws1" duration="00:00:00.0000072" startTime="2025-09-12T12:00:31.2313560+00:00" endTime="2025-09-12T12:00:31.2322290+00:00" testType="13cdc9d9-ddb5-4fa4-a97d-d965ccfc6d4b" outcome="Passed" testListId="8c84fa94-04c1-424b-9868-57a2d4851a1d" relativeResultsDirectory="bb3e69ac-15e3-4ecc-b2a9-ccfb8bc54656" />
    <UnitTestResult executionId="43f30d66-48b5-48bd-aa26-9314c0963dd4" testId="e7c11337-a134-9089-96b8-bef2fdba4ef5" testName="SGuard.DataAnnotations.Tests.Attributes.SGuardGreaterThanAttributeTests.ReturnsSuccess_WhenValueIsGreaterThanOther" computerName="runnervmf4ws1" duration="00:00:00.0062379" startTime="2025-09-12T12:00:31.0387747+00:00" endTime="2025-09-12T12:00:31.0566750+00:00" testType="13cdc9d9-ddb5-4fa4-a97d-d965ccfc6d4b" outcome="Passed" testListId="8c84fa94-04c1-424b-9868-57a2d4851a1d" relativeResultsDirectory="43f30d66-48b5-48bd-aa26-9314c0963dd4" />
    <UnitTestResult executionId="83314aab-38d5-46f3-981f-b379a89ca148" testId="529ece68-fcef-1cfb-1ddb-fa943b59f215" testName="SGuard.DataAnnotations.Tests.Attributes.SGuardMaxLengthAttributeTests.ReturnsSuccess_WhenStringIsEqualToMaxLength" computerName="runnervmf4ws1" duration="00:00:00.0004893" startTime="2025-09-12T12:00:31.1905127+00:00" endTime="2025-09-12T12:00:31.1906708+00:00" testType="13cdc9d9-ddb5-4fa4-a97d-d965ccfc6d4b" outcome="Passed" testListId="8c84fa94-04c1-424b-9868-57a2d4851a1d" relativeResultsDirectory="83314aab-38d5-46f3-981f-b379a89ca148" />
    <UnitTestResult executionId="cdc6e37f-eedc-429b-b1e4-39f9b2388f8a" testId="4e6858ca-dc4e-05a9-4d20-cc5f2d1edff2" testName="SGuard.DataAnnotations.Tests.Exceptions.DataAnnotationsExceptionTests.ValidationError_CreatesRecordWithCorrectValues" computerName="runnervmf4ws1" duration="00:00:00.0085815" startTime="2025-09-12T12:00:31.1870813+00:00" endTime="2025-09-12T12:00:31.2146226+00:00" testType="13cdc9d9-ddb5-4fa4-a97d-d965ccfc6d4b" outcome="Passed" testListId="8c84fa94-04c1-424b-9868-57a2d4851a1d" relativeResultsDirectory="cdc6e37f-eedc-429b-b1e4-39f9b2388f8a" />
    <UnitTestResult executionId="65561582-3689-414f-8060-be6eb56ee92f" testId="54bb735d-1d46-052b-7463-a588ad7ff2a2" testName="SGuard.DataAnnotations.Tests.Attributes.SGuardBetweenAttributeTests.Constructor_ThrowsArgumentNullException_WhenMaxPropertyIsNull" computerName="runnervmf4ws1" duration="00:00:00.0007517" startTime="2025-09-12T12:00:30.8846120+00:00" endTime="2025-09-12T12:00:30.8847103+00:00" testType="13cdc9d9-ddb5-4fa4-a97d-d965ccfc6d4b" outcome="Passed" testListId="8c84fa94-04c1-424b-9868-57a2d4851a1d" relativeResultsDirectory="65561582-3689-414f-8060-be6eb56ee92f" />
    <UnitTestResult executionId="75fd57ee-50de-42b6-8bb2-fdd309cd4f09" testId="8ce819e9-2ccf-3f8e-012f-049309266381" testName="SGuard.DataAnnotations.Tests.Attributes.SGuardBetweenAttributeTests.ReturnsError_WhenValueIsBelowMin_Exclusive" computerName="runnervmf4ws1" duration="00:00:00.0001508" startTime="2025-09-12T12:00:30.8391483+00:00" endTime="2025-09-12T12:00:30.8392569+00:00" testType="13cdc9d9-ddb5-4fa4-a97d-d965ccfc6d4b" outcome="Passed" testListId="8c84fa94-04c1-424b-9868-57a2d4851a1d" relativeResultsDirectory="75fd57ee-50de-42b6-8bb2-fdd309cd4f09" />
    <UnitTestResult executionId="ebd02e32-a4be-4656-aebf-f93d698f64ec" testId="dd6b6eea-ecef-43a0-48ab-e039b579c244" testName="SGuard.DataAnnotations.Tests.Attributes.SGuardBetweenAttributeTests.WorksWithDoubleValues_Exclusive" computerName="runnervmf4ws1" duration="00:00:00.0003975" startTime="2025-09-12T12:00:30.8835868+00:00" endTime="2025-09-12T12:00:30.8836798+00:00" testType="13cdc9d9-ddb5-4fa4-a97d-d965ccfc6d4b" outcome="Passed" testListId="8c84fa94-04c1-424b-9868-57a2d4851a1d" relativeResultsDirectory="ebd02e32-a4be-4656-aebf-f93d698f64ec" />
    <UnitTestResult executionId="338e82b5-de62-4afb-9438-d710353ff8e9" testId="5ea183d9-8439-dd6c-d705-0b7bf5efa48b" testName="SGuard.DataAnnotations.Tests.Attributes.SGuardCompareAttributeTests.ReturnsLocalizedErrorMessage_WhenCultureIsSet(culture: &quot;tr&quot;)" computerName="runnervmf4ws1" duration="00:00:00.0001465" startTime="2025-09-12T12:00:31.1107093+00:00" endTime="2025-09-12T12:00:31.1124371+00:00" testType="13cdc9d9-ddb5-4fa4-a97d-d965ccfc6d4b" outcome="Passed" testListId="8c84fa94-04c1-424b-9868-57a2d4851a1d" relativeResultsDirectory="338e82b5-de62-4afb-9438-d710353ff8e9" />
    <UnitTestResult executionId="1fc4ac8b-fd51-4e70-a11c-8eb115544c1a" testId="0102dee6-8235-3327-5cfb-2d8748949388" testName="SGuard.DataAnnotations.Tests.Attributes.SGuardMaxCountAttributeTests.ReturnsSuccess_WhenEnumerableCountIsLessThanOrEqualToMax" computerName="runnervmf4ws1" duration="00:00:00.0089809" startTime="2025-09-12T12:00:30.8251681+00:00" endTime="2025-09-12T12:00:30.8551375+00:00" testType="13cdc9d9-ddb5-4fa4-a97d-d965ccfc6d4b" outcome="Passed" testListId="8c84fa94-04c1-424b-9868-57a2d4851a1d" relativeResultsDirectory="1fc4ac8b-fd51-4e70-a11c-8eb115544c1a" />
    <UnitTestResult executionId="d9d9fc82-86ab-43c6-8b86-a21e2a5e1679" testId="94156788-790a-9db5-a858-213fb7ad4f61" testName="SGuard.DataAnnotations.Tests.Attributes.SGuardMinLengthAttributeTests.ReturnsSuccess_WhenValueIsNull" computerName="runnervmf4ws1" duration="00:00:00.0001767" startTime="2025-09-12T12:00:30.8033534+00:00" endTime="2025-09-12T12:00:30.8035069+00:00" testType="13cdc9d9-ddb5-4fa4-a97d-d965ccfc6d4b" outcome="Passed" testListId="8c84fa94-04c1-424b-9868-57a2d4851a1d" relativeResultsDirectory="d9d9fc82-86ab-43c6-8b86-a21e2a5e1679" />
    <UnitTestResult executionId="c41b49f9-95a3-412c-8a9c-6527be44c27d" testId="ea759aae-ebb3-561f-baa8-d1599fc10d86" testName="SGuard.DataAnnotations.Tests.Attributes.SGuardStringLengthAttributeTests.ReturnsSuccess_WhenStringIsEmpty" computerName="runnervmf4ws1" duration="00:00:00.0001092" startTime="2025-09-12T12:00:31.1302539+00:00" endTime="2025-09-12T12:00:31.1304086+00:00" testType="13cdc9d9-ddb5-4fa4-a97d-d965ccfc6d4b" outcome="Passed" testListId="8c84fa94-04c1-424b-9868-57a2d4851a1d" relativeResultsDirectory="c41b49f9-95a3-412c-8a9c-6527be44c27d" />
    <UnitTestResult executionId="25367e22-4cd1-4365-9779-fed767875313" testId="44b5e871-bf86-94e7-7093-ae2d9b275d87" testName="SGuard.DataAnnotations.Tests.Attributes.SGuardEmailAddressAttributeTests.ReturnsSuccess_WhenValueIsBusinessEmailFormat(email: &quot;john.doe@company.com&quot;)" computerName="runnervmf4ws1" duration="00:00:00.0000076" startTime="2025-09-12T12:00:31.2680662+00:00" endTime="2025-09-12T12:00:31.2682243+00:00" testType="13cdc9d9-ddb5-4fa4-a97d-d965ccfc6d4b" outcome="Passed" testListId="8c84fa94-04c1-424b-9868-57a2d4851a1d" relativeResultsDirectory="25367e22-4cd1-4365-9779-fed767875313" />
    <UnitTestResult executionId="7ee1fca0-a720-41e0-a127-33168029f66a" testId="95b87b36-3c5e-9cd8-cee1-b516d3ba0d69" testName="SGuard.DataAnnotations.Tests.Attributes.SGuardEmailAddressAttributeTests.ReturnsNull_WhenValueIsUnsupportedInternationalEmail(email: &quot;用户@example.com&quot;)" computerName="runnervmf4ws1" duration="00:00:00.0001118" startTime="2025-09-12T12:00:31.3031496+00:00" endTime="2025-09-12T12:00:31.3032989+00:00" testType="13cdc9d9-ddb5-4fa4-a97d-d965ccfc6d4b" outcome="Passed" testListId="8c84fa94-04c1-424b-9868-57a2d4851a1d" relativeResultsDirectory="7ee1fca0-a720-41e0-a127-33168029f66a" />
    <UnitTestResult executionId="b419d180-7a6b-4eb4-bbef-2c7b898a8812" testId="a35af25c-d766-53c1-c164-013f8f5be8cd" testName="SGuard.DataAnnotations.Tests.Attributes.SGuardEmailAddressAttributeTests.ReturnsError_WhenValueIsInvalidEmailFormat(email: &quot;two@@domain.com&quot;)" computerName="runnervmf4ws1" duration="00:00:00.0003416" startTime="2025-09-12T12:00:31.3470720+00:00" endTime="2025-09-12T12:00:31.3472199+00:00" testType="13cdc9d9-ddb5-4fa4-a97d-d965ccfc6d4b" outcome="Passed" testListId="8c84fa94-04c1-424b-9868-57a2d4851a1d" relativeResultsDirectory="b419d180-7a6b-4eb4-bbef-2c7b898a8812" />
    <UnitTestResult executionId="48ed87d5-7d1d-4bda-b265-dc229a17d091" testId="6ad43e97-1e3e-ec83-e035-af1c369888de" testName="SGuard.DataAnnotations.Tests.Attributes.SGuardRangeAttributeTests.ReturnsError_WhenDoubleValueIsBelowRange" computerName="runnervmf4ws1" duration="00:00:00.0064063" startTime="2025-09-12T12:00:31.0178239+00:00" endTime="2025-09-12T12:00:31.0458628+00:00" testType="13cdc9d9-ddb5-4fa4-a97d-d965ccfc6d4b" outcome="Passed" testListId="8c84fa94-04c1-424b-9868-57a2d4851a1d" relativeResultsDirectory="48ed87d5-7d1d-4bda-b265-dc229a17d091" />
    <UnitTestResult executionId="f5a8418c-8dde-435b-a5fc-04da7e315e86" testId="cf6116bb-a21e-c884-c721-7d25040afbf0" testName="SGuard.DataAnnotations.Tests.Extensions.DataAnnotationsExceptionExtensionsTest.TryGetValidationErrors_ReturnsFalse_WhenNoValidationErrorsExist" computerName="runnervmf4ws1" duration="00:00:00.0199186" startTime="2025-09-12T12:00:30.8197190+00:00" endTime="2025-09-12T12:00:30.8504500+00:00" testType="13cdc9d9-ddb5-4fa4-a97d-d965ccfc6d4b" outcome="Passed" testListId="8c84fa94-04c1-424b-9868-57a2d4851a1d" relativeResultsDirectory="f5a8418c-8dde-435b-a5fc-04da7e315e86" />
    <UnitTestResult executionId="e0c18e7a-06ad-47fc-b563-40a252b69039" testId="c8060d6c-aa6d-6e47-880e-f4a8c7da66ac" testName="SGuard.DataAnnotations.Tests.Attributes.SGuardEmailAddressAttributeTests.ReturnsSuccess_WhenValueIsNull" computerName="runnervmf4ws1" duration="00:00:00.0001208" startTime="2025-09-12T12:00:31.3674960+00:00" endTime="2025-09-12T12:00:31.3676438+00:00" testType="13cdc9d9-ddb5-4fa4-a97d-d965ccfc6d4b" outcome="Passed" testListId="8c84fa94-04c1-424b-9868-57a2d4851a1d" relativeResultsDirectory="e0c18e7a-06ad-47fc-b563-40a252b69039" />
    <UnitTestResult executionId="867ae642-8fe6-4b65-a8fb-bf5f7afda46b" testId="57a52874-48c6-1cb3-2d74-f42730ff4142" testName="SGuard.DataAnnotations.Tests.Attributes.SGuardEmailAddressAttributeTests.ReturnsError_WhenValueIsMissingLocalPart" computerName="runnervmf4ws1" duration="00:00:00.0001514" startTime="2025-09-12T12:00:31.3644992+00:00" endTime="2025-09-12T12:00:31.3646756+00:00" testType="13cdc9d9-ddb5-4fa4-a97d-d965ccfc6d4b" outcome="Passed" testListId="8c84fa94-04c1-424b-9868-57a2d4851a1d" relativeResultsDirectory="867ae642-8fe6-4b65-a8fb-bf5f7afda46b" />
    <UnitTestResult executionId="e4c3fb70-90f6-4931-8b1a-9916b3d8a96c" testId="dbb7f411-b5f6-5940-9199-3e373138ea62" testName="SGuard.DataAnnotations.Tests.Attributes.SGuardBetweenAttributeTests.ReturnsError_WhenMaxPropertyIsMissing" computerName="runnervmf4ws1" duration="00:00:00.0002832" startTime="2025-09-12T12:00:30.8722656+00:00" endTime="2025-09-12T12:00:30.8723742+00:00" testType="13cdc9d9-ddb5-4fa4-a97d-d965ccfc6d4b" outcome="Passed" testListId="8c84fa94-04c1-424b-9868-57a2d4851a1d" relativeResultsDirectory="e4c3fb70-90f6-4931-8b1a-9916b3d8a96c" />
    <UnitTestResult executionId="fa2d7956-7c21-4852-99f1-3ef7251c4455" testId="c15a0347-46b9-df19-da83-878a082eb368" testName="SGuard.DataAnnotations.Tests.Attributes.SGuardEmailAddressAttributeTests.ReturnsSuccess_WhenEmailHasTrailingSpaces" computerName="runnervmf4ws1" duration="00:00:00.0001331" startTime="2025-09-12T12:00:31.2930388+00:00" endTime="2025-09-12T12:00:31.2931746+00:00" testType="13cdc9d9-ddb5-4fa4-a97d-d965ccfc6d4b" outcome="Passed" testListId="8c84fa94-04c1-424b-9868-57a2d4851a1d" relativeResultsDirectory="fa2d7956-7c21-4852-99f1-3ef7251c4455" />
    <UnitTestResult executionId="381d7adf-80d3-4928-853d-0b5b697ea090" testId="7d8a176a-fa54-8051-a7f3-f108d795f3f4" testName="SGuard.DataAnnotations.Tests.Attributes.SGuardCreditCardAttributeTests.HandlesUnicodeDigits" computerName="runnervmf4ws1" duration="00:00:00.0001343" startTime="2025-09-12T12:00:30.9740233+00:00" endTime="2025-09-12T12:00:30.9741123+00:00" testType="13cdc9d9-ddb5-4fa4-a97d-d965ccfc6d4b" outcome="Passed" testListId="8c84fa94-04c1-424b-9868-57a2d4851a1d" relativeResultsDirectory="381d7adf-80d3-4928-853d-0b5b697ea090" />
    <UnitTestResult executionId="71cd5adf-5312-43ad-a9e5-d6c8875c5227" testId="5ef97b10-c488-3da5-ecf7-3c6ea686e808" testName="SGuard.DataAnnotations.Tests.Attributes.SGuardCreditCardAttributeTests.ReturnsSuccess_WhenValueIsValidTestCreditCard(cardNumber: &quot;4000000000000028&quot;)" computerName="runnervmf4ws1" duration="00:00:00.0000095" startTime="2025-09-12T12:00:30.9135069+00:00" endTime="2025-09-12T12:00:30.9136342+00:00" testType="13cdc9d9-ddb5-4fa4-a97d-d965ccfc6d4b" outcome="Passed" testListId="8c84fa94-04c1-424b-9868-57a2d4851a1d" relativeResultsDirectory="71cd5adf-5312-43ad-a9e5-d6c8875c5227" />
    <UnitTestResult executionId="248d17c1-7f26-4634-b5ac-76f420e364fa" testId="ba1a9dfc-528d-6e50-f61f-11a1db790f96" testName="SGuard.DataAnnotations.Tests.Attributes.SGuardBetweenAttributeTests.ReturnsLocalizedErrorMessage_WhenCultureIsSet(culture: &quot;fr&quot;)" computerName="runnervmf4ws1" duration="00:00:00.0001887" startTime="2025-09-12T12:00:30.8280261+00:00" endTime="2025-09-12T12:00:30.8281310+00:00" testType="13cdc9d9-ddb5-4fa4-a97d-d965ccfc6d4b" outcome="Passed" testListId="8c84fa94-04c1-424b-9868-57a2d4851a1d" relativeResultsDirectory="248d17c1-7f26-4634-b5ac-76f420e364fa" />
    <UnitTestResult executionId="133cb032-5022-407b-8348-024fd9ef10eb" testId="1f2dc6ca-9df8-7064-1fb5-32db23338a29" testName="SGuard.DataAnnotations.Tests.Attributes.SGuardBetweenAttributeTests.ReturnsError_WhenValueIsNull" computerName="runnervmf4ws1" duration="00:00:00.0001639" startTime="2025-09-12T12:00:30.8328241+00:00" endTime="2025-09-12T12:00:30.8329263+00:00" testType="13cdc9d9-ddb5-4fa4-a97d-d965ccfc6d4b" outcome="Passed" testListId="8c84fa94-04c1-424b-9868-57a2d4851a1d" relativeResultsDirectory="133cb032-5022-407b-8348-024fd9ef10eb" />
    <UnitTestResult executionId="59fa036b-e838-4bff-ac76-58ac5d1e6bc7" testId="772b2092-330c-2343-8fce-944ea8746573" testName="SGuard.DataAnnotations.Tests.Attributes.SGuardEmailAddressAttributeTests.ReturnsError_WhenValueIsInvalidEmailFormat(email: &quot;plainaddress&quot;)" computerName="runnervmf4ws1" duration="00:00:00.0000106" startTime="2025-09-12T12:00:31.3581893+00:00" endTime="2025-09-12T12:00:31.3583337+00:00" testType="13cdc9d9-ddb5-4fa4-a97d-d965ccfc6d4b" outcome="Passed" testListId="8c84fa94-04c1-424b-9868-57a2d4851a1d" relativeResultsDirectory="59fa036b-e838-4bff-ac76-58ac5d1e6bc7" />
    <UnitTestResult executionId="2ec684aa-f981-4ca6-81f2-1e51fd9e19fb" testId="b9b58e28-7f86-1f3e-1425-2302a7fc52a5" testName="SGuard.DataAnnotations.Tests.Attributes.SGuardEmailAddressAttributeTests.ReturnsError_WhenValueIsMissingDomainPart" computerName="runnervmf4ws1" duration="00:00:00.0001223" startTime="2025-09-12T12:00:31.3765769+00:00" endTime="2025-09-12T12:00:31.3767146+00:00" testType="13cdc9d9-ddb5-4fa4-a97d-d965ccfc6d4b" outcome="Passed" testListId="8c84fa94-04c1-424b-9868-57a2d4851a1d" relativeResultsDirectory="2ec684aa-f981-4ca6-81f2-1e51fd9e19fb" />
    <UnitTestResult executionId="fc84167d-26eb-4e64-959c-72566d6fda9c" testId="6720d7d6-f9fe-851e-f20f-3d7775f4d8f4" testName="SGuard.DataAnnotations.Tests.Attributes.SGuardCollectionItemsMatchAttributeTests.ReturnsSuccess_WhenAllItemsValid" computerName="runnervmf4ws1" duration="00:00:00.0004113" startTime="2025-09-12T12:00:30.7657156+00:00" endTime="2025-09-12T12:00:30.7658287+00:00" testType="13cdc9d9-ddb5-4fa4-a97d-d965ccfc6d4b" outcome="Passed" testListId="8c84fa94-04c1-424b-9868-57a2d4851a1d" relativeResultsDirectory="fc84167d-26eb-4e64-959c-72566d6fda9c" />
    <UnitTestResult executionId="a50bcc9d-53f2-4199-932d-6d55974f1b66" testId="053a42fc-4c9c-7fd1-fcb7-f392f88a1bd1" testName="SGuard.DataAnnotations.Tests.Attributes.SGuardRangeAttributeTests.ReturnsSuccess_WhenValueIsEqualToMinimum" computerName="runnervmf4ws1" duration="00:00:00.0001818" startTime="2025-09-12T12:00:31.0094197+00:00" endTime="2025-09-12T12:00:31.0095943+00:00" testType="13cdc9d9-ddb5-4fa4-a97d-d965ccfc6d4b" outcome="Passed" testListId="8c84fa94-04c1-424b-9868-57a2d4851a1d" relativeResultsDirectory="a50bcc9d-53f2-4199-932d-6d55974f1b66" />
    <UnitTestResult executionId="f0d09138-9302-44b9-b519-951695d8b4e2" testId="f9f8c945-4c81-643a-d9d2-4a8d836c22cd" testName="SGuard.DataAnnotations.Tests.Attributes.SGuardCreditCardAttributeTests.ReturnsError_WhenTabsAndNewlines" computerName="runnervmf4ws1" duration="00:00:00.0030097" startTime="2025-09-12T12:00:31.0035032+00:00" endTime="2025-09-12T12:00:31.0179697+00:00" testType="13cdc9d9-ddb5-4fa4-a97d-d965ccfc6d4b" outcome="Passed" testListId="8c84fa94-04c1-424b-9868-57a2d4851a1d" relativeResultsDirectory="f0d09138-9302-44b9-b519-951695d8b4e2" />
    <UnitTestResult executionId="280b1a86-34cb-4248-b7d5-0ca9d293f5e7" testId="e652b505-a128-5c9b-29b5-90454fd80729" testName="SGuard.DataAnnotations.Tests.Attributes.SGuardMaxCountAttributeTests.ReturnsError_WhenValueIsNotACollection" computerName="runnervmf4ws1" duration="00:00:00.0002179" startTime="2025-09-12T12:00:30.8652479+00:00" endTime="2025-09-12T12:00:30.8672170+00:00" testType="13cdc9d9-ddb5-4fa4-a97d-d965ccfc6d4b" outcome="Passed" testListId="8c84fa94-04c1-424b-9868-57a2d4851a1d" relativeResultsDirectory="280b1a86-34cb-4248-b7d5-0ca9d293f5e7" />
    <UnitTestResult executionId="62772209-6b6e-4a05-8908-d1e0c0376868" testId="05a3b24a-9973-d8c2-2a27-3d4a83d88f8d" testName="SGuard.DataAnnotations.Tests.Attributes.SGuardMaxCountAttributeTests.ReturnsSuccess_WhenDictionaryCountIsLessThanMax" computerName="runnervmf4ws1" duration="00:00:00.0002656" startTime="2025-09-12T12:00:30.8773039+00:00" endTime="2025-09-12T12:00:30.8779765+00:00" testType="13cdc9d9-ddb5-4fa4-a97d-d965ccfc6d4b" outcome="Passed" testListId="8c84fa94-04c1-424b-9868-57a2d4851a1d" relativeResultsDirectory="62772209-6b6e-4a05-8908-d1e0c0376868" />
    <UnitTestResult executionId="5b383574-c0fe-4c9d-b0e2-00e745c7d9f9" testId="79b6102e-e5c4-bce8-6bb3-bb0b4547cc45" testName="SGuard.DataAnnotations.Tests.Attributes.SGuardRequiredIfAttributeTests.ReturnsSuccess_WhenConditionMet_AndValueIsNonEmptyString" computerName="runnervmf4ws1" duration="00:00:00.0028172" startTime="2025-09-12T12:00:31.1542221+00:00" endTime="2025-09-12T12:00:31.1649233+00:00" testType="13cdc9d9-ddb5-4fa4-a97d-d965ccfc6d4b" outcome="Passed" testListId="8c84fa94-04c1-424b-9868-57a2d4851a1d" relativeResultsDirectory="5b383574-c0fe-4c9d-b0e2-00e745c7d9f9" />
    <UnitTestResult executionId="e9e6ee26-33f0-468e-9651-9a803ed523fc" testId="09cd4131-9ddb-feab-ff4c-35327c79c0f2" testName="SGuard.DataAnnotations.Tests.Attributes.SGuardRequiredIfAttributeTests.ReturnsError_WhenConditionMet_AndValueIsEmptyString" computerName="runnervmf4ws1" duration="00:00:00.0002058" startTime="2025-09-12T12:00:31.1772591+00:00" endTime="2025-09-12T12:00:31.1790365+00:00" testType="13cdc9d9-ddb5-4fa4-a97d-d965ccfc6d4b" outcome="Passed" testListId="8c84fa94-04c1-424b-9868-57a2d4851a1d" relativeResultsDirectory="e9e6ee26-33f0-468e-9651-9a803ed523fc" />
    <UnitTestResult executionId="c5bc687c-73a9-49c7-a403-4a4b0e6fddcf" testId="d3b31ccb-c638-f5ba-992a-be112a07b90f" testName="SGuard.DataAnnotations.Tests.Attributes.SGuardBetweenAttributeTests.ReturnsError_WhenMinValueIsNull" computerName="runnervmf4ws1" duration="00:00:00.0003318" startTime="2025-09-12T12:00:30.8462695+00:00" endTime="2025-09-12T12:00:30.8463871+00:00" testType="13cdc9d9-ddb5-4fa4-a97d-d965ccfc6d4b" outcome="Passed" testListId="8c84fa94-04c1-424b-9868-57a2d4851a1d" relativeResultsDirectory="c5bc687c-73a9-49c7-a403-4a4b0e6fddcf" />
    <UnitTestResult executionId="5018f1af-8848-4508-ba7d-06cc94c6f76e" testId="5df4ccfd-b38d-3660-7817-2444fb2dfa70" testName="SGuard.DataAnnotations.Tests.Attributes.SGuardEmailAddressAttributeTests.ReturnsSuccess_WhenValueIsValidEmailFormat(email: &quot;first.last@sub.domain.com&quot;)" computerName="runnervmf4ws1" duration="00:00:00.0000066" startTime="2025-09-12T12:00:31.3334911+00:00" endTime="2025-09-12T12:00:31.3336318+00:00" testType="13cdc9d9-ddb5-4fa4-a97d-d965ccfc6d4b" outcome="Passed" testListId="8c84fa94-04c1-424b-9868-57a2d4851a1d" relativeResultsDirectory="5018f1af-8848-4508-ba7d-06cc94c6f76e" />
    <UnitTestResult executionId="aa3f4db2-ded1-4b78-b0bc-ef6631b185ad" testId="0f6c30f4-eb74-3240-7d3a-baf8973e6bb1" testName="SGuard.DataAnnotations.Tests.Attributes.SGuardCreditCardAttributeTests.ReturnsSuccess_WhenValueHasSpaces" computerName="runnervmf4ws1" duration="00:00:00.0001335" startTime="2025-09-12T12:00:30.9471204+00:00" endTime="2025-09-12T12:00:30.9472678+00:00" testType="13cdc9d9-ddb5-4fa4-a97d-d965ccfc6d4b" outcome="Passed" testListId="8c84fa94-04c1-424b-9868-57a2d4851a1d" relativeResultsDirectory="aa3f4db2-ded1-4b78-b0bc-ef6631b185ad" />
    <UnitTestResult executionId="beebe143-6026-4839-a571-4807425689bb" testId="c7ec37c9-24c3-32c1-fc65-b1136af2dde0" testName="SGuard.DataAnnotations.Tests.Attributes.SGuardRequiredIfAttributeTests.ReturnsError_WhenConditionMet_AndValueIsNull" computerName="runnervmf4ws1" duration="00:00:00.0001393" startTime="2025-09-12T12:00:31.1805702+00:00" endTime="2025-09-12T12:00:31.1807342+00:00" testType="13cdc9d9-ddb5-4fa4-a97d-d965ccfc6d4b" outcome="Passed" testListId="8c84fa94-04c1-424b-9868-57a2d4851a1d" relativeResultsDirectory="beebe143-6026-4839-a571-4807425689bb" />
    <UnitTestResult executionId="5d5e8feb-191f-472f-af87-523e6b503452" testId="a4e6ddd9-7583-3067-73cf-2e7840fff423" testName="SGuard.DataAnnotations.Tests.Attributes.SGuardValidationAttributeBaseFallbackTests.Returns_ResourceNameInBrackets_IfNoFallbacksExist" computerName="runnervmf4ws1" duration="00:00:00.0001745" startTime="2025-09-12T12:00:30.8229603+00:00" endTime="2025-09-12T12:00:30.8230703+00:00" testType="13cdc9d9-ddb5-4fa4-a97d-d965ccfc6d4b" outcome="Passed" testListId="8c84fa94-04c1-424b-9868-57a2d4851a1d" relativeResultsDirectory="5d5e8feb-191f-472f-af87-523e6b503452" />
    <UnitTestResult executionId="990bd61d-cea0-49c5-bfa5-cf9e5cae36b4" testId="fc0a9000-97df-f708-4c59-7870abf02ad0" testName="SGuard.DataAnnotations.Tests.Attributes.SGuardCreditCardAttributeTests.ReturnsSuccess_WhenValueIsValidTestCreditCard(cardNumber: &quot;4000000000000002&quot;)" computerName="runnervmf4ws1" duration="00:00:00.0059628" startTime="2025-09-12T12:00:30.8999304+00:00" endTime="2025-09-12T12:00:30.9126870+00:00" testType="13cdc9d9-ddb5-4fa4-a97d-d965ccfc6d4b" outcome="Passed" testListId="8c84fa94-04c1-424b-9868-57a2d4851a1d" relativeResultsDirectory="990bd61d-cea0-49c5-bfa5-cf9e5cae36b4" />
    <UnitTestResult executionId="070451e5-6de9-4d26-902a-d87086e560eb" testId="5e3af1c4-3528-aed8-76db-88c3ab3aa210" testName="SGuard.DataAnnotations.Tests.Attributes.SGuardEmailAddressAttributeTests.ReturnsSuccess_WhenValueIsCommonEmailProvider(email: &quot;user@msn.com&quot;)" computerName="runnervmf4ws1" duration="00:00:00.0000059" startTime="2025-09-12T12:00:31.2478289+00:00" endTime="2025-09-12T12:00:31.2479899+00:00" testType="13cdc9d9-ddb5-4fa4-a97d-d965ccfc6d4b" outcome="Passed" testListId="8c84fa94-04c1-424b-9868-57a2d4851a1d" relativeResultsDirectory="070451e5-6de9-4d26-902a-d87086e560eb" />
    <UnitTestResult executionId="cc8ad099-2ba2-4607-8aed-e5b107dbe625" testId="691fb055-fa9f-4080-12ab-1eedac02ecc5" testName="SGuard.DataAnnotations.Tests.Attributes.SGuardGreaterThanAttributeTests.ReturnsError_WhenOtherIsNull" computerName="runnervmf4ws1" duration="00:00:00.0013364" startTime="2025-09-12T12:00:31.0853075+00:00" endTime="2025-09-12T12:00:31.0961943+00:00" testType="13cdc9d9-ddb5-4fa4-a97d-d965ccfc6d4b" outcome="Passed" testListId="8c84fa94-04c1-424b-9868-57a2d4851a1d" relativeResultsDirectory="cc8ad099-2ba2-4607-8aed-e5b107dbe625" />
    <UnitTestResult executionId="1c55c39b-9d8d-4c10-9142-7d51b4b78507" testId="975bc213-2c75-b935-523b-90e6664204c5" testName="SGuard.DataAnnotations.Tests.Attributes.SGuardEmailAddressAttributeTests.ReturnsSuccess_WhenValueIsCommonEmailProvider(email: &quot;user@outlook.com&quot;)" computerName="runnervmf4ws1" duration="00:00:00.0000074" startTime="2025-09-12T12:00:31.2459270+00:00" endTime="2025-09-12T12:00:31.2460969+00:00" testType="13cdc9d9-ddb5-4fa4-a97d-d965ccfc6d4b" outcome="Passed" testListId="8c84fa94-04c1-424b-9868-57a2d4851a1d" relativeResultsDirectory="1c55c39b-9d8d-4c10-9142-7d51b4b78507" />
    <UnitTestResult executionId="2adbbd76-77f9-431f-9880-cd72684c10c3" testId="14c349be-8853-129f-6fbb-0ec95eaeef3e" testName="SGuard.DataAnnotations.Tests.Attributes.SGuardEmailAddressAttributeTests.ReturnsNull_WhenValueIsUnsupportedInternationalEmail(email: &quot;müller@example.com&quot;)" computerName="runnervmf4ws1" duration="00:00:00.0000069" startTime="2025-09-12T12:00:31.3090749+00:00" endTime="2025-09-12T12:00:31.3092156+00:00" testType="13cdc9d9-ddb5-4fa4-a97d-d965ccfc6d4b" outcome="Passed" testListId="8c84fa94-04c1-424b-9868-57a2d4851a1d" relativeResultsDirectory="2adbbd76-77f9-431f-9880-cd72684c10c3" />
    <UnitTestResult executionId="23d1bf39-1661-4966-bdd4-4dca010784b0" testId="0a2061b9-9d3d-341f-4524-2ebf8f36de0f" testName="SGuard.DataAnnotations.Tests.DataAnnotation.ThrowIfTests.DataAnnotationsInValid_CallbackReceivesFailureOnThrow" computerName="runnervmf4ws1" duration="00:00:00.0031820" startTime="2025-09-12T12:00:31.0457210+00:00" endTime="2025-09-12T12:00:31.0596022+00:00" testType="13cdc9d9-ddb5-4fa4-a97d-d965ccfc6d4b" outcome="Passed" testListId="8c84fa94-04c1-424b-9868-57a2d4851a1d" relativeResultsDirectory="23d1bf39-1661-4966-bdd4-4dca010784b0" />
    <UnitTestResult executionId="a2905fa1-034d-48f9-8bb4-de7249d3de69" testId="e637339b-b38a-22b1-d566-282380c17576" testName="SGuard.DataAnnotations.Tests.Attributes.SGuardEmailAddressAttributeTests.ReturnsSuccess_WhenValueIsBusinessEmailFormat(email: &quot;sales@enterprise.eu&quot;)" computerName="runnervmf4ws1" duration="00:00:00.0001421" startTime="2025-09-12T12:00:31.2573491+00:00" endTime="2025-09-12T12:00:31.2590985+00:00" testType="13cdc9d9-ddb5-4fa4-a97d-d965ccfc6d4b" outcome="Passed" testListId="8c84fa94-04c1-424b-9868-57a2d4851a1d" relativeResultsDirectory="a2905fa1-034d-48f9-8bb4-de7249d3de69" />
    <UnitTestResult executionId="3344d8d4-8d35-480f-97dc-d87fc0658a92" testId="caf2e415-42c1-802e-5d26-994c0a176ae7" testName="SGuard.DataAnnotations.Tests.Attributes.SGuardMinCountAttributeTests.ReturnsError_WhenValueIsNullAndMinIsGreaterThanZero" computerName="runnervmf4ws1" duration="00:00:00.0001297" startTime="2025-09-12T12:00:30.9100598+00:00" endTime="2025-09-12T12:00:30.9101661+00:00" testType="13cdc9d9-ddb5-4fa4-a97d-d965ccfc6d4b" outcome="Passed" testListId="8c84fa94-04c1-424b-9868-57a2d4851a1d" relativeResultsDirectory="3344d8d4-8d35-480f-97dc-d87fc0658a92" />
    <UnitTestResult executionId="99bb0d78-9a55-40e1-88cf-7e0355c77bc3" testId="39e550b5-d651-1e73-281d-7944e70634fb" testName="SGuard.DataAnnotations.Tests.Attributes.SGuardCompareAttributeTests.ReturnsLocalizedErrorMessage_WhenCultureIsSet(culture: &quot;fr&quot;)" computerName="runnervmf4ws1" duration="00:00:00.0000259" startTime="2025-09-12T12:00:31.1137685+00:00" endTime="2025-09-12T12:00:31.1139097+00:00" testType="13cdc9d9-ddb5-4fa4-a97d-d965ccfc6d4b" outcome="Passed" testListId="8c84fa94-04c1-424b-9868-57a2d4851a1d" relativeResultsDirectory="99bb0d78-9a55-40e1-88cf-7e0355c77bc3" />
    <UnitTestResult executionId="e25a48e3-39d5-458b-bd74-d1dcfd647b0b" testId="f990b3b4-c789-9b95-242d-e1c954f9cc12" testName="SGuard.DataAnnotations.Tests.Attributes.SGuardCompareAttributeTests.WorksWithIntegerValues" computerName="runnervmf4ws1" duration="00:00:00.0002999" startTime="2025-09-12T12:00:31.0689062+00:00" endTime="2025-09-12T12:00:31.0690567+00:00" testType="13cdc9d9-ddb5-4fa4-a97d-d965ccfc6d4b" outcome="Passed" testListId="8c84fa94-04c1-424b-9868-57a2d4851a1d" relativeResultsDirectory="e25a48e3-39d5-458b-bd74-d1dcfd647b0b" />
    <UnitTestResult executionId="d57ad808-2891-4f11-b930-3c3aea5b9539" testId="3ed4f947-b1f0-26b6-00d3-ec8f0acffb81" testName="SGuard.DataAnnotations.Tests.Attributes.SGuardBetweenAttributeTests.ReturnsSuccess_WhenValueIsOnBounds_Inclusive" computerName="runnervmf4ws1" duration="00:00:00.0002259" startTime="2025-09-12T12:00:30.8703098+00:00" endTime="2025-09-12T12:00:30.8704127+00:00" testType="13cdc9d9-ddb5-4fa4-a97d-d965ccfc6d4b" outcome="Passed" testListId="8c84fa94-04c1-424b-9868-57a2d4851a1d" relativeResultsDirectory="d57ad808-2891-4f11-b930-3c3aea5b9539" />
    <UnitTestResult executionId="75af458c-9bd1-496d-ab1a-4b0ed38288c8" testId="a063e64e-d50e-1771-6f88-589c60e56cda" testName="SGuard.DataAnnotations.Tests.Attributes.SGuardRangeAttributeTests.ReturnsError_WhenDoubleValueIsAboveRange" computerName="runnervmf4ws1" duration="00:00:00.0004822" startTime="2025-09-12T12:00:31.0050064+00:00" endTime="2025-09-12T12:00:31.0051536+00:00" testType="13cdc9d9-ddb5-4fa4-a97d-d965ccfc6d4b" outcome="Passed" testListId="8c84fa94-04c1-424b-9868-57a2d4851a1d" relativeResultsDirectory="75af458c-9bd1-496d-ab1a-4b0ed38288c8" />
    <UnitTestResult executionId="a36ec860-9ac0-4284-8346-215a3f6bced1" testId="105b068b-5f70-b61a-c12a-2f0480355a18" testName="SGuard.DataAnnotations.Tests.Attributes.SGuardCreditCardAttributeTests.ReturnsSuccess_WhenValueIsWhitespace" computerName="runnervmf4ws1" duration="00:00:00.0001217" startTime="2025-09-12T12:00:30.9957000+00:00" endTime="2025-09-12T12:00:30.9957867+00:00" testType="13cdc9d9-ddb5-4fa4-a97d-d965ccfc6d4b" outcome="Passed" testListId="8c84fa94-04c1-424b-9868-57a2d4851a1d" relativeResultsDirectory="a36ec860-9ac0-4284-8346-215a3f6bced1" />
    <UnitTestResult executionId="88229a53-670f-46b4-afb5-794d8e7c4fde" testId="96f0a1d4-531c-3478-a078-bab16abfa397" testName="SGuard.DataAnnotations.Tests.Attributes.SGuardEmailAddressAttributeTests.ReturnsNull_WhenValueIsUnsupportedInternationalEmail(email: &quot;user@россия.рф&quot;)" computerName="runnervmf4ws1" duration="00:00:00.0001694" startTime="2025-09-12T12:00:31.3046300+00:00" endTime="2025-09-12T12:00:31.3047681+00:00" testType="13cdc9d9-ddb5-4fa4-a97d-d965ccfc6d4b" outcome="Passed" testListId="8c84fa94-04c1-424b-9868-57a2d4851a1d" relativeResultsDirectory="88229a53-670f-46b4-afb5-794d8e7c4fde" />
    <UnitTestResult executionId="1f69b335-9a46-45f5-aa02-7302c300bcdb" testId="f19b555b-116b-2f3a-0c2d-ec4548792f2e" testName="SGuard.DataAnnotations.Tests.Attributes.SGuardEmailAddressAttributeTests.ReturnsLocalizedErrorMessage_WhenCultureIsSet(culture: &quot;fr&quot;)" computerName="runnervmf4ws1" duration="00:00:00.0000172" startTime="2025-09-12T12:00:31.2901173+00:00" endTime="2025-09-12T12:00:31.2902434+00:00" testType="13cdc9d9-ddb5-4fa4-a97d-d965ccfc6d4b" outcome="Passed" testListId="8c84fa94-04c1-424b-9868-57a2d4851a1d" relativeResultsDirectory="1f69b335-9a46-45f5-aa02-7302c300bcdb" />
    <UnitTestResult executionId="4903ccfb-61ab-4811-a296-f5d5ca90d27c" testId="76eeeb2b-1455-fe34-82ad-4f434e3d08da" testName="SGuard.DataAnnotations.Tests.Attributes.SGuardBetweenAttributeTests.ReturnsLocalizedErrorMessage_WhenCultureIsSet(culture: &quot;en&quot;)" computerName="runnervmf4ws1" duration="00:00:00.0003968" startTime="2025-09-12T12:00:30.8318209+00:00" endTime="2025-09-12T12:00:30.8319237+00:00" testType="13cdc9d9-ddb5-4fa4-a97d-d965ccfc6d4b" outcome="Passed" testListId="8c84fa94-04c1-424b-9868-57a2d4851a1d" relativeResultsDirectory="4903ccfb-61ab-4811-a296-f5d5ca90d27c" />
    <UnitTestResult executionId="b816ce0a-cd53-4a8e-bd32-1ba73834e657" testId="e1ec4db0-5c0c-b229-761c-768bae20f6b1" testName="SGuard.DataAnnotations.Tests.Attributes.SGuardMinCountAttributeTests.ReturnsSuccess_WhenArrayCountIsGreaterThanOrEqualToMin" computerName="runnervmf4ws1" duration="00:00:00.0001436" startTime="2025-09-12T12:00:30.9231105+00:00" endTime="2025-09-12T12:00:30.9232202+00:00" testType="13cdc9d9-ddb5-4fa4-a97d-d965ccfc6d4b" outcome="Passed" testListId="8c84fa94-04c1-424b-9868-57a2d4851a1d" relativeResultsDirectory="b816ce0a-cd53-4a8e-bd32-1ba73834e657" />
    <UnitTestResult executionId="565207be-011e-44b7-bc9c-a6bf755a3b0b" testId="34d33db2-19a9-6856-2c67-8b6ff63ae856" testName="SGuard.DataAnnotations.Tests.Attributes.SGuardEmailAddressAttributeTests.HandlesHyphenInDomainName" computerName="runnervmf4ws1" duration="00:00:00.0001364" startTime="2025-09-12T12:00:31.3982616+00:00" endTime="2025-09-12T12:00:31.3984473+00:00" testType="13cdc9d9-ddb5-4fa4-a97d-d965ccfc6d4b" outcome="Passed" testListId="8c84fa94-04c1-424b-9868-57a2d4851a1d" relativeResultsDirectory="565207be-011e-44b7-bc9c-a6bf755a3b0b" />
    <UnitTestResult executionId="c1e398ac-6b72-4dab-b51c-9c9b44677901" testId="25b83878-87c8-b0a8-45e8-91d7ac1a9a5f" testName="SGuard.DataAnnotations.Tests.Attributes.SGuardEmailAddressAttributeTests.ReturnsLocalizedErrorMessage_WhenCultureIsSet(culture: &quot;hi&quot;)" computerName="runnervmf4ws1" duration="00:00:00.0002244" startTime="2025-09-12T12:00:31.2818435+00:00" endTime="2025-09-12T12:00:31.2835723+00:00" testType="13cdc9d9-ddb5-4fa4-a97d-d965ccfc6d4b" outcome="Passed" testListId="8c84fa94-04c1-424b-9868-57a2d4851a1d" relativeResultsDirectory="c1e398ac-6b72-4dab-b51c-9c9b44677901" />
    <UnitTestResult executionId="3cc8428b-63b5-4c52-be70-6da7422ca1ce" testId="a7359f7c-fb2e-bb3c-4d8b-0f3167da0c88" testName="SGuard.DataAnnotations.Tests.Attributes.SGuardCompareAttributeTests.SupportsMultipleAttributes_OnSameProperty" computerName="runnervmf4ws1" duration="00:00:00.0032049" startTime="2025-09-12T12:00:31.1388127+00:00" endTime="2025-09-12T12:00:31.1543672+00:00" testType="13cdc9d9-ddb5-4fa4-a97d-d965ccfc6d4b" outcome="Passed" testListId="8c84fa94-04c1-424b-9868-57a2d4851a1d" relativeResultsDirectory="3cc8428b-63b5-4c52-be70-6da7422ca1ce" />
    <UnitTestResult executionId="06fff16f-c505-434d-8f79-4f6cfaac9612" testId="0b94c834-d90e-9605-45d2-d9d132ae666f" testName="SGuard.DataAnnotations.Tests.Attributes.SGuardCreditCardAttributeTests.ReturnsSuccess_WhenValueIsValidTestCreditCard(cardNumber: &quot;5105105105105100&quot;)" computerName="runnervmf4ws1" duration="00:00:00.0005192" startTime="2025-09-12T12:00:30.8920197+00:00" endTime="2025-09-12T12:00:30.8921280+00:00" testType="13cdc9d9-ddb5-4fa4-a97d-d965ccfc6d4b" outcome="Passed" testListId="8c84fa94-04c1-424b-9868-57a2d4851a1d" relativeResultsDirectory="06fff16f-c505-434d-8f79-4f6cfaac9612" />
    <UnitTestResult executionId="085ea1ca-7b24-4373-a102-d1923024a1ff" testId="90ecebff-7662-d7b9-ab27-78972e03a435" testName="SGuard.DataAnnotations.Tests.Attributes.SGuardCompareAttributeTests.ReturnsError_WhenOnePropertyIsNull" computerName="runnervmf4ws1" duration="00:00:00.0001945" startTime="2025-09-12T12:00:31.1853398+00:00" endTime="2025-09-12T12:00:31.1872608+00:00" testType="13cdc9d9-ddb5-4fa4-a97d-d965ccfc6d4b" outcome="Passed" testListId="8c84fa94-04c1-424b-9868-57a2d4851a1d" relativeResultsDirectory="085ea1ca-7b24-4373-a102-d1923024a1ff" />
    <UnitTestResult executionId="977305fd-3e51-480b-ba88-51d20e17c8b0" testId="d2abbd7a-ef0c-371c-ddca-a09c27d6f3a8" testName="SGuard.DataAnnotations.Tests.DataAnnotation.ThrowIfTests.DataAnnotationsInValid_ValidObject_DoesNotThrow" computerName="runnervmf4ws1" duration="00:00:00.0002752" startTime="2025-09-12T12:00:30.9871990+00:00" endTime="2025-09-12T12:00:30.9873564+00:00" testType="13cdc9d9-ddb5-4fa4-a97d-d965ccfc6d4b" outcome="Passed" testListId="8c84fa94-04c1-424b-9868-57a2d4851a1d" relativeResultsDirectory="977305fd-3e51-480b-ba88-51d20e17c8b0" />
    <UnitTestResult executionId="30e7adbf-d834-4176-8b9c-e071dbdb71d7" testId="f949f09e-ebc0-f09b-1a13-db797c40c4c3" testName="SGuard.DataAnnotations.Tests.Attributes.SGuardCreditCardAttributeTests.ReturnsLocalizedErrorMessage_WhenCultureIsSet(culture: &quot;fr&quot;)" computerName="runnervmf4ws1" duration="00:00:00.0015845" startTime="2025-09-12T12:00:30.9611258+00:00" endTime="2025-09-12T12:00:30.9621486+00:00" testType="13cdc9d9-ddb5-4fa4-a97d-d965ccfc6d4b" outcome="Passed" testListId="8c84fa94-04c1-424b-9868-57a2d4851a1d" relativeResultsDirectory="30e7adbf-d834-4176-8b9c-e071dbdb71d7" />
    <UnitTestResult executionId="76b9a4c6-857b-4ca7-b263-c0011eada724" testId="d4093e7e-0ae8-6f2f-0f07-aa26770f8bc0" testName="SGuard.DataAnnotations.Tests.Attributes.SGuardPhoneAttributeTests.ReturnsError_WhenPhoneIsEmptyString" computerName="runnervmf4ws1" duration="00:00:00.0029347" startTime="2025-09-12T12:00:30.9856655+00:00" endTime="2025-09-12T12:00:30.9896459+00:00" testType="13cdc9d9-ddb5-4fa4-a97d-d965ccfc6d4b" outcome="Passed" testListId="8c84fa94-04c1-424b-9868-57a2d4851a1d" relativeResultsDirectory="76b9a4c6-857b-4ca7-b263-c0011eada724" />
    <UnitTestResult executionId="5955b2ec-7b87-477c-a175-318d71e80546" testId="19ecf8d1-7110-f15c-ef67-988f88f7bb41" testName="SGuard.DataAnnotations.Tests.Attributes.SGuardEmailAddressAttributeTests.ReturnsLocalizedErrorMessage_WhenCultureIsSet(culture: &quot;ru&quot;)" computerName="runnervmf4ws1" duration="00:00:00.0000160" startTime="2025-09-12T12:00:31.2886944+00:00" endTime="2025-09-12T12:00:31.2888313+00:00" testType="13cdc9d9-ddb5-4fa4-a97d-d965ccfc6d4b" outcome="Passed" testListId="8c84fa94-04c1-424b-9868-57a2d4851a1d" relativeResultsDirectory="5955b2ec-7b87-477c-a175-318d71e80546" />
    <UnitTestResult executionId="0dfa27df-3ed6-4570-b90d-3495368da8d2" testId="d4bc526c-662a-9d26-36b5-1e54e7922be1" testName="SGuard.DataAnnotations.Tests.Attributes.SGuardCreditCardAttributeTests.EcommerceCheckout_FormattedCard_Success" computerName="runnervmf4ws1" duration="00:00:00.0001381" startTime="2025-09-12T12:00:30.9966501+00:00" endTime="2025-09-12T12:00:30.9967370+00:00" testType="13cdc9d9-ddb5-4fa4-a97d-d965ccfc6d4b" outcome="Passed" testListId="8c84fa94-04c1-424b-9868-57a2d4851a1d" relativeResultsDirectory="0dfa27df-3ed6-4570-b90d-3495368da8d2" />
    <UnitTestResult executionId="209779fd-281b-4d7e-abdc-8010b44f2ce9" testId="1a45ac18-4cd8-b3a2-3eb6-7a2b6dbbd4c5" testName="SGuard.DataAnnotations.Tests.Attributes.SGuardBetweenAttributeTests.WorksWithStringValues_Inclusive" computerName="runnervmf4ws1" duration="00:00:00.0003026" startTime="2025-09-12T12:00:30.8753972+00:00" endTime="2025-09-12T12:00:30.8755295+00:00" testType="13cdc9d9-ddb5-4fa4-a97d-d965ccfc6d4b" outcome="Passed" testListId="8c84fa94-04c1-424b-9868-57a2d4851a1d" relativeResultsDirectory="209779fd-281b-4d7e-abdc-8010b44f2ce9" />
    <UnitTestResult executionId="9838dbe6-cac7-423c-a94a-cbe4f2e3eab4" testId="791ba3c9-e2ec-2647-6231-6e889590b831" testName="SGuard.DataAnnotations.Tests.Attributes.SGuardCreditCardAttributeTests.ReturnsSuccess_WhenValueIsValidDinersClub" computerName="runnervmf4ws1" duration="00:00:00.0001264" startTime="2025-09-12T12:00:30.9947584+00:00" endTime="2025-09-12T12:00:30.9948460+00:00" testType="13cdc9d9-ddb5-4fa4-a97d-d965ccfc6d4b" outcome="Passed" testListId="8c84fa94-04c1-424b-9868-57a2d4851a1d" relativeResultsDirectory="9838dbe6-cac7-423c-a94a-cbe4f2e3eab4" />
    <UnitTestResult executionId="ec63d72a-4023-4f94-8ae5-5f01b9cc970c" testId="ff516869-b695-969e-43b6-a1a4d0514602" testName="SGuard.DataAnnotations.Tests.Attributes.SGuardRangeAttributeTests.ReturnsError_WhenIntValueIsBelowRange" computerName="runnervmf4ws1" duration="00:00:00.0030878" startTime="2025-09-12T12:00:30.9912509+00:00" endTime="2025-09-12T12:00:31.0036954+00:00" testType="13cdc9d9-ddb5-4fa4-a97d-d965ccfc6d4b" outcome="Passed" testListId="8c84fa94-04c1-424b-9868-57a2d4851a1d" relativeResultsDirectory="ec63d72a-4023-4f94-8ae5-5f01b9cc970c" />
    <UnitTestResult executionId="ba40e980-7d1b-4777-9074-c48bbb7a6915" testId="052730fe-db9b-61be-f772-e92a351113ec" testName="SGuard.DataAnnotations.Tests.Attributes.SGuardCreditCardAttributeTests.ReturnsError_WhenValueIsObject" computerName="runnervmf4ws1" duration="00:00:00.0062582" startTime="2025-09-12T12:00:30.9767335+00:00" endTime="2025-09-12T12:00:30.9914820+00:00" testType="13cdc9d9-ddb5-4fa4-a97d-d965ccfc6d4b" outcome="Passed" testListId="8c84fa94-04c1-424b-9868-57a2d4851a1d" relativeResultsDirectory="ba40e980-7d1b-4777-9074-c48bbb7a6915" />
    <UnitTestResult executionId="ff9e40c5-41ec-48f6-8a3b-11dab2aca0eb" testId="06fd7059-3d6f-6c93-7a5a-42eb775a541b" testName="SGuard.DataAnnotations.Tests.Attributes.SGuardCreditCardAttributeTests.ReturnsSuccess_WhenValueIsValidTestCreditCard(cardNumber: &quot;3566002020360505&quot;)" computerName="runnervmf4ws1" duration="00:00:00.0000047" startTime="2025-09-12T12:00:30.9191134+00:00" endTime="2025-09-12T12:00:30.9192995+00:00" testType="13cdc9d9-ddb5-4fa4-a97d-d965ccfc6d4b" outcome="Passed" testListId="8c84fa94-04c1-424b-9868-57a2d4851a1d" relativeResultsDirectory="ff9e40c5-41ec-48f6-8a3b-11dab2aca0eb" />
    <UnitTestResult executionId="a0e0f137-fba9-4eac-9239-f755a0d3f682" testId="8da2c0e9-e99c-45b8-35cd-c98d5c3013f5" testName="SGuard.DataAnnotations.Tests.Attributes.SGuardPhoneAttributeTests.ReturnsLocalizedErrorMessage_WhenCultureIsSetToTurkish" computerName="runnervmf4ws1" duration="00:00:00.0004391" startTime="2025-09-12T12:00:30.9801019+00:00" endTime="2025-09-12T12:00:30.9816336+00:00" testType="13cdc9d9-ddb5-4fa4-a97d-d965ccfc6d4b" outcome="Passed" testListId="8c84fa94-04c1-424b-9868-57a2d4851a1d" relativeResultsDirectory="a0e0f137-fba9-4eac-9239-f755a0d3f682" />
    <UnitTestResult executionId="344ea2b2-9772-4aeb-8f5b-69c9b7f6386c" testId="0fccd154-e18e-f328-7847-cd4fb77e326e" testName="SGuard.DataAnnotations.Tests.Attributes.SGuardEmailAddressAttributeTests.HandlesSpecialCharactersInLocalPart" computerName="runnervmf4ws1" duration="00:00:00.0002065" startTime="2025-09-12T12:00:31.3797159+00:00" endTime="2025-09-12T12:00:31.3798449+00:00" testType="13cdc9d9-ddb5-4fa4-a97d-d965ccfc6d4b" outcome="Passed" testListId="8c84fa94-04c1-424b-9868-57a2d4851a1d" relativeResultsDirectory="344ea2b2-9772-4aeb-8f5b-69c9b7f6386c" />
    <UnitTestResult executionId="6d34d045-20ca-4a15-b8c4-5d100e7f3034" testId="25bfd5dc-d6fd-7060-1543-b6eff93eaa1d" testName="SGuard.DataAnnotations.Tests.Attributes.SGuardUrlAttributeTests.ThrowsArgumentNullException_WhenResourceTypeIsNull" computerName="runnervmf4ws1" duration="00:00:00.0029381" startTime="2025-09-12T12:00:30.8066981+00:00" endTime="2025-09-12T12:00:30.8093106+00:00" testType="13cdc9d9-ddb5-4fa4-a97d-d965ccfc6d4b" outcome="Passed" testListId="8c84fa94-04c1-424b-9868-57a2d4851a1d" relativeResultsDirectory="6d34d045-20ca-4a15-b8c4-5d100e7f3034" />
[...]
    <TestEntry testId="29679612-cd2c-cf4f-fb30-d0162e2a2e99" executionId="3bca0820-e382-466b-9c02-0f25cfbcb810" testListId="8c84fa94-04c1-424b-9868-57a2d4851a1d" />
    <TestEntry testId="c36e2ee8-7c55-dd44-7dfa-f01481b9295e" executionId="f6af2546-dd08-40ae-a16f-1a62f8c4e69b" testListId="8c84fa94-04c1-424b-9868-57a2d4851a1d" />
    <TestEntry testId="578d7777-a8cc-12a7-7a7d-d4d4b899625a" executionId="0f2470d8-01c7-46c1-bdd7-7a31ae9f47c5" testListId="8c84fa94-04c1-424b-9868-57a2d4851a1d" />
    <TestEntry testId="055f0230-574f-4d2a-47dc-7bd7d3f628d0" executionId="fa18b041-a739-49eb-8eae-097382b60702" testListId="8c84fa94-04c1-424b-9868-57a2d4851a1d" />
    <TestEntry testId="e155cf08-d288-7aa5-799b-063b0b43ec53" executionId="134ad4e1-0e46-4e82-9c98-1c4778b90f1f" testListId="8c84fa94-04c1-424b-9868-57a2d4851a1d" />
    <TestEntry testId="809e9d94-66f6-dae8-2b5d-501b7d7b5945" executionId="4a6d7db9-def9-462a-853e-b607c913d02c" testListId="8c84fa94-04c1-424b-9868-57a2d4851a1d" />
    <TestEntry testId="f6ac9da3-f4bb-8f2c-f90a-0ad85587c002" executionId="eb093d30-c138-487a-87b4-ac16fe84eaea" testListId="8c84fa94-04c1-424b-9868-57a2d4851a1d" />
    <TestEntry testId="87ff368c-2f6c-e2c1-52f5-5a144623f490" executionId="22422b04-99de-4bb1-9279-400a33f76b44" testListId="8c84fa94-04c1-424b-9868-57a2d4851a1d" />
    <TestEntry testId="bd7bddfa-4b13-cac6-2538-99d0e6e9aaf2" executionId="6545f564-70d4-4e44-80eb-d8771c96416c" testListId="8c84fa94-04c1-424b-9868-57a2d4851a1d" />
    <TestEntry testId="fa752d66-28d7-68b0-4a54-7085fb7dac2f" executionId="08e2ee77-44fa-469d-9f01-0f6364244020" testListId="8c84fa94-04c1-424b-9868-57a2d4851a1d" />
    <TestEntry testId="67af8a8d-4a22-a9e2-abf0-def7c53b0fd8" executionId="d4b9c5d8-316b-4c2a-a276-d1c5f04b0624" testListId="8c84fa94-04c1-424b-9868-57a2d4851a1d" />
    <TestEntry testId="748a7229-c38b-23ee-5fdd-862ea90d566d" executionId="f7187273-a424-4e69-8d0b-2b273b576682" testListId="8c84fa94-04c1-424b-9868-57a2d4851a1d" />
    <TestEntry testId="3e83b502-61b1-b054-a794-f59f4c4c2693" executionId="a6ebc46e-a8a7-428d-90a3-2b0559fb470c" testListId="8c84fa94-04c1-424b-9868-57a2d4851a1d" />
    <TestEntry testId="701f587a-5d18-199f-026c-ebd21e1df910" executionId="27db91a2-9638-47a2-90a7-05305cefac5b" testListId="8c84fa94-04c1-424b-9868-57a2d4851a1d" />
    <TestEntry testId="a35a1793-5ee3-f926-ff94-e5d154b60c65" executionId="c038d6fd-f11c-4a63-bef4-c0eaba130552" testListId="8c84fa94-04c1-424b-9868-57a2d4851a1d" />
    <TestEntry testId="624d1e9e-c1f1-b5dd-e74e-7b5abb6322df" executionId="b2667029-5a8f-4393-9fa1-b7efed00d2b0" testListId="8c84fa94-04c1-424b-9868-57a2d4851a1d" />
    <TestEntry testId="281c9429-94f0-d2a5-41e9-6547ef1e8299" executionId="8c271af9-1402-4390-9164-4a0570044e69" testListId="8c84fa94-04c1-424b-9868-57a2d4851a1d" />
    <TestEntry testId="c7f2fb08-11b4-e8d2-b9b9-3bf6fbe1918f" executionId="78f3bde2-b537-4168-964e-dd9435221518" testListId="8c84fa94-04c1-424b-9868-57a2d4851a1d" />
    <TestEntry testId="8d246871-36db-3a8c-1edc-aa2a9aaa0923" executionId="04feb432-3073-40de-a4c3-74ae40b6a4a0" testListId="8c84fa94-04c1-424b-9868-57a2d4851a1d" />
    <TestEntry testId="35b76dca-0f99-b77f-db41-bd1c7f9c0f7f" executionId="d49d3d70-dbe8-4723-ba99-82881114ae24" testListId="8c84fa94-04c1-424b-9868-57a2d4851a1d" />
    <TestEntry testId="9f63bd5d-0f31-1ffd-576e-c665a4cc7de0" executionId="bad86dd2-4bfa-4405-b314-6095777e86cd" testListId="8c84fa94-04c1-424b-9868-57a2d4851a1d" />
    <TestEntry testId="2986eca1-77a1-4319-3b1b-6fa3d5a3f516" executionId="b748e290-212a-43f9-9683-f92802416375" testListId="8c84fa94-04c1-424b-9868-57a2d4851a1d" />
    <TestEntry testId="5096c926-13b1-b25c-0b95-818693baaf41" executionId="387d1dc5-f223-48f7-ba4d-6857928c514b" testListId="8c84fa94-04c1-424b-9868-57a2d4851a1d" />
    <TestEntry testId="9bca95a5-a33d-a683-4344-4c17db026fa8" executionId="40eb1a4a-1fb7-4e0b-a836-a3dfd58adfcf" testListId="8c84fa94-04c1-424b-9868-57a2d4851a1d" />
    <TestEntry testId="c9e17951-e43f-8200-3417-432bd1307c56" executionId="95fd5fba-a759-4da8-9784-2031dedb51a2" testListId="8c84fa94-04c1-424b-9868-57a2d4851a1d" />
    <TestEntry testId="f4355151-5143-6537-86b3-bbe7fff78f20" executionId="a1308ef9-fa0a-46d6-9b94-7f09c3a90912" testListId="8c84fa94-04c1-424b-9868-57a2d4851a1d" />
    <TestEntry testId="3713b015-69bc-bbff-ec12-2a3a05404871" executionId="b4d53b27-d613-4579-a51f-eb01f298130c" testListId="8c84fa94-04c1-424b-9868-57a2d4851a1d" />
    <TestEntry testId="1784d12b-da19-58ea-1ce0-28b4c319e25a" executionId="d4be63fb-5000-4998-a307-635e056a6894" testListId="8c84fa94-04c1-424b-9868-57a2d4851a1d" />
    <TestEntry testId="1c59d7c9-063b-4e4d-eeb7-8b7090f5e894" executionId="e1e63b38-660f-4163-a208-62d2fabbeec2" testListId="8c84fa94-04c1-424b-9868-57a2d4851a1d" />
    <TestEntry testId="ab0ad024-438f-f472-30c1-e0859cd770e6" executionId="55cde3b1-5daf-45f4-930d-33d43b1ae06e" testListId="8c84fa94-04c1-424b-9868-57a2d4851a1d" />
    <TestEntry testId="d19b4370-dfc6-ad20-cdc0-734574e441c8" executionId="e803a591-dac1-4559-9187-fd6576452052" testListId="8c84fa94-04c1-424b-9868-57a2d4851a1d" />
    <TestEntry testId="58eebdef-28a3-7d06-c213-4aa00f14b8b1" executionId="20cc22b8-65bb-4544-86a2-928db5d8b5b0" testListId="8c84fa94-04c1-424b-9868-57a2d4851a1d" />
    <TestEntry testId="4dc72e31-0b94-fa03-d555-333ccea89411" executionId="4a4e3635-b028-4b68-8886-8df097e36270" testListId="8c84fa94-04c1-424b-9868-57a2d4851a1d" />
    <TestEntry testId="688c869f-43c2-c56d-139b-753ad9c4e2b8" executionId="568c5404-2879-444a-82ea-71047636f66c" testListId="8c84fa94-04c1-424b-9868-57a2d4851a1d" />
    <TestEntry testId="7e7b9c1e-babc-ac42-36f5-c064ed6a9a1c" executionId="954e9cfc-1462-45d7-93c2-88dfbfdc8ba6" testListId="8c84fa94-04c1-424b-9868-57a2d4851a1d" />
    <TestEntry testId="9302277b-8281-96ce-7164-eed276a176b3" executionId="ef140acd-315e-483a-a624-f9ab345d4ed0" testListId="8c84fa94-04c1-424b-9868-57a2d4851a1d" />
    <TestEntry testId="4cfe696d-2c66-ba14-94e5-b1c7f8adc785" executionId="31e65eaa-17d3-4586-a73f-c9abace90c4b" testListId="8c84fa94-04c1-424b-9868-57a2d4851a1d" />
    <TestEntry testId="79fbb9cd-cbc8-b948-10ce-5d9bcbab381c" executionId="5b10ff01-7c20-4ad6-8a74-06436986a808" testListId="8c84fa94-04c1-424b-9868-57a2d4851a1d" />
    <TestEntry testId="7c32f423-8e0c-a2de-85b6-19e6c1f80dce" executionId="5942d153-d124-4977-ae6c-877371d15dab" testListId="8c84fa94-04c1-424b-9868-57a2d4851a1d" />
    <TestEntry testId="bd88b21d-6448-e40c-0742-fc2176115994" executionId="7f804f9d-cea0-4e4c-a2ce-29d5177a33e1" testListId="8c84fa94-04c1-424b-9868-57a2d4851a1d" />
    <TestEntry testId="7a45e5b4-b37c-dd0d-42d4-b89ff4a76390" executionId="073e5071-320a-4c34-88a6-e334a96465f8" testListId="8c84fa94-04c1-424b-9868-57a2d4851a1d" />
    <TestEntry testId="c3d2bc6c-b99d-0b63-9c60-e4b9e91013f0" executionId="33a35417-39b3-490f-94a2-72b347315eee" testListId="8c84fa94-04c1-424b-9868-57a2d4851a1d" />
    <TestEntry testId="7f1262c7-9267-6848-7a6a-63fee330a8ad" executionId="e92c0b38-48f6-4d5b-8d8f-2f28950c79fd" testListId="8c84fa94-04c1-424b-9868-57a2d4851a1d" />
    <TestEntry testId="181598e2-c6b1-2784-b176-289e525b0b8a" executionId="7821bc49-e301-45cb-9b69-fddff3afd3bc" testListId="8c84fa94-04c1-424b-9868-57a2d4851a1d" />
    <TestEntry testId="ecad3456-8296-c58d-d8eb-144a0cc42e21" executionId="2451ccec-620e-45c4-9af0-13bec5ae0304" testListId="8c84fa94-04c1-424b-9868-57a2d4851a1d" />
    <TestEntry testId="e2003228-eccc-5e56-b410-7f365127fa8c" executionId="f7f4b759-66fd-43b2-befe-7fe6cd5693ed" testListId="8c84fa94-04c1-424b-9868-57a2d4851a1d" />
    <TestEntry testId="dab30612-e288-76a9-0e8e-556c3a8ddede" executionId="17387b19-77ac-4d73-9cbf-28cdc883f81e" testListId="8c84fa94-04c1-424b-9868-57a2d4851a1d" />
    <TestEntry testId="a9e3ef2d-963b-68b9-593a-b3e2a08e6467" executionId="f8c1bd74-71bc-444e-bf09-3432ebb68f0d" testListId="8c84fa94-04c1-424b-9868-57a2d4851a1d" />
    <TestEntry testId="915cc370-a4c5-cec5-8e75-cea5cb32f409" executionId="3213a461-2055-4b91-a767-ba3d98553f86" testListId="8c84fa94-04c1-424b-9868-57a2d4851a1d" />
    <TestEntry testId="ed1d94bc-fd0b-21ab-f84b-7c81cc08363b" executionId="c9337335-bb41-4906-b2ed-63174ac2cf82" testListId="8c84fa94-04c1-424b-9868-57a2d4851a1d" />
    <TestEntry testId="704f035e-345a-debb-839b-c97ef7751c63" executionId="cae00f83-71da-4bd3-9a43-42bd70bbf833" testListId="8c84fa94-04c1-424b-9868-57a2d4851a1d" />
    <TestEntry testId="8d452b53-bcbd-4ef9-87eb-bb2d9bd289be" executionId="49ebb55d-b288-495b-85b7-aff18b7259fd" testListId="8c84fa94-04c1-424b-9868-57a2d4851a1d" />
    <TestEntry testId="62c15762-4136-aa73-30e0-83968e3e2c19" executionId="d33e1168-50e4-47d2-9cce-4a1e9a78c1b3" testListId="8c84fa94-04c1-424b-9868-57a2d4851a1d" />
    <TestEntry testId="18611a79-282d-65c0-3de9-f03975e1e6ec" executionId="75dfa439-a461-4dcd-96e6-0c5278f807f4" testListId="8c84fa94-04c1-424b-9868-57a2d4851a1d" />
    <TestEntry testId="6f5d4c82-e97a-8919-fcd3-1e6e9b124483" executionId="c96d5e65-c068-46ac-addc-f2f1a28632c7" testListId="8c84fa94-04c1-424b-9868-57a2d4851a1d" />
    <TestEntry testId="cad8a71e-9ec3-0cfe-ecda-314fd7839d3f" executionId="13122ffa-4ff1-4cb4-833d-580176c8a952" testListId="8c84fa94-04c1-424b-9868-57a2d4851a1d" />
    <TestEntry testId="415ed7a6-e4fc-36b9-c8af-402d2a0972cd" executionId="a9382ceb-e4c1-47ac-a6ed-b4fc233c738b" testListId="8c84fa94-04c1-424b-9868-57a2d4851a1d" />
    <TestEntry testId="857359ab-93f4-c81a-1caf-710aa5c3e845" executionId="890d5f2a-4a9c-4f3d-9866-e18f5d6f9cb5" testListId="8c84fa94-04c1-424b-9868-57a2d4851a1d" />
    <TestEntry testId="e7be3592-afc7-ffe3-a95b-c00da1b739a3" executionId="1bd314ba-dc69-4739-aab0-76bc20feaa86" testListId="8c84fa94-04c1-424b-9868-57a2d4851a1d" />
    <TestEntry testId="7eb94941-9267-40cb-594c-0bac2724caba" executionId="80a09d04-2fea-4204-9ece-f7db4c93c072" testListId="8c84fa94-04c1-424b-9868-57a2d4851a1d" />
    <TestEntry testId="470fb097-9a54-a344-e7af-6f2c0d1e77b6" executionId="4aa00a2d-123b-4a3d-8ca5-7181d5006587" testListId="8c84fa94-04c1-424b-9868-57a2d4851a1d" />
    <TestEntry testId="f791abfc-b2b5-9902-1a21-5b3a0eb9fef0" executionId="515a89ab-81fd-4470-b08b-4c94356abab8" testListId="8c84fa94-04c1-424b-9868-57a2d4851a1d" />
    <TestEntry testId="d5e44dbb-4518-24d0-e50b-48d357d042f7" executionId="48d1e9b8-fcdc-4a80-84a4-4b48764b61ab" testListId="8c84fa94-04c1-424b-9868-57a2d4851a1d" />
    <TestEntry testId="b1dff3e0-131a-5859-39fa-f522da206203" executionId="81ab34da-255f-4970-87fe-e8da7c31cf4e" testListId="8c84fa94-04c1-424b-9868-57a2d4851a1d" />
    <TestEntry testId="38e9c795-2c39-ddc9-8e2f-42c2f16c253a" executionId="bd8d3162-612d-48d1-9d12-460a9eb57730" testListId="8c84fa94-04c1-424b-9868-57a2d4851a1d" />
    <TestEntry testId="1e1dce66-ffc3-e974-fca9-ab0825641ba8" executionId="db11b86f-dca2-42d3-a175-6265fcd46190" testListId="8c84fa94-04c1-424b-9868-57a2d4851a1d" />
    <TestEntry testId="90364ebf-e194-1b77-acdc-71873e1b7143" executionId="00f72201-d11d-4c58-b8dc-d5bf89bfdb24" testListId="8c84fa94-04c1-424b-9868-57a2d4851a1d" />
    <TestEntry testId="79fd0968-acd4-fda0-1a03-2af9466b13a4" executionId="edca02ad-f30a-4f9e-8495-ad96cc5c3465" testListId="8c84fa94-04c1-424b-9868-57a2d4851a1d" />
    <TestEntry testId="57a39652-a5d5-4278-0df9-a00ced5dc2dd" executionId="6bb1a80e-da59-4445-a197-d09a89027fcd" testListId="8c84fa94-04c1-424b-9868-57a2d4851a1d" />
    <TestEntry testId="d45fd41a-f325-8d0c-8cb4-5ef3eec767f3" executionId="ab493395-da17-43a5-8f9f-ce3926f3fbd6" testListId="8c84fa94-04c1-424b-9868-57a2d4851a1d" />
    <TestEntry testId="120bac6d-5e17-34c3-3c30-c83be9c5ac60" executionId="a7de55bd-b436-4273-8a0c-319baa07d3fe" testListId="8c84fa94-04c1-424b-9868-57a2d4851a1d" />
    <TestEntry testId="2744c131-c3ef-c9ac-68af-49e8d228d0e8" executionId="6de54175-f8bd-451e-8972-89ae5bdb5042" testListId="8c84fa94-04c1-424b-9868-57a2d4851a1d" />
    <TestEntry testId="1bec7ca9-f747-370f-4b0f-e38d88280d42" executionId="8efbd468-208f-4f21-8a72-9f2b64762f2c" testListId="8c84fa94-04c1-424b-9868-57a2d4851a1d" />
    <TestEntry testId="2187ad65-87f0-bfcf-d975-396aa8f70701" executionId="8c5cd9fc-2048-419a-93c6-141c885fe8a3" testListId="8c84fa94-04c1-424b-9868-57a2d4851a1d" />
    <TestEntry testId="56861c5d-39e6-3ef1-24f6-45f32a97656f" executionId="cfb64d77-0d7a-441a-85d8-d3a7cc8ae6fe" testListId="8c84fa94-04c1-424b-9868-57a2d4851a1d" />
    <TestEntry testId="6dbe238a-784e-6e0e-2206-9ec117063a6b" executionId="68024187-4069-4a0a-bc5b-16c27539036b" testListId="8c84fa94-04c1-424b-9868-57a2d4851a1d" />
    <TestEntry testId="bbb948a4-a310-7b5a-5c14-9d12bfbfa6f7" executionId="377abe3c-7e47-481c-bfe3-f2c52bcb923f" testListId="8c84fa94-04c1-424b-9868-57a2d4851a1d" />
    <TestEntry testId="c549c10a-c324-af07-fecf-e15608df2050" executionId="c172b3e7-8658-4ca4-906d-7b20f4fd53e0" testListId="8c84fa94-04c1-424b-9868-57a2d4851a1d" />
    <TestEntry testId="eabbcd14-fd00-2fcc-d0e2-9b4db26c5b35" executionId="955b1a81-2bc4-452c-82bb-a815b101b5e2" testListId="8c84fa94-04c1-424b-9868-57a2d4851a1d" />
    <TestEntry testId="6468c7f7-1dba-3b2c-fe98-4295b607576f" executionId="f483744d-001e-45c5-9249-5e86992601d7" testListId="8c84fa94-04c1-424b-9868-57a2d4851a1d" />
    <TestEntry testId="34bb9170-eeee-de83-f14e-fab906187457" executionId="94a97073-cbf1-47f2-a945-f2c3a85e79ad" testListId="8c84fa94-04c1-424b-9868-57a2d4851a1d" />
    <TestEntry testId="d156e5b9-654d-a683-4a2d-9157a01701ce" executionId="d3b01b0e-c569-41f0-aaf0-18d306fe84c2" testListId="8c84fa94-04c1-424b-9868-57a2d4851a1d" />
    <TestEntry testId="df6321b2-10b9-6d13-6238-d319917341ab" executionId="59e67070-1d63-491b-9cb7-ca89151b9e6a" testListId="8c84fa94-04c1-424b-9868-57a2d4851a1d" />
    <TestEntry testId="66a7b72e-e613-1578-a384-99df38db76ce" executionId="b4f7a8cb-55e8-450c-9dc6-838bf9482a8c" testListId="8c84fa94-04c1-424b-9868-57a2d4851a1d" />
    <TestEntry testId="c73d6aaa-e241-d2c3-1e63-c59fd12ac92a" executionId="14f55e8c-9704-474f-a42c-03bec28e8da3" testListId="8c84fa94-04c1-424b-9868-57a2d4851a1d" />
    <TestEntry testId="fc64d6a4-4d66-20a9-e79f-39d54b13b967" executionId="378ce0f8-8815-4d36-b462-1bc5a977bfbc" testListId="8c84fa94-04c1-424b-9868-57a2d4851a1d" />
    <TestEntry testId="653de172-362a-be3a-768f-6a69e8db83d2" executionId="9eea5bf6-9ef1-4082-ad2b-40b59fe9e240" testListId="8c84fa94-04c1-424b-9868-57a2d4851a1d" />
    <TestEntry testId="f411bd58-ac3a-44a3-7650-4adf178fb426" executionId="2248ef27-009c-4c5a-85c0-4ca2e9af66c0" testListId="8c84fa94-04c1-424b-9868-57a2d4851a1d" />
    <TestEntry testId="61c2b2fd-0ce4-077d-21b4-8840be5ccace" executionId="366d252e-954a-4e3e-aa1a-2bb312b5578e" testListId="8c84fa94-04c1-424b-9868-57a2d4851a1d" />
    <TestEntry testId="54490ebb-e886-c42d-4637-268057915b16" executionId="045bc4d5-b2eb-407f-aa61-4459e6adaefd" testListId="8c84fa94-04c1-424b-9868-57a2d4851a1d" />
    <TestEntry testId="3ecd118f-8996-e62a-8936-670ee4ab429e" executionId="d35abbf2-fb4e-4ca9-b2bf-01ea82b78294" testListId="8c84fa94-04c1-424b-9868-57a2d4851a1d" />
    <TestEntry testId="1c58e614-ef61-f2a2-cfd8-182a4e35570b" executionId="297cdd0d-87cb-45b3-9f67-1eb3707ecb64" testListId="8c84fa94-04c1-424b-9868-57a2d4851a1d" />
    <TestEntry testId="6bd89629-720d-4b18-a416-282071dbac55" executionId="e7794c72-99fc-409b-be05-1598c561f03a" testListId="8c84fa94-04c1-424b-9868-57a2d4851a1d" />
    <TestEntry testId="c217cd52-6433-05a1-a077-a582de5aaa62" executionId="2f90c216-ee7d-43fb-b230-d1f7e2565f4b" testListId="8c84fa94-04c1-424b-9868-57a2d4851a1d" />
    <TestEntry testId="cdc70ef9-d940-c6b1-6aac-232e4151b4c8" executionId="e3ce540a-c433-46c4-8fba-689280269334" testListId="8c84fa94-04c1-424b-9868-57a2d4851a1d" />
    <TestEntry testId="a0b3e48f-64c8-93f7-f166-55b897c5df65" executionId="9bff4296-4540-4e2c-8eb5-8938ac206839" testListId="8c84fa94-04c1-424b-9868-57a2d4851a1d" />
    <TestEntry testId="f3b4a254-455d-3192-9248-5344bd916d75" executionId="e91f922a-dfe2-4a1b-9412-cfd1a90fffb2" testListId="8c84fa94-04c1-424b-9868-57a2d4851a1d" />
    <TestEntry testId="798e2a36-c3fb-899f-cb61-fb0c1e959e70" executionId="a519f02d-a38a-4ac1-a7e7-433ea4870311" testListId="8c84fa94-04c1-424b-9868-57a2d4851a1d" />
    <TestEntry testId="d1b029e0-b871-55db-0bbc-4a36bc450b81" executionId="9aad3b5e-086a-497e-a3a9-707f671a87e0" testListId="8c84fa94-04c1-424b-9868-57a2d4851a1d" />
    <TestEntry testId="07f208e9-5d3e-7b2e-6a59-4da49d2f6cd9" executionId="2d7fa49d-2380-4972-a775-89166dfa05be" testListId="8c84fa94-04c1-424b-9868-57a2d4851a1d" />
    <TestEntry testId="49da038f-537c-1970-55c5-0f0dc151893c" executionId="7b31413c-22cd-4634-b108-15c47fdc9adb" testListId="8c84fa94-04c1-424b-9868-57a2d4851a1d" />
    <TestEntry testId="21519bf4-c01d-c275-8cd9-6e0df3fad4f2" executionId="f904d158-f97e-401f-913e-6b35cd71f23b" testListId="8c84fa94-04c1-424b-9868-57a2d4851a1d" />
    <TestEntry testId="ec59795f-94f2-656f-f495-1bb2fb83958a" executionId="5b9849d1-87be-42ce-97e3-58c9757eef4f" testListId="8c84fa94-04c1-424b-9868-57a2d4851a1d" />
    <TestEntry testId="0bce7d4a-3968-3e49-ebb4-a685b9d62474" executionId="102a6781-607f-4a3a-9124-a66ecaea593c" testListId="8c84fa94-04c1-424b-9868-57a2d4851a1d" />
    <TestEntry testId="dcf0db55-732a-fafb-7f82-1b8350768679" executionId="2fe2eb4d-9461-442c-a1c2-5ded522d8e40" testListId="8c84fa94-04c1-424b-9868-57a2d4851a1d" />
    <TestEntry testId="7878f711-caab-1cca-2af9-08abc8bcb3d3" executionId="b2152eef-6e53-45d1-94ae-ddc00c190920" testListId="8c84fa94-04c1-424b-9868-57a2d4851a1d" />
    <TestEntry testId="098ba28d-ad73-0c69-8587-f0f62e9ace89" executionId="ba96b988-c78e-438d-a003-dd469e87db23" testListId="8c84fa94-04c1-424b-9868-57a2d4851a1d" />
    <TestEntry testId="9d9f8a4f-fb5f-d9c1-b8a2-a33f0fcb61c1" executionId="28ae82f6-a5ae-4e53-8efb-f320f5dd7d17" testListId="8c84fa94-04c1-424b-9868-57a2d4851a1d" />
    <TestEntry testId="c0a539f8-814b-e830-149d-5e924d770f89" executionId="1cd72ef9-d44d-40b9-8d7c-c1a152a42b48" testListId="8c84fa94-04c1-424b-9868-57a2d4851a1d" />
    <TestEntry testId="072e86b7-7eb2-688d-998d-1e5870775db4" executionId="de8e8ba0-b005-45cc-98e3-7a29709f10d7" testListId="8c84fa94-04c1-424b-9868-57a2d4851a1d" />
    <TestEntry testId="9f46c073-ddef-8b94-cb56-edd20a0d1dcb" executionId="8b434d05-4ba4-486a-bd97-24e0d1a4679e" testListId="8c84fa94-04c1-424b-9868-57a2d4851a1d" />
    <TestEntry testId="74763ec8-6686-be4e-cacc-79e58aa84404" executionId="33f9dcb5-009d-4975-b556-b7dcccb013a4" testListId="8c84fa94-04c1-424b-9868-57a2d4851a1d" />
  </TestEntries>
  <TestLists>
    <TestList name="Results Not in a List" id="8c84fa94-04c1-424b-9868-57a2d4851a1d" />
    <TestList name="All Loaded Results" id="19431567-8539-422a-85d7-44ee4e166bda" />
  </TestLists>
  <ResultSummary outcome="Completed">
    <Counters total="353" executed="353" passed="353" failed="0" error="0" timeout="0" aborted="0" inconclusive="0" passedButRunAborted="0" notRunnable="0" notExecuted="0" disconnected="0" warning="0" completed="0" inProgress="0" pending="0" />
    <Output>
      <StdOut>[xUnit.net 00:00:00.00] xUnit.net VSTest Adapter v3.0.2+dd36e86129 (64-bit .NET 8.0.20)
[xUnit.net 00:00:00.12]   Discovering: SGuard.DataAnnotations.Tests
[xUnit.net 00:00:00.28]   Discovered:  SGuard.DataAnnotations.Tests
[xUnit.net 00:00:00.40]   Starting:    SGuard.DataAnnotations.Tests
[xUnit.net 00:00:01.25]   Finished:    SGuard.DataAnnotations.Tests
</StdOut>
    </Output>
    <CollectorDataEntries>
      <Collector agentName="runnervmf4ws1" uri="datacollector://microsoft/CoverletCodeCoverage/1.0" collectorDisplayName="XPlat code coverage">
        <UriAttachments>
          <UriAttachment>
            <A href="runnervmf4ws1/coverage.cobertura[1].xml"></A>
          </UriAttachment>
          <UriAttachment>
            <A href="runnervmf4ws1/coverage.opencover[1].xml"></A>
          </UriAttachment>
        </UriAttachments>
      </Collector>
    </CollectorDataEntries>
  </ResultSummary>
</TestRun>