<?xml version="1.0" encoding="utf-8"?>
<TestRun id="bb33934b-c754-42c4-a73b-15475e9e97c2" name="@runnervmf4ws1 2025-09-09 22:27:26" xmlns="http://microsoft.com/schemas/VisualStudio/TeamTest/2010">
  <Times creation="2025-09-09T22:27:26.2910748+00:00" queuing="2025-09-09T22:27:26.2910749+00:00" start="2025-09-09T22:27:23.6614761+00:00" finish="2025-09-09T22:27:27.2919185+00:00" />
  <TestSettings name="default" id="77dfe8d9-caf0-476d-9040-0f05ba3599a8">
    <Deployment runDeploymentRoot="_runnervmf4ws1_2025-09-09_22_27_26" />
  </TestSettings>
  <Results>
    <UnitTestResult executionId="1d6d66a2-2458-4980-bfa2-b550e243864f" testId="75d791fa-8719-80d0-9a8b-76d17eff6ec0" testName="SGuard.DataAnnotations.Tests.Attributes.SGuardCreditCardAttributeTests.ReturnsError_WhenValueContainsLetters" computerName="runnervmf4ws1" duration="00:00:00.0001313" startTime="2025-09-09T22:27:26.5947116+00:00" endTime="2025-09-09T22:27:26.5948401+00:00" testType="13cdc9d9-ddb5-4fa4-a97d-d965ccfc6d4b" outcome="Passed" testListId="8c84fa94-04c1-424b-9868-57a2d4851a1d" relativeResultsDirectory="1d6d66a2-2458-4980-bfa2-b550e243864f" />
    <UnitTestResult executionId="9cf6bba0-f453-475e-8e82-3132410942e8" testId="742ef234-b8c9-6062-4fcb-53fe85c46061" testName="SGuard.DataAnnotations.Tests.Attributes.SGuardCreditCardAttributeTests.ReturnsSuccess_WhenValueIsValidTestCreditCard(cardNumber: &quot;5555555555554444&quot;)" computerName="runnervmf4ws1" duration="00:00:00.0001694" startTime="2025-09-09T22:27:26.4922059+00:00" endTime="2025-09-09T22:27:26.4923385+00:00" testType="13cdc9d9-ddb5-4fa4-a97d-d965ccfc6d4b" outcome="Passed" testListId="8c84fa94-04c1-424b-9868-57a2d4851a1d" relativeResultsDirectory="9cf6bba0-f453-475e-8e82-3132410942e8" />
    <UnitTestResult executionId="49dafe2d-48ef-44e6-ba52-d34bdbcaa08a" testId="fc0a9000-97df-f708-4c59-7870abf02ad0" testName="SGuard.DataAnnotations.Tests.Attributes.SGuardCreditCardAttributeTests.ReturnsSuccess_WhenValueIsValidTestCreditCard(cardNumber: &quot;4000000000000002&quot;)" computerName="runnervmf4ws1" duration="00:00:00.0000053" startTime="2025-09-09T22:27:26.5014580+00:00" endTime="2025-09-09T22:27:26.5015944+00:00" testType="13cdc9d9-ddb5-4fa4-a97d-d965ccfc6d4b" outcome="Passed" testListId="8c84fa94-04c1-424b-9868-57a2d4851a1d" relativeResultsDirectory="49dafe2d-48ef-44e6-ba52-d34bdbcaa08a" />
    <UnitTestResult executionId="00a3b135-67c0-4aec-ad35-7dd726cf9908" testId="1f2dc6ca-9df8-7064-1fb5-32db23338a29" testName="SGuard.DataAnnotations.Tests.Attributes.SGuardBetweenAttributeTests.ReturnsError_WhenValueIsNull" computerName="runnervmf4ws1" duration="00:00:00.0002073" startTime="2025-09-09T22:27:26.6584327+00:00" endTime="2025-09-09T22:27:26.6585872+00:00" testType="13cdc9d9-ddb5-4fa4-a97d-d965ccfc6d4b" outcome="Passed" testListId="8c84fa94-04c1-424b-9868-57a2d4851a1d" relativeResultsDirectory="00a3b135-67c0-4aec-ad35-7dd726cf9908" />
    <UnitTestResult executionId="48f7ddad-75cb-4d22-8037-a453afca6057" testId="772b2092-330c-2343-8fce-944ea8746573" testName="SGuard.DataAnnotations.Tests.Attributes.SGuardEmailAddressAttributeTests.ReturnsError_WhenValueIsInvalidEmailFormat(email: &quot;plainaddress&quot;)" computerName="runnervmf4ws1" duration="00:00:00.0000063" startTime="2025-09-09T22:27:26.3851924+00:00" endTime="2025-09-09T22:27:26.3852451+00:00" testType="13cdc9d9-ddb5-4fa4-a97d-d965ccfc6d4b" outcome="Passed" testListId="8c84fa94-04c1-424b-9868-57a2d4851a1d" relativeResultsDirectory="48f7ddad-75cb-4d22-8037-a453afca6057" />
    <UnitTestResult executionId="89b5a2ea-2ba4-486b-b4f4-3ef4de9e3781" testId="a35af25c-d766-53c1-c164-013f8f5be8cd" testName="SGuard.DataAnnotations.Tests.Attributes.SGuardEmailAddressAttributeTests.ReturnsError_WhenValueIsInvalidEmailFormat(email: &quot;two@@domain.com&quot;)" computerName="runnervmf4ws1" duration="00:00:00.0002693" startTime="2025-09-09T22:27:26.3815262+00:00" endTime="2025-09-09T22:27:26.3816272+00:00" testType="13cdc9d9-ddb5-4fa4-a97d-d965ccfc6d4b" outcome="Passed" testListId="8c84fa94-04c1-424b-9868-57a2d4851a1d" relativeResultsDirectory="89b5a2ea-2ba4-486b-b4f4-3ef4de9e3781" />
    <UnitTestResult executionId="103992d7-f8ea-4dc3-abc6-b129fa11ba14" testId="85624a0f-d223-bb77-7954-ebd125cbf213" testName="SGuard.DataAnnotations.Tests.Attributes.SGuardMinLengthAttributeTests.ThrowsArgumentNullException_WhenResourceTypeIsNull" computerName="runnervmf4ws1" duration="00:00:00.0002637" startTime="2025-09-09T22:27:26.3944572+00:00" endTime="2025-09-09T22:27:26.3945595+00:00" testType="13cdc9d9-ddb5-4fa4-a97d-d965ccfc6d4b" outcome="Passed" testListId="8c84fa94-04c1-424b-9868-57a2d4851a1d" relativeResultsDirectory="103992d7-f8ea-4dc3-abc6-b129fa11ba14" />
    <UnitTestResult executionId="a74b7322-ae5f-4e35-889f-9878fae424b2" testId="a08e760c-58a4-705b-7818-14cc52b1e625" testName="SGuard.DataAnnotations.Tests.Attributes.SGuardUrlAttributeTests.ThrowsArgumentNullException_WhenResourceNameIsNull" computerName="runnervmf4ws1" duration="00:00:00.0001901" startTime="2025-09-09T22:27:26.4474210+00:00" endTime="2025-09-09T22:27:26.4475430+00:00" testType="13cdc9d9-ddb5-4fa4-a97d-d965ccfc6d4b" outcome="Passed" testListId="8c84fa94-04c1-424b-9868-57a2d4851a1d" relativeResultsDirectory="a74b7322-ae5f-4e35-889f-9878fae424b2" />
    <UnitTestResult executionId="2025e54b-87b0-4f16-8fc6-b1880ac0b61a" testId="18611a79-282d-65c0-3de9-f03975e1e6ec" testName="SGuard.DataAnnotations.Tests.Attributes.SGuardCreditCardAttributeTests.ReturnsSuccess_WhenValueIsValidTestCreditCard(cardNumber: &quot;378282246310005&quot;)" computerName="runnervmf4ws1" duration="00:00:00.0000038" startTime="2025-09-09T22:27:26.5061017+00:00" endTime="2025-09-09T22:27:26.5062236+00:00" testType="13cdc9d9-ddb5-4fa4-a97d-d965ccfc6d4b" outcome="Passed" testListId="8c84fa94-04c1-424b-9868-57a2d4851a1d" relativeResultsDirectory="2025e54b-87b0-4f16-8fc6-b1880ac0b61a" />
    <UnitTestResult executionId="a449ec91-dce5-4cca-b652-98beaa49c35c" testId="cdc70ef9-d940-c6b1-6aac-232e4151b4c8" testName="SGuard.DataAnnotations.Tests.DataAnnotation.IsTests.DataAnnotationsValid_CallbackReceivesSuccessOnTrue" computerName="runnervmf4ws1" duration="00:00:00.0003744" startTime="2025-09-09T22:27:26.7539896+00:00" endTime="2025-09-09T22:27:26.7541276+00:00" testType="13cdc9d9-ddb5-4fa4-a97d-d965ccfc6d4b" outcome="Passed" testListId="8c84fa94-04c1-424b-9868-57a2d4851a1d" relativeResultsDirectory="a449ec91-dce5-4cca-b652-98beaa49c35c" />
    <UnitTestResult executionId="42de794b-f772-4dcd-be93-be8bea078a99" testId="2a8fbf31-0ca2-e190-916c-cbcadfb34c4d" testName="SGuard.DataAnnotations.Tests.Attributes.SGuardEmailAddressAttributeTests.ReturnsSuccess_WhenValueIsCommonEmailProvider(email: &quot;user@yandex.com&quot;)" computerName="runnervmf4ws1" duration="00:00:00.0000041" startTime="2025-09-09T22:27:26.3198502+00:00" endTime="2025-09-09T22:27:26.3199976+00:00" testType="13cdc9d9-ddb5-4fa4-a97d-d965ccfc6d4b" outcome="Passed" testListId="8c84fa94-04c1-424b-9868-57a2d4851a1d" relativeResultsDirectory="42de794b-f772-4dcd-be93-be8bea078a99" />
    <UnitTestResult executionId="37809c14-c7cd-4767-b545-29a41b82a418" testId="7d8a176a-fa54-8051-a7f3-f108d795f3f4" testName="SGuard.DataAnnotations.Tests.Attributes.SGuardCreditCardAttributeTests.HandlesUnicodeDigits" computerName="runnervmf4ws1" duration="00:00:00.0001341" startTime="2025-09-09T22:27:26.5889119+00:00" endTime="2025-09-09T22:27:26.5890443+00:00" testType="13cdc9d9-ddb5-4fa4-a97d-d965ccfc6d4b" outcome="Passed" testListId="8c84fa94-04c1-424b-9868-57a2d4851a1d" relativeResultsDirectory="37809c14-c7cd-4767-b545-29a41b82a418" />
    <UnitTestResult executionId="76e8c4d5-ed34-4eba-81b7-4e1033c7738b" testId="1a721b5c-3d09-5ac7-2dc9-85146d3f176d" testName="SGuard.DataAnnotations.Tests.Attributes.SGuardUrlAttributeTests.ReturnsError_WhenValueIsWhitespaceString" computerName="runnervmf4ws1" duration="00:00:00.0004020" startTime="2025-09-09T22:27:26.4359570+00:00" endTime="2025-09-09T22:27:26.4360991+00:00" testType="13cdc9d9-ddb5-4fa4-a97d-d965ccfc6d4b" outcome="Passed" testListId="8c84fa94-04c1-424b-9868-57a2d4851a1d" relativeResultsDirectory="76e8c4d5-ed34-4eba-81b7-4e1033c7738b" />
    <UnitTestResult executionId="603a364a-1b04-486c-9c3e-2609dde824e3" testId="ff516869-b695-969e-43b6-a1a4d0514602" testName="SGuard.DataAnnotations.Tests.Attributes.SGuardRangeAttributeTests.ReturnsError_WhenIntValueIsBelowRange" computerName="runnervmf4ws1" duration="00:00:00.0007542" startTime="2025-09-09T22:27:26.7212170+00:00" endTime="2025-09-09T22:27:26.7213416+00:00" testType="13cdc9d9-ddb5-4fa4-a97d-d965ccfc6d4b" outcome="Passed" testListId="8c84fa94-04c1-424b-9868-57a2d4851a1d" relativeResultsDirectory="603a364a-1b04-486c-9c3e-2609dde824e3" />
    <UnitTestResult executionId="f7aa57ba-ad11-4042-80ec-f2b54fd3e6dd" testId="d5e44dbb-4518-24d0-e50b-48d357d042f7" testName="SGuard.DataAnnotations.Tests.Attributes.SGuardBetweenAttributeTests.HandlesEqualMinMaxValues_Exclusive" computerName="runnervmf4ws1" duration="00:00:00.0140987" startTime="2025-09-09T22:27:26.5554342+00:00" endTime="2025-09-09T22:27:26.6427387+00:00" testType="13cdc9d9-ddb5-4fa4-a97d-d965ccfc6d4b" outcome="Passed" testListId="8c84fa94-04c1-424b-9868-57a2d4851a1d" relativeResultsDirectory="f7aa57ba-ad11-4042-80ec-f2b54fd3e6dd" />
    <UnitTestResult executionId="7d25a812-09b0-453a-a069-4efafbc2ebc0" testId="41d1dc10-037d-3140-006f-371abcd3b22f" testName="SGuard.DataAnnotations.Tests.Attributes.SGuardEmailAddressAttributeTests.Constructor_ThrowsArgumentNullException_WhenResourceTypeIsNull" computerName="runnervmf4ws1" duration="00:00:00.0004013" startTime="2025-09-09T22:27:26.4018416+00:00" endTime="2025-09-09T22:27:26.4019549+00:00" testType="13cdc9d9-ddb5-4fa4-a97d-d965ccfc6d4b" outcome="Passed" testListId="8c84fa94-04c1-424b-9868-57a2d4851a1d" relativeResultsDirectory="7d25a812-09b0-453a-a069-4efafbc2ebc0" />
    <UnitTestResult executionId="bdf6a011-bf66-465f-833f-2b6de6fc87a0" testId="39e550b5-d651-1e73-281d-7944e70634fb" testName="SGuard.DataAnnotations.Tests.Attributes.SGuardCompareAttributeTests.ReturnsLocalizedErrorMessage_WhenCultureIsSet(culture: &quot;fr&quot;)" computerName="runnervmf4ws1" duration="00:00:00.0003414" startTime="2025-09-09T22:27:26.3001865+00:00" endTime="2025-09-09T22:27:26.3002979+00:00" testType="13cdc9d9-ddb5-4fa4-a97d-d965ccfc6d4b" outcome="Passed" testListId="8c84fa94-04c1-424b-9868-57a2d4851a1d" relativeResultsDirectory="bdf6a011-bf66-465f-833f-2b6de6fc87a0" />
    <UnitTestResult executionId="33c094fc-74b0-47ad-a848-e8ee320655a8" testId="df6321b2-10b9-6d13-6238-d319917341ab" testName="SGuard.DataAnnotations.Tests.Attributes.SGuardCompareAttributeTests.WorksWithNullableValues_BothAreNull" computerName="runnervmf4ws1" duration="00:00:00.0002557" startTime="2025-09-09T22:27:26.3094848+00:00" endTime="2025-09-09T22:27:26.3115425+00:00" testType="13cdc9d9-ddb5-4fa4-a97d-d965ccfc6d4b" outcome="Passed" testListId="8c84fa94-04c1-424b-9868-57a2d4851a1d" relativeResultsDirectory="33c094fc-74b0-47ad-a848-e8ee320655a8" />
    <UnitTestResult executionId="f03a55d3-e5ed-48d4-b2c9-59a8a4ac17d5" testId="d19b4370-dfc6-ad20-cdc0-734574e441c8" testName="SGuard.DataAnnotations.Tests.Attributes.SGuardCompareAttributeTests.ReturnsLocalizedErrorMessage_WhenCultureIsSet(culture: &quot;ja&quot;)" computerName="runnervmf4ws1" duration="00:00:00.0003312" startTime="2025-09-09T22:27:26.3041319+00:00" endTime="2025-09-09T22:27:26.3042303+00:00" testType="13cdc9d9-ddb5-4fa4-a97d-d965ccfc6d4b" outcome="Passed" testListId="8c84fa94-04c1-424b-9868-57a2d4851a1d" relativeResultsDirectory="f03a55d3-e5ed-48d4-b2c9-59a8a4ac17d5" />
    <UnitTestResult executionId="46223e09-6e48-4e8f-aa8b-487b433f856c" testId="f37e4da3-55e9-bcbc-5daa-20e2f9ea9c73" testName="SGuard.DataAnnotations.Tests.Attributes.SGuardCompareAttributeTests.WorksWithDecimalValues" computerName="runnervmf4ws1" duration="00:00:00.0003869" startTime="2025-09-09T22:27:26.3621606+00:00" endTime="2025-09-09T22:27:26.3622126+00:00" testType="13cdc9d9-ddb5-4fa4-a97d-d965ccfc6d4b" outcome="Passed" testListId="8c84fa94-04c1-424b-9868-57a2d4851a1d" relativeResultsDirectory="46223e09-6e48-4e8f-aa8b-487b433f856c" />
    <UnitTestResult executionId="218b21d6-b5c9-42eb-a8c6-c43a47b8b982" testId="080775d4-6b69-5bc3-992d-f0e3c7374a4e" testName="SGuard.DataAnnotations.Tests.Attributes.SGuardMaxLengthAttributeTests.ReturnsSuccess_WhenStringIsShorterThanMaxLength" computerName="runnervmf4ws1" duration="00:00:00.0001248" startTime="2025-09-09T22:27:26.4702381+00:00" endTime="2025-09-09T22:27:26.4703026+00:00" testType="13cdc9d9-ddb5-4fa4-a97d-d965ccfc6d4b" outcome="Passed" testListId="8c84fa94-04c1-424b-9868-57a2d4851a1d" relativeResultsDirectory="218b21d6-b5c9-42eb-a8c6-c43a47b8b982" />
    <UnitTestResult executionId="31b69068-c6bc-48aa-8f77-727b64216f8e" testId="62c9ec44-80ed-02a9-9ec1-e3f94f21f664" testName="SGuard.DataAnnotations.Tests.Attributes.SGuardRangeAttributeTests.ReturnsSuccess_WhenValueIsNull" computerName="runnervmf4ws1" duration="00:00:00.0001231" startTime="2025-09-09T22:27:26.7343317+00:00" endTime="2025-09-09T22:27:26.7344624+00:00" testType="13cdc9d9-ddb5-4fa4-a97d-d965ccfc6d4b" outcome="Passed" testListId="8c84fa94-04c1-424b-9868-57a2d4851a1d" relativeResultsDirectory="31b69068-c6bc-48aa-8f77-727b64216f8e" />
    <UnitTestResult executionId="32752e7e-2afb-4e1a-85f2-6109d3614632" testId="f3b4a254-455d-3192-9248-5344bd916d75" testName="SGuard.DataAnnotations.Tests.Attributes.SGuardEmailAddressAttributeTests.ReturnsSuccess_WhenEmailHasLeadingSpaces" computerName="runnervmf4ws1" duration="00:00:00.0001256" startTime="2025-09-09T22:27:26.4035759+00:00" endTime="2025-09-09T22:27:26.4036569+00:00" testType="13cdc9d9-ddb5-4fa4-a97d-d965ccfc6d4b" outcome="Passed" testListId="8c84fa94-04c1-424b-9868-57a2d4851a1d" relativeResultsDirectory="32752e7e-2afb-4e1a-85f2-6109d3614632" />
    <UnitTestResult executionId="45f1ea23-e954-401c-a804-69983bd0defe" testId="35e180e0-97c7-14cc-9717-39e2851aa539" testName="SGuard.DataAnnotations.Tests.Attributes.SGuardBetweenAttributeTests.HandlesEqualMinMaxValues_Inclusive" computerName="runnervmf4ws1" duration="00:00:00.0001487" startTime="2025-09-09T22:27:26.8309194+00:00" endTime="2025-09-09T22:27:26.8312038+00:00" testType="13cdc9d9-ddb5-4fa4-a97d-d965ccfc6d4b" outcome="Passed" testListId="8c84fa94-04c1-424b-9868-57a2d4851a1d" relativeResultsDirectory="45f1ea23-e954-401c-a804-69983bd0defe" />
    <UnitTestResult executionId="c327d562-8d32-4f39-abda-ceb08a576d12" testId="61359edb-5c48-88c2-762f-54ff8f83ac8f" testName="SGuard.DataAnnotations.Tests.Attributes.SGuardCreditCardAttributeTests.ReturnsError_WhenValueIsInvalidTestCreditCard(cardNumber: &quot;4000000000000001&quot;)" computerName="runnervmf4ws1" duration="00:00:00.0000106" startTime="2025-09-09T22:27:26.5246661+00:00" endTime="2025-09-09T22:27:26.5247777+00:00" testType="13cdc9d9-ddb5-4fa4-a97d-d965ccfc6d4b" outcome="Passed" testListId="8c84fa94-04c1-424b-9868-57a2d4851a1d" relativeResultsDirectory="c327d562-8d32-4f39-abda-ceb08a576d12" />
    <UnitTestResult executionId="4f751148-09ac-4aec-a58b-0c05792743f8" testId="5a51352c-3de9-808e-63ee-89577a10f209" testName="SGuard.DataAnnotations.Tests.Attributes.SGuardRangeAttributeTests.ReturnsError_WhenIntValueIsAboveRange" computerName="runnervmf4ws1" duration="00:00:00.0001404" startTime="2025-09-09T22:27:26.7490268+00:00" endTime="2025-09-09T22:27:26.7491660+00:00" testType="13cdc9d9-ddb5-4fa4-a97d-d965ccfc6d4b" outcome="Passed" testListId="8c84fa94-04c1-424b-9868-57a2d4851a1d" relativeResultsDirectory="4f751148-09ac-4aec-a58b-0c05792743f8" />
    <UnitTestResult executionId="2dba1e43-3e1d-41a1-9549-b42464b2a576" testId="a4f33591-7a3c-578a-9bbc-4bab9c2eb6fa" testName="SGuard.DataAnnotations.Tests.Attributes.SGuardCompareAttributeTests.PasswordConfirmation_Success" computerName="runnervmf4ws1" duration="00:00:00.0001622" startTime="2025-09-09T22:27:26.3404754+00:00" endTime="2025-09-09T22:27:26.3408497+00:00" testType="13cdc9d9-ddb5-4fa4-a97d-d965ccfc6d4b" outcome="Passed" testListId="8c84fa94-04c1-424b-9868-57a2d4851a1d" relativeResultsDirectory="2dba1e43-3e1d-41a1-9549-b42464b2a576" />
    <UnitTestResult executionId="678cafed-ab99-4db6-9b26-7fb2bb0b0496" testId="51c51bea-f89b-c996-c1ac-8ab3ff59328a" testName="SGuard.DataAnnotations.Tests.Attributes.SGuardMaxCountAttributeTests.ReturnsError_WhenDictionaryCountExceedsMax" computerName="runnervmf4ws1" duration="00:00:00.0001745" startTime="2025-09-09T22:27:26.4654573+00:00" endTime="2025-09-09T22:27:26.4655906+00:00" testType="13cdc9d9-ddb5-4fa4-a97d-d965ccfc6d4b" outcome="Passed" testListId="8c84fa94-04c1-424b-9868-57a2d4851a1d" relativeResultsDirectory="678cafed-ab99-4db6-9b26-7fb2bb0b0496" />
    <UnitTestResult executionId="8b77fe98-4c6a-4345-ad3a-b58c6af63669" testId="120bac6d-5e17-34c3-3c30-c83be9c5ac60" testName="SGuard.DataAnnotations.Tests.Attributes.SGuardEmailAddressAttributeTests.ReturnsSuccess_WhenValueIsBusinessEmailFormat(email: &quot;support@service.net&quot;)" computerName="runnervmf4ws1" duration="00:00:00.0000037" startTime="2025-09-09T22:27:26.3377445+00:00" endTime="2025-09-09T22:27:26.3377946+00:00" testType="13cdc9d9-ddb5-4fa4-a97d-d965ccfc6d4b" outcome="Passed" testListId="8c84fa94-04c1-424b-9868-57a2d4851a1d" relativeResultsDirectory="8b77fe98-4c6a-4345-ad3a-b58c6af63669" />
    <UnitTestResult executionId="4b18466d-54c1-485e-982f-93797ada10c7" testId="d1018631-d89f-4c5e-539a-e617e86cc282" testName="SGuard.DataAnnotations.Tests.Attributes.SGuardRangeAttributeTests.ReturnsSuccess_WhenDoubleValueIsWithinRange" computerName="runnervmf4ws1" duration="00:00:00.0001892" startTime="2025-09-09T22:27:26.7244258+00:00" endTime="2025-09-09T22:27:26.7245717+00:00" testType="13cdc9d9-ddb5-4fa4-a97d-d965ccfc6d4b" outcome="Passed" testListId="8c84fa94-04c1-424b-9868-57a2d4851a1d" relativeResultsDirectory="4b18466d-54c1-485e-982f-93797ada10c7" />
    <UnitTestResult executionId="87c7fc10-0bbd-4465-8b4d-afd36a7d44c7" testId="6b29304a-704e-4700-c826-15ad3f573c5c" testName="SGuard.DataAnnotations.Tests.Attributes.SGuardCreditCardAttributeTests.ReturnsError_WhenOnlyWhitespace" computerName="runnervmf4ws1" duration="00:00:00.0001396" startTime="2025-09-09T22:27:26.5777232+00:00" endTime="2025-09-09T22:27:26.5778579+00:00" testType="13cdc9d9-ddb5-4fa4-a97d-d965ccfc6d4b" outcome="Passed" testListId="8c84fa94-04c1-424b-9868-57a2d4851a1d" relativeResultsDirectory="87c7fc10-0bbd-4465-8b4d-afd36a7d44c7" />
    <UnitTestResult executionId="5fb4dff6-1e37-4f28-8ba9-a61027577930" testId="653de172-362a-be3a-768f-6a69e8db83d2" testName="SGuard.DataAnnotations.Tests.Attributes.SGuardRequiredIfAttributeTests.ReturnsError_WhenInvertIsTrue_AndConditionIsNotMet_AndValueIsNull" computerName="runnervmf4ws1" duration="00:00:00.0003669" startTime="2025-09-09T22:27:26.4720421+00:00" endTime="2025-09-09T22:27:26.4721064+00:00" testType="13cdc9d9-ddb5-4fa4-a97d-d965ccfc6d4b" outcome="Passed" testListId="8c84fa94-04c1-424b-9868-57a2d4851a1d" relativeResultsDirectory="5fb4dff6-1e37-4f28-8ba9-a61027577930" />
    <UnitTestResult executionId="88f815b7-2937-47ea-ae0a-0bf31f549604" testId="6445b153-8bd3-09d0-a13f-62fd6c102d0c" testName="SGuard.DataAnnotations.Tests.Attributes.SGuardLessThanAttributeTests.ReturnsSuccess_WhenDateValueIsLessThanOther" computerName="runnervmf4ws1" duration="00:00:00.0002663" startTime="2025-09-09T22:27:26.7864683+00:00" endTime="2025-09-09T22:27:26.8321148+00:00" testType="13cdc9d9-ddb5-4fa4-a97d-d965ccfc6d4b" outcome="Passed" testListId="8c84fa94-04c1-424b-9868-57a2d4851a1d" relativeResultsDirectory="88f815b7-2937-47ea-ae0a-0bf31f549604" />
    <UnitTestResult executionId="6652b708-08f5-4aa6-b858-93055e0efa1e" testId="d156e5b9-654d-a683-4a2d-9157a01701ce" testName="SGuard.DataAnnotations.Tests.Attributes.SGuardLessThanAttributeTests.ReturnsError_WhenDateValueIsNotLessThanOther" computerName="runnervmf4ws1" duration="00:00:00.0031423" startTime="2025-09-09T22:27:26.8347242+00:00" endTime="2025-09-09T22:27:26.8349295+00:00" testType="13cdc9d9-ddb5-4fa4-a97d-d965ccfc6d4b" outcome="Passed" testListId="8c84fa94-04c1-424b-9868-57a2d4851a1d" relativeResultsDirectory="6652b708-08f5-4aa6-b858-93055e0efa1e" />
    <UnitTestResult executionId="bfa7ea1c-d645-471f-86ac-bf9e3d32a6d1" testId="dd6b6eea-ecef-43a0-48ab-e039b579c244" testName="SGuard.DataAnnotations.Tests.Attributes.SGuardBetweenAttributeTests.WorksWithDoubleValues_Exclusive" computerName="runnervmf4ws1" duration="00:00:00.0004621" startTime="2025-09-09T22:27:26.8201348+00:00" endTime="2025-09-09T22:27:26.8202765+00:00" testType="13cdc9d9-ddb5-4fa4-a97d-d965ccfc6d4b" outcome="Passed" testListId="8c84fa94-04c1-424b-9868-57a2d4851a1d" relativeResultsDirectory="bfa7ea1c-d645-471f-86ac-bf9e3d32a6d1" />
    <UnitTestResult executionId="dc30f661-5181-4067-a1a9-d643172a7314" testId="66a7b72e-e613-1578-a384-99df38db76ce" testName="SGuard.DataAnnotations.Tests.Attributes.SGuardBetweenAttributeTests.Constructor_ThrowsArgumentNullException_WhenMinPropertyIsNull" computerName="runnervmf4ws1" duration="00:00:00.0003134" startTime="2025-09-09T22:27:26.8168303+00:00" endTime="2025-09-09T22:27:26.8170350+00:00" testType="13cdc9d9-ddb5-4fa4-a97d-d965ccfc6d4b" outcome="Passed" testListId="8c84fa94-04c1-424b-9868-57a2d4851a1d" relativeResultsDirectory="dc30f661-5181-4067-a1a9-d643172a7314" />
    <UnitTestResult executionId="575b304c-9364-4a03-aa99-098403cc02cf" testId="8d452b53-bcbd-4ef9-87eb-bb2d9bd289be" testName="SGuard.DataAnnotations.Tests.Attributes.SGuardEmailAddressAttributeTests.ReturnsError_WhenValueIsObject" computerName="runnervmf4ws1" duration="00:00:00.0001775" startTime="2025-09-09T22:27:26.3864000+00:00" endTime="2025-09-09T22:27:26.3867383+00:00" testType="13cdc9d9-ddb5-4fa4-a97d-d965ccfc6d4b" outcome="Passed" testListId="8c84fa94-04c1-424b-9868-57a2d4851a1d" relativeResultsDirectory="575b304c-9364-4a03-aa99-098403cc02cf" />
    <UnitTestResult executionId="26e1613d-f725-4262-9a94-108f294090f0" testId="fa752d66-28d7-68b0-4a54-7085fb7dac2f" testName="SGuard.DataAnnotations.Tests.Attributes.SGuardUrlAttributeTests.ReturnsSuccess_WhenValueIsValidUrl" computerName="runnervmf4ws1" duration="00:00:00.0001175" startTime="2025-09-09T22:27:26.4439254+00:00" endTime="2025-09-09T22:27:26.4440130+00:00" testType="13cdc9d9-ddb5-4fa4-a97d-d965ccfc6d4b" outcome="Passed" testListId="8c84fa94-04c1-424b-9868-57a2d4851a1d" relativeResultsDirectory="26e1613d-f725-4262-9a94-108f294090f0" />
    <UnitTestResult executionId="251fe46e-f6c3-48a6-aec3-e7f4545ae9d3" testId="79fd0968-acd4-fda0-1a03-2af9466b13a4" testName="SGuard.DataAnnotations.Tests.Attributes.SGuardEmailAddressAttributeTests.ReturnsSuccess_WhenValueIsCommonEmailProvider(email: &quot;user@yahoo.com&quot;)" computerName="runnervmf4ws1" duration="00:00:00.0001561" startTime="2025-09-09T22:27:26.3175959+00:00" endTime="2025-09-09T22:27:26.3176482+00:00" testType="13cdc9d9-ddb5-4fa4-a97d-d965ccfc6d4b" outcome="Passed" testListId="8c84fa94-04c1-424b-9868-57a2d4851a1d" relativeResultsDirectory="251fe46e-f6c3-48a6-aec3-e7f4545ae9d3" />
    <UnitTestResult executionId="b5748b31-4884-4f3e-87fc-b5be61063b90" testId="d45fd41a-f325-8d0c-8cb4-5ef3eec767f3" testName="SGuard.DataAnnotations.Tests.Attributes.SGuardCreditCardAttributeTests.UsesInvariantCulture_WhenResourceNotFound" computerName="runnervmf4ws1" duration="00:00:00.0002168" startTime="2025-09-09T22:27:26.5304239+00:00" endTime="2025-09-09T22:27:26.5305424+00:00" testType="13cdc9d9-ddb5-4fa4-a97d-d965ccfc6d4b" outcome="Passed" testListId="8c84fa94-04c1-424b-9868-57a2d4851a1d" relativeResultsDirectory="b5748b31-4884-4f3e-87fc-b5be61063b90" />
    <UnitTestResult executionId="b406d3ad-f087-47b6-9560-caf0f971f19c" testId="a9e3ef2d-963b-68b9-593a-b3e2a08e6467" testName="SGuard.DataAnnotations.Tests.Attributes.SGuardCompareAttributeTests.HandlesMinMaxIntValues" computerName="runnervmf4ws1" duration="00:00:00.0002848" startTime="2025-09-09T22:27:26.3160849+00:00" endTime="2025-09-09T22:27:26.3164326+00:00" testType="13cdc9d9-ddb5-4fa4-a97d-d965ccfc6d4b" outcome="Passed" testListId="8c84fa94-04c1-424b-9868-57a2d4851a1d" relativeResultsDirectory="b406d3ad-f087-47b6-9560-caf0f971f19c" />
    <UnitTestResult executionId="6d7e2d85-08cf-470b-8086-5b499e278f59" testId="688c869f-43c2-c56d-139b-753ad9c4e2b8" testName="SGuard.DataAnnotations.Tests.Extensions.DataAnnotationsExceptionExtensionsTest.TryGetValidationErrors_ReturnsTrueAndPopulatesErrors_WhenValidationErrorsExist" computerName="runnervmf4ws1" duration="00:00:00.0108746" startTime="2025-09-09T22:27:26.1605774+00:00" endTime="2025-09-09T22:27:26.1698686+00:00" testType="13cdc9d9-ddb5-4fa4-a97d-d965ccfc6d4b" outcome="Passed" testListId="8c84fa94-04c1-424b-9868-57a2d4851a1d" relativeResultsDirectory="6d7e2d85-08cf-470b-8086-5b499e278f59" />
    <UnitTestResult executionId="9ce8ed6a-1b0c-441a-b134-5504d7cafead" testId="3c3bfa14-9fb7-b6cc-5a7a-5faef4a5c2c7" testName="SGuard.DataAnnotations.Tests.Attributes.SGuardMinCountAttributeTests.ReturnsError_WhenArrayCountIsLessThanMin" computerName="runnervmf4ws1" duration="00:00:00.0002117" startTime="2025-09-09T22:27:26.2645988+00:00" endTime="2025-09-09T22:27:26.2647045+00:00" testType="13cdc9d9-ddb5-4fa4-a97d-d965ccfc6d4b" outcome="Passed" testListId="8c84fa94-04c1-424b-9868-57a2d4851a1d" relativeResultsDirectory="9ce8ed6a-1b0c-441a-b134-5504d7cafead" />
    <UnitTestResult executionId="89ec1efb-1142-4dd5-99fa-1382e4bb12d9" testId="052730fe-db9b-61be-f772-e92a351113ec" testName="SGuard.DataAnnotations.Tests.Attributes.SGuardCreditCardAttributeTests.ReturnsError_WhenValueIsObject" computerName="runnervmf4ws1" duration="00:00:00.0001874" startTime="2025-09-09T22:27:26.5932689+00:00" endTime="2025-09-09T22:27:26.5933887+00:00" testType="13cdc9d9-ddb5-4fa4-a97d-d965ccfc6d4b" outcome="Passed" testListId="8c84fa94-04c1-424b-9868-57a2d4851a1d" relativeResultsDirectory="89ec1efb-1142-4dd5-99fa-1382e4bb12d9" />
    <UnitTestResult executionId="ed109ef3-9287-45fc-8e94-bac7d2cb0783" testId="fdc1127e-4505-c69f-14f4-782af60782bd" testName="SGuard.DataAnnotations.Tests.Attributes.SGuardCreditCardAttributeTests.ReturnsSuccess_WhenValueIsValidTestCreditCard(cardNumber: &quot;6011000990139424&quot;)" computerName="runnervmf4ws1" duration="00:00:00.0000049" startTime="2025-09-09T22:27:26.5047334+00:00" endTime="2025-09-09T22:27:26.5048455+00:00" testType="13cdc9d9-ddb5-4fa4-a97d-d965ccfc6d4b" outcome="Passed" testListId="8c84fa94-04c1-424b-9868-57a2d4851a1d" relativeResultsDirectory="ed109ef3-9287-45fc-8e94-bac7d2cb0783" />
    <UnitTestResult executionId="1bfce76d-3720-4e36-8b45-6b3926f7504c" testId="0f69ed9a-e24a-7444-c03b-c26af010edca" testName="SGuard.DataAnnotations.Tests.Attributes.SGuardEmailAddressAttributeTests.ReturnsSuccess_WhenValueIsValidEmailFormat(email: &quot;email@123.123.123.123&quot;)" computerName="runnervmf4ws1" duration="00:00:00.0000055" startTime="2025-09-09T22:27:26.3768675+00:00" endTime="2025-09-09T22:27:26.3769549+00:00" testType="13cdc9d9-ddb5-4fa4-a97d-d965ccfc6d4b" outcome="Passed" testListId="8c84fa94-04c1-424b-9868-57a2d4851a1d" relativeResultsDirectory="1bfce76d-3720-4e36-8b45-6b3926f7504c" />
    <UnitTestResult executionId="e1cdcf52-1a02-4e3c-8e8f-c08395c13b07" testId="8e691b6b-f7e7-4d53-52eb-73fbaa8af003" testName="SGuard.DataAnnotations.Tests.Attributes.SGuardGreaterThanAttributeTests.ReturnsError_WhenValueIsEqualToOther" computerName="runnervmf4ws1" duration="00:00:00.0001470" startTime="2025-09-09T22:27:26.3114451+00:00" endTime="2025-09-09T22:27:26.3125710+00:00" testType="13cdc9d9-ddb5-4fa4-a97d-d965ccfc6d4b" outcome="Passed" testListId="8c84fa94-04c1-424b-9868-57a2d4851a1d" relativeResultsDirectory="e1cdcf52-1a02-4e3c-8e8f-c08395c13b07" />
    <UnitTestResult executionId="db65d72b-4954-43f5-9568-2cd021ea048e" testId="bc581a35-5a81-5892-32b0-58a7491e0aba" testName="SGuard.DataAnnotations.Tests.Attributes.SGuardValidationAttributeBaseFallbackTests.Returns_MainResource_WhenResourceExists" computerName="runnervmf4ws1" duration="00:00:00.0002868" startTime="2025-09-09T22:27:26.7591348+00:00" endTime="2025-09-09T22:27:26.7592822+00:00" testType="13cdc9d9-ddb5-4fa4-a97d-d965ccfc6d4b" outcome="Passed" testListId="8c84fa94-04c1-424b-9868-57a2d4851a1d" relativeResultsDirectory="db65d72b-4954-43f5-9568-2cd021ea048e" />
    <UnitTestResult executionId="f952c796-8fb1-4c4d-bab2-8ad28a5f749c" testId="975bc213-2c75-b935-523b-90e6664204c5" testName="SGuard.DataAnnotations.Tests.Attributes.SGuardEmailAddressAttributeTests.ReturnsSuccess_WhenValueIsCommonEmailProvider(email: &quot;user@outlook.com&quot;)" computerName="runnervmf4ws1" duration="00:00:00.0000046" startTime="2025-09-09T22:27:26.3226177+00:00" endTime="2025-09-09T22:27:26.3227028+00:00" testType="13cdc9d9-ddb5-4fa4-a97d-d965ccfc6d4b" outcome="Passed" testListId="8c84fa94-04c1-424b-9868-57a2d4851a1d" relativeResultsDirectory="f952c796-8fb1-4c4d-bab2-8ad28a5f749c" />
    <UnitTestResult executionId="25b85d85-201f-42a1-bf2a-39b85d3b3c96" testId="c288fc59-5974-71dd-f0f6-35705401b65d" testName="SGuard.DataAnnotations.Tests.Attributes.SGuardRequiredCollectionAttributeTests.ReturnsSuccess_WhenArrayIsNotEmpty" computerName="runnervmf4ws1" duration="00:00:00.0001139" startTime="2025-09-09T22:27:26.2408369+00:00" endTime="2025-09-09T22:27:26.2409657+00:00" testType="13cdc9d9-ddb5-4fa4-a97d-d965ccfc6d4b" outcome="Passed" testListId="8c84fa94-04c1-424b-9868-57a2d4851a1d" relativeResultsDirectory="25b85d85-201f-42a1-bf2a-39b85d3b3c96" />
    <UnitTestResult executionId="3e24abc9-fefd-4ede-a37e-e13afaa3b811" testId="7f6f5e63-b542-6a07-280f-d21a0c6517aa" testName="SGuard.DataAnnotations.Tests.Attributes.SGuardStringLengthAttributeTests.ReturnsSuccess_WhenStringLengthIsWithinMaximum" computerName="runnervmf4ws1" duration="00:00:00.0001243" startTime="2025-09-09T22:27:26.5527388+00:00" endTime="2025-09-09T22:27:26.5528268+00:00" testType="13cdc9d9-ddb5-4fa4-a97d-d965ccfc6d4b" outcome="Passed" testListId="8c84fa94-04c1-424b-9868-57a2d4851a1d" relativeResultsDirectory="3e24abc9-fefd-4ede-a37e-e13afaa3b811" />
    <UnitTestResult executionId="5b734497-92a4-4f86-9160-a85a555535e7" testId="56861c5d-39e6-3ef1-24f6-45f32a97656f" testName="SGuard.DataAnnotations.Tests.Attributes.SGuardCompareAttributeTests.ReturnsLocalizedErrorMessage_WhenCultureIsSet(culture: &quot;de&quot;)" computerName="runnervmf4ws1" duration="00:00:00.0033806" startTime="2025-09-09T22:27:26.3021529+00:00" endTime="2025-09-09T22:27:26.3031573+00:00" testType="13cdc9d9-ddb5-4fa4-a97d-d965ccfc6d4b" outcome="Passed" testListId="8c84fa94-04c1-424b-9868-57a2d4851a1d" relativeResultsDirectory="5b734497-92a4-4f86-9160-a85a555535e7" />
    <UnitTestResult executionId="6e1b1e36-bab0-44bf-a7d8-8b4bc5a8d696" testId="0cba0a5b-0d7e-e849-7306-581f7bb8f2e1" testName="SGuard.DataAnnotations.Tests.Attributes.SGuardMaxCountAttributeTests.ReturnsError_WhenArrayCountExceedsMax" computerName="runnervmf4ws1" duration="00:00:00.0004622" startTime="2025-09-09T22:27:26.4498188+00:00" endTime="2025-09-09T22:27:26.4499934+00:00" testType="13cdc9d9-ddb5-4fa4-a97d-d965ccfc6d4b" outcome="Passed" testListId="8c84fa94-04c1-424b-9868-57a2d4851a1d" relativeResultsDirectory="6e1b1e36-bab0-44bf-a7d8-8b4bc5a8d696" />
    <UnitTestResult executionId="9850d6b7-25b2-4a6b-923d-7a3c88f87f10" testId="529ece68-fcef-1cfb-1ddb-fa943b59f215" testName="SGuard.DataAnnotations.Tests.Attributes.SGuardMaxLengthAttributeTests.ReturnsSuccess_WhenStringIsEqualToMaxLength" computerName="runnervmf4ws1" duration="00:00:00.0005723" startTime="2025-09-09T22:27:26.3648603+00:00" endTime="2025-09-09T22:27:26.3684075+00:00" testType="13cdc9d9-ddb5-4fa4-a97d-d965ccfc6d4b" outcome="Passed" testListId="8c84fa94-04c1-424b-9868-57a2d4851a1d" relativeResultsDirectory="9850d6b7-25b2-4a6b-923d-7a3c88f87f10" />
    <UnitTestResult executionId="ac0d8cc2-8812-4c1c-8874-e681662f144a" testId="053a42fc-4c9c-7fd1-fcb7-f392f88a1bd1" testName="SGuard.DataAnnotations.Tests.Attributes.SGuardRangeAttributeTests.ReturnsSuccess_WhenValueIsEqualToMinimum" computerName="runnervmf4ws1" duration="00:00:00.0001580" startTime="2025-09-09T22:27:26.7311295+00:00" endTime="2025-09-09T22:27:26.7312801+00:00" testType="13cdc9d9-ddb5-4fa4-a97d-d965ccfc6d4b" outcome="Passed" testListId="8c84fa94-04c1-424b-9868-57a2d4851a1d" relativeResultsDirectory="ac0d8cc2-8812-4c1c-8874-e681662f144a" />
    <UnitTestResult executionId="ca54fa70-1753-44a9-88b6-e1bc685c7786" testId="6bd89629-720d-4b18-a416-282071dbac55" testName="SGuard.DataAnnotations.Tests.Attributes.SGuardCompareAttributeTests.IsCaseSensitive_WithStrings" computerName="runnervmf4ws1" duration="00:00:00.0001553" startTime="2025-09-09T22:27:26.3492242+00:00" endTime="2025-09-09T22:27:26.3513055+00:00" testType="13cdc9d9-ddb5-4fa4-a97d-d965ccfc6d4b" outcome="Passed" testListId="8c84fa94-04c1-424b-9868-57a2d4851a1d" relativeResultsDirectory="ca54fa70-1753-44a9-88b6-e1bc685c7786" />
    <UnitTestResult executionId="dac2bbd5-12a8-4742-b178-f02c030d6e51" testId="e7be3592-afc7-ffe3-a95b-c00da1b739a3" testName="SGuard.DataAnnotations.Tests.Attributes.SGuardCreditCardAttributeTests.ReturnsError_WhenValueIsInvalidTestCreditCard(cardNumber: &quot;9999999999999999&quot;)" computerName="runnervmf4ws1" duration="00:00:00.0000145" startTime="2025-09-09T22:27:26.5219471+00:00" endTime="2025-09-09T22:27:26.5220585+00:00" testType="13cdc9d9-ddb5-4fa4-a97d-d965ccfc6d4b" outcome="Passed" testListId="8c84fa94-04c1-424b-9868-57a2d4851a1d" relativeResultsDirectory="dac2bbd5-12a8-4742-b178-f02c030d6e51" />
    <UnitTestResult executionId="725462bb-4406-4e4c-9edb-f14a3b8a635e" testId="b24b8f0e-941c-4a81-71f3-3f4ba79c95eb" testName="SGuard.DataAnnotations.Tests.DataAnnotation.ThrowIfTests.DataAnnotationsInValid_InvalidObject_ThrowsCustomException" computerName="runnervmf4ws1" duration="00:00:00.0182457" startTime="2025-09-09T22:27:26.5368039+00:00" endTime="2025-09-09T22:27:26.6311511+00:00" testType="13cdc9d9-ddb5-4fa4-a97d-d965ccfc6d4b" outcome="Passed" testListId="8c84fa94-04c1-424b-9868-57a2d4851a1d" relativeResultsDirectory="725462bb-4406-4e4c-9edb-f14a3b8a635e" />
    <UnitTestResult executionId="def77474-c556-4c74-b714-420fb6aa7382" testId="8da2c0e9-e99c-45b8-35cd-c98d5c3013f5" testName="SGuard.DataAnnotations.Tests.Attributes.SGuardPhoneAttributeTests.ReturnsLocalizedErrorMessage_WhenCultureIsSetToTurkish" computerName="runnervmf4ws1" duration="00:00:00.0003967" startTime="2025-09-09T22:27:26.4830883+00:00" endTime="2025-09-09T22:27:26.4831531+00:00" testType="13cdc9d9-ddb5-4fa4-a97d-d965ccfc6d4b" outcome="Passed" testListId="8c84fa94-04c1-424b-9868-57a2d4851a1d" relativeResultsDirectory="def77474-c556-4c74-b714-420fb6aa7382" />
    <UnitTestResult executionId="644d7bf5-81ad-4407-a161-654d3f2d62c5" testId="d44438ac-5ac5-1994-012e-9960a5cd4e40" testName="SGuard.DataAnnotations.Tests.Attributes.SGuardEmailAddressAttributeTests.ReturnsSuccess_WhenValueIsValidEmailFormat(email: &quot;user@subdomain.example.com&quot;)" computerName="runnervmf4ws1" duration="00:00:00.0000050" startTime="2025-09-09T22:27:26.3763106+00:00" endTime="2025-09-09T22:27:26.3763659+00:00" testType="13cdc9d9-ddb5-4fa4-a97d-d965ccfc6d4b" outcome="Passed" testListId="8c84fa94-04c1-424b-9868-57a2d4851a1d" relativeResultsDirectory="644d7bf5-81ad-4407-a161-654d3f2d62c5" />
    <UnitTestResult executionId="9065190d-4edc-4bc8-8467-a42b638d1adf" testId="c0a539f8-814b-e830-149d-5e924d770f89" testName="SGuard.DataAnnotations.Tests.Attributes.SGuardEmailAddressAttributeTests.Constructor_SetsPropertiesCorrectly" computerName="runnervmf4ws1" duration="00:00:00.0001169" startTime="2025-09-09T22:27:26.3857629+00:00" endTime="2025-09-09T22:27:26.3858153+00:00" testType="13cdc9d9-ddb5-4fa4-a97d-d965ccfc6d4b" outcome="Passed" testListId="8c84fa94-04c1-424b-9868-57a2d4851a1d" relativeResultsDirectory="9065190d-4edc-4bc8-8467-a42b638d1adf" />
    <UnitTestResult executionId="7125182d-a2e1-4b43-9bb0-99945d8475d2" testId="cf6116bb-a21e-c884-c721-7d25040afbf0" testName="SGuard.DataAnnotations.Tests.Extensions.DataAnnotationsExceptionExtensionsTest.TryGetValidationErrors_ReturnsFalse_WhenNoValidationErrorsExist" computerName="runnervmf4ws1" duration="00:00:00.0124482" startTime="2025-09-09T22:27:26.0879240+00:00" endTime="2025-09-09T22:27:26.0923547+00:00" testType="13cdc9d9-ddb5-4fa4-a97d-d965ccfc6d4b" outcome="Passed" testListId="8c84fa94-04c1-424b-9868-57a2d4851a1d" relativeResultsDirectory="7125182d-a2e1-4b43-9bb0-99945d8475d2" />
    <UnitTestResult executionId="61aa7464-8ae2-4c1d-aed1-e18ae478c3c8" testId="79e8e98c-62af-b136-4f32-eed7ea2d725d" testName="SGuard.DataAnnotations.Tests.DataAnnotation.IsTests.DataAnnotationsValid_NullCallback_DoesNotThrow" computerName="runnervmf4ws1" duration="00:00:00.0004481" startTime="2025-09-09T22:27:26.7556106+00:00" endTime="2025-09-09T22:27:26.7557515+00:00" testType="13cdc9d9-ddb5-4fa4-a97d-d965ccfc6d4b" outcome="Passed" testListId="8c84fa94-04c1-424b-9868-57a2d4851a1d" relativeResultsDirectory="61aa7464-8ae2-4c1d-aed1-e18ae478c3c8" />
    <UnitTestResult executionId="da472228-8a3f-440d-ad5f-be03cd7f9110" testId="f6ac9da3-f4bb-8f2c-f90a-0ad85587c002" testName="SGuard.DataAnnotations.Tests.Attributes.SGuardEmailAddressAttributeTests.ReturnsSuccess_WhenValueIsValidEmailFormat(email: &quot;123@456.com&quot;)" computerName="runnervmf4ws1" duration="00:00:00.0000077" startTime="2025-09-09T22:27:26.3792829+00:00" endTime="2025-09-09T22:27:26.3793819+00:00" testType="13cdc9d9-ddb5-4fa4-a97d-d965ccfc6d4b" outcome="Passed" testListId="8c84fa94-04c1-424b-9868-57a2d4851a1d" relativeResultsDirectory="da472228-8a3f-440d-ad5f-be03cd7f9110" />
    <UnitTestResult executionId="e3690173-ef4c-40c1-9d14-81fa277a5435" testId="bb86542c-3e76-c608-0153-01d9417953db" testName="SGuard.DataAnnotations.Tests.Attributes.SGuardCollectionItemsMatchAttributeTests.ReturnsError_OnFirstInvalidItem_WhenAggregateAllErrorsFalse" computerName="runnervmf4ws1" duration="00:00:00.0002780" startTime="2025-09-09T22:27:26.6953992+00:00" endTime="2025-09-09T22:27:26.6955376+00:00" testType="13cdc9d9-ddb5-4fa4-a97d-d965ccfc6d4b" outcome="Passed" testListId="8c84fa94-04c1-424b-9868-57a2d4851a1d" relativeResultsDirectory="e3690173-ef4c-40c1-9d14-81fa277a5435" />
    <UnitTestResult executionId="daa8419d-1c5e-4fce-9609-1e6ee9db7d4f" testId="a7359f7c-fb2e-bb3c-4d8b-0f3167da0c88" testName="SGuard.DataAnnotations.Tests.Attributes.SGuardCompareAttributeTests.SupportsMultipleAttributes_OnSameProperty" computerName="runnervmf4ws1" duration="00:00:00.0001711" startTime="2025-09-09T22:27:26.3446464+00:00" endTime="2025-09-09T22:27:26.3481821+00:00" testType="13cdc9d9-ddb5-4fa4-a97d-d965ccfc6d4b" outcome="Passed" testListId="8c84fa94-04c1-424b-9868-57a2d4851a1d" relativeResultsDirectory="daa8419d-1c5e-4fce-9609-1e6ee9db7d4f" />
    <UnitTestResult executionId="03e2fd96-6949-4c82-a7bc-8bddbaaf006b" testId="1784d12b-da19-58ea-1ce0-28b4c319e25a" testName="SGuard.DataAnnotations.Tests.Attributes.SGuardCreditCardAttributeTests.ReturnsSuccess_WhenValueIsValidAmex" computerName="runnervmf4ws1" duration="00:00:00.0001296" startTime="2025-09-09T22:27:26.5917952+00:00" endTime="2025-09-09T22:27:26.5919409+00:00" testType="13cdc9d9-ddb5-4fa4-a97d-d965ccfc6d4b" outcome="Passed" testListId="8c84fa94-04c1-424b-9868-57a2d4851a1d" relativeResultsDirectory="03e2fd96-6949-4c82-a7bc-8bddbaaf006b" />
    <UnitTestResult executionId="0662e3d4-90dd-49a8-a8d7-d73b41a77a60" testId="3a163180-57a1-4f78-3b75-4f1dc7d6c21e" testName="SGuard.DataAnnotations.Tests.Attributes.SGuardEmailAddressAttributeTests.HandlesNumbersInDomainAndLocalPart" computerName="runnervmf4ws1" duration="00:00:00.0001428" startTime="2025-09-09T22:27:26.4200230+00:00" endTime="2025-09-09T22:27:26.4201156+00:00" testType="13cdc9d9-ddb5-4fa4-a97d-d965ccfc6d4b" outcome="Passed" testListId="8c84fa94-04c1-424b-9868-57a2d4851a1d" relativeResultsDirectory="0662e3d4-90dd-49a8-a8d7-d73b41a77a60" />
    <UnitTestResult executionId="1acd0084-2766-4459-9b67-4899b3dc85bf" testId="b8d143d7-356a-1975-988e-a663564ec905" testName="SGuard.DataAnnotations.Tests.Attributes.SGuardCompareAttributeTests.Constructor_SetsPropertiesCorrectly" computerName="runnervmf4ws1" duration="00:00:00.0002222" startTime="2025-09-09T22:27:26.2898170+00:00" endTime="2025-09-09T22:27:26.2899430+00:00" testType="13cdc9d9-ddb5-4fa4-a97d-d965ccfc6d4b" outcome="Passed" testListId="8c84fa94-04c1-424b-9868-57a2d4851a1d" relativeResultsDirectory="1acd0084-2766-4459-9b67-4899b3dc85bf" />
    <UnitTestResult executionId="56457a79-653f-481b-83c8-ddffdfd724d8" testId="d700c2ca-0d30-9df2-b5c4-ec10e7deec6d" testName="SGuard.DataAnnotations.Tests.Attributes.SGuardMinCountAttributeTests.ReturnsLocalizedErrorMessage_WhenCultureIsSetToTurkish" computerName="runnervmf4ws1" duration="00:00:00.0012585" startTime="2025-09-09T22:27:26.2533760+00:00" endTime="2025-09-09T22:27:26.2596879+00:00" testType="13cdc9d9-ddb5-4fa4-a97d-d965ccfc6d4b" outcome="Passed" testListId="8c84fa94-04c1-424b-9868-57a2d4851a1d" relativeResultsDirectory="56457a79-653f-481b-83c8-ddffdfd724d8" />
    <UnitTestResult executionId="22bd149b-2edd-4b22-80e0-14300022b814" testId="c3d2bc6c-b99d-0b63-9c60-e4b9e91013f0" testName="SGuard.DataAnnotations.Tests.Attributes.SGuardEmailAddressAttributeTests.HandlesVeryLongLocalPart" computerName="runnervmf4ws1" duration="00:00:00.0001666" startTime="2025-09-09T22:27:26.3993410+00:00" endTime="2025-09-09T22:27:26.3994285+00:00" testType="13cdc9d9-ddb5-4fa4-a97d-d965ccfc6d4b" outcome="Passed" testListId="8c84fa94-04c1-424b-9868-57a2d4851a1d" relativeResultsDirectory="22bd149b-2edd-4b22-80e0-14300022b814" />
    <UnitTestResult executionId="d1ed69b2-ea66-48fc-a770-964695e80d66" testId="1cecb8f8-3ff9-1ef0-493d-f648271a52e2" testName="SGuard.DataAnnotations.Tests.Attributes.SGuardEmailAddressAttributeTests.UserRegistration_ValidEmail_Success" computerName="runnervmf4ws1" duration="00:00:00.0001265" startTime="2025-09-09T22:27:26.3532253+00:00" endTime="2025-09-09T22:27:26.3533697+00:00" testType="13cdc9d9-ddb5-4fa4-a97d-d965ccfc6d4b" outcome="Passed" testListId="8c84fa94-04c1-424b-9868-57a2d4851a1d" relativeResultsDirectory="d1ed69b2-ea66-48fc-a770-964695e80d66" />
    <UnitTestResult executionId="54a9dd2e-a2e4-4d11-ac8d-2a7b30a83517" testId="4178e4ec-1c12-2298-83a8-fa1694d1598a" testName="SGuard.DataAnnotations.Tests.Attributes.SGuardRequiredCollectionAttributeTests.ReturnsError_WhenIEnumerableIsEmpty" computerName="runnervmf4ws1" duration="00:00:00.0001635" startTime="2025-09-09T22:27:26.2418490+00:00" endTime="2025-09-09T22:27:26.2450140+00:00" testType="13cdc9d9-ddb5-4fa4-a97d-d965ccfc6d4b" outcome="Passed" testListId="8c84fa94-04c1-424b-9868-57a2d4851a1d" relativeResultsDirectory="54a9dd2e-a2e4-4d11-ac8d-2a7b30a83517" />
    <UnitTestResult executionId="80c60344-65dd-4859-9205-c0d427b255ca" testId="94156788-790a-9db5-a858-213fb7ad4f61" testName="SGuard.DataAnnotations.Tests.Attributes.SGuardMinLengthAttributeTests.ReturnsSuccess_WhenValueIsNull" computerName="runnervmf4ws1" duration="00:00:00.0001518" startTime="2025-09-09T22:27:26.3881834+00:00" endTime="2025-09-09T22:27:26.3893696+00:00" testType="13cdc9d9-ddb5-4fa4-a97d-d965ccfc6d4b" outcome="Passed" testListId="8c84fa94-04c1-424b-9868-57a2d4851a1d" relativeResultsDirectory="80c60344-65dd-4859-9205-c0d427b255ca" />
    <UnitTestResult executionId="d9a2d6c5-f235-46d5-bb2c-d8ad65c89346" testId="e1ec4db0-5c0c-b229-761c-768bae20f6b1" testName="SGuard.DataAnnotations.Tests.Attributes.SGuardMinCountAttributeTests.ReturnsSuccess_WhenArrayCountIsGreaterThanOrEqualToMin" computerName="runnervmf4ws1" duration="00:00:00.0001653" startTime="2025-09-09T22:27:26.2763843+00:00" endTime="2025-09-09T22:27:26.2764950+00:00" testType="13cdc9d9-ddb5-4fa4-a97d-d965ccfc6d4b" outcome="Passed" testListId="8c84fa94-04c1-424b-9868-57a2d4851a1d" relativeResultsDirectory="d9a2d6c5-f235-46d5-bb2c-d8ad65c89346" />
    <UnitTestResult executionId="45a1302d-e8e9-478b-b91b-891375669b3a" testId="d5007b2b-ab54-ae79-231b-56cdbf0fbe4d" testName="SGuard.DataAnnotations.Tests.Attributes.SGuardEmailAddressAttributeTests.UsesInvariantCulture_WhenResourceNotFound" computerName="runnervmf4ws1" duration="00:00:00.0002114" startTime="2025-09-09T22:27:26.4067887+00:00" endTime="2025-09-09T22:27:26.4068982+00:00" testType="13cdc9d9-ddb5-4fa4-a97d-d965ccfc6d4b" outcome="Passed" testListId="8c84fa94-04c1-424b-9868-57a2d4851a1d" relativeResultsDirectory="45a1302d-e8e9-478b-b91b-891375669b3a" />
    <UnitTestResult executionId="afa45348-01e6-4ff9-af14-0edbb06dd9bc" testId="05ab67e4-8ef9-bbb5-d5d0-cc77092beeaa" testName="SGuard.DataAnnotations.Tests.Attributes.SGuardBetweenAttributeTests.ReturnsError_WhenValueIsOnBounds_Exclusive" computerName="runnervmf4ws1" duration="00:00:00.0084785" startTime="2025-09-09T22:27:26.6822411+00:00" endTime="2025-09-09T22:27:26.6971445+00:00" testType="13cdc9d9-ddb5-4fa4-a97d-d965ccfc6d4b" outcome="Passed" testListId="8c84fa94-04c1-424b-9868-57a2d4851a1d" relativeResultsDirectory="afa45348-01e6-4ff9-af14-0edbb06dd9bc" />
    <UnitTestResult executionId="76096518-9506-4967-8b5b-3b5e3fa52896" testId="8028fcff-b93c-8107-74d3-7689a546ca5d" testName="SGuard.DataAnnotations.Tests.Attributes.SGuardEmailAddressAttributeTests.ReturnsNull_WhenValueIsUnsupportedInternationalEmail(email: &quot;user@münchen.de&quot;)" computerName="runnervmf4ws1" duration="00:00:00.0000056" startTime="2025-09-09T22:27:26.3701638+00:00" endTime="2025-09-09T22:27:26.3703447+00:00" testType="13cdc9d9-ddb5-4fa4-a97d-d965ccfc6d4b" outcome="Passed" testListId="8c84fa94-04c1-424b-9868-57a2d4851a1d" relativeResultsDirectory="76096518-9506-4967-8b5b-3b5e3fa52896" />
    <UnitTestResult executionId="33f33709-5e82-4c89-b98d-1f67448b87ac" testId="a0b3e48f-64c8-93f7-f166-55b897c5df65" testName="SGuard.DataAnnotations.Tests.Attributes.SGuardGreaterThanAttributeTests.ReturnsSuccess_WhenDecimalValueIsGreaterThanOther" computerName="runnervmf4ws1" duration="00:00:00.0004072" startTime="2025-09-09T22:27:26.3061473+00:00" endTime="2025-09-09T22:27:26.3072545+00:00" testType="13cdc9d9-ddb5-4fa4-a97d-d965ccfc6d4b" outcome="Passed" testListId="8c84fa94-04c1-424b-9868-57a2d4851a1d" relativeResultsDirectory="33f33709-5e82-4c89-b98d-1f67448b87ac" />
    <UnitTestResult executionId="1e5a2d4a-d7be-4f1b-95a8-b06d5efdea71" testId="ad35ebfe-e77e-2204-0cd2-b24af72af8e4" testName="SGuard.DataAnnotations.Tests.Attributes.SGuardStringLengthAttributeTests.ReturnsSuccess_WhenStringIsNull" computerName="runnervmf4ws1" duration="00:00:00.0001169" startTime="2025-09-09T22:27:26.5538578+00:00" endTime="2025-09-09T22:27:26.5539868+00:00" testType="13cdc9d9-ddb5-4fa4-a97d-d965ccfc6d4b" outcome="Passed" testListId="8c84fa94-04c1-424b-9868-57a2d4851a1d" relativeResultsDirectory="1e5a2d4a-d7be-4f1b-95a8-b06d5efdea71" />
    <UnitTestResult executionId="5e001b77-7c51-4496-8789-f4ec64bfac5c" testId="5a21f228-0b6a-afc8-022e-c647ad676449" testName="SGuard.DataAnnotations.Tests.Attributes.SGuardPhoneAttributeTests.ThrowsArgumentNullException_WhenResourceTypeIsNull" computerName="runnervmf4ws1" duration="00:00:00.0002165" startTime="2025-09-09T22:27:26.4871556+00:00" endTime="2025-09-09T22:27:26.4872884+00:00" testType="13cdc9d9-ddb5-4fa4-a97d-d965ccfc6d4b" outcome="Passed" testListId="8c84fa94-04c1-424b-9868-57a2d4851a1d" relativeResultsDirectory="5e001b77-7c51-4496-8789-f4ec64bfac5c" />
    <UnitTestResult executionId="eab69e47-85c2-4e37-9e5e-0616b1c3dc52" testId="c5ed57ff-87cb-dec0-b133-e0b71b61e798" testName="SGuard.DataAnnotations.Tests.Attributes.SGuardMaxLengthAttributeTests.ThrowsArgumentNullException_WhenResourceTypeIsNull" computerName="runnervmf4ws1" duration="00:00:00.0001973" startTime="2025-09-09T22:27:26.4685229+00:00" endTime="2025-09-09T22:27:26.4685891+00:00" testType="13cdc9d9-ddb5-4fa4-a97d-d965ccfc6d4b" outcome="Passed" testListId="8c84fa94-04c1-424b-9868-57a2d4851a1d" relativeResultsDirectory="eab69e47-85c2-4e37-9e5e-0616b1c3dc52" />
    <UnitTestResult executionId="9955ddb2-dc2b-4c9d-ac18-4630a2556a7a" testId="7dcb49be-abd7-70bd-acfd-ae6260302e4a" testName="SGuard.DataAnnotations.Tests.Attributes.SGuardBetweenAttributeTests.ReturnsError_WhenValueIsAboveMax_Inclusive" computerName="runnervmf4ws1" duration="00:00:00.0001551" startTime="2025-09-09T22:27:26.6767465+00:00" endTime="2025-09-09T22:27:26.6769197+00:00" testType="13cdc9d9-ddb5-4fa4-a97d-d965ccfc6d4b" outcome="Passed" testListId="8c84fa94-04c1-424b-9868-57a2d4851a1d" relativeResultsDirectory="9955ddb2-dc2b-4c9d-ac18-4630a2556a7a" />
    <UnitTestResult executionId="9caba5d6-f888-4956-afe6-b008a14068bb" testId="25b83878-87c8-b0a8-45e8-91d7ac1a9a5f" testName="SGuard.DataAnnotations.Tests.Attributes.SGuardEmailAddressAttributeTests.ReturnsLocalizedErrorMessage_WhenCultureIsSet(culture: &quot;hi&quot;)" computerName="runnervmf4ws1" duration="00:00:00.0001577" startTime="2025-09-09T22:27:26.3404222+00:00" endTime="2025-09-09T22:27:26.3407614+00:00" testType="13cdc9d9-ddb5-4fa4-a97d-d965ccfc6d4b" outcome="Passed" testListId="8c84fa94-04c1-424b-9868-57a2d4851a1d" relativeResultsDirectory="9caba5d6-f888-4956-afe6-b008a14068bb" />
    <UnitTestResult executionId="d421822c-9032-4d28-9f0c-21cc4ec25e80" testId="578d7777-a8cc-12a7-7a7d-d4d4b899625a" testName="SGuard.DataAnnotations.Tests.Attributes.SGuardLessThanAttributeTests.ReturnsSuccess_WhenDecimalValueIsLessThanOther" computerName="runnervmf4ws1" duration="00:00:00.0002964" startTime="2025-09-09T22:27:26.7797003+00:00" endTime="2025-09-09T22:27:26.7798237+00:00" testType="13cdc9d9-ddb5-4fa4-a97d-d965ccfc6d4b" outcome="Passed" testListId="8c84fa94-04c1-424b-9868-57a2d4851a1d" relativeResultsDirectory="d421822c-9032-4d28-9f0c-21cc4ec25e80" />
    <UnitTestResult executionId="8541dbfb-725e-4781-b167-7eac96fc2b69" testId="ba3baf4e-5572-7eb4-1d1d-9af5f600a7e3" testName="SGuard.DataAnnotations.Tests.Attributes.SGuardRequiredCollectionAttributeTests.ReturnsSuccess_WhenValueIsNotACollection" computerName="runnervmf4ws1" duration="00:00:00.0001169" startTime="2025-09-09T22:27:26.2354796+00:00" endTime="2025-09-09T22:27:26.2355749+00:00" testType="13cdc9d9-ddb5-4fa4-a97d-d965ccfc6d4b" outcome="Passed" testListId="8c84fa94-04c1-424b-9868-57a2d4851a1d" relativeResultsDirectory="8541dbfb-725e-4781-b167-7eac96fc2b69" />
    <UnitTestResult executionId="a9f5687a-2705-4075-8960-cffbf3d5b56e" testId="4c1e9bff-f35f-1caa-f44a-f5d06b2960b8" testName="SGuard.DataAnnotations.Tests.Attributes.SGuardCreditCardAttributeTests.ReturnsSuccess_WhenValueIsValidTestCreditCard(cardNumber: &quot;371449635398431&quot;)" computerName="runnervmf4ws1" duration="00:00:00.0000041" startTime="2025-09-09T22:27:26.5074935+00:00" endTime="2025-09-09T22:27:26.5076120+00:00" testType="13cdc9d9-ddb5-4fa4-a97d-d965ccfc6d4b" outcome="Passed" testListId="8c84fa94-04c1-424b-9868-57a2d4851a1d" relativeResultsDirectory="a9f5687a-2705-4075-8960-cffbf3d5b56e" />
    <UnitTestResult executionId="dc0247ba-997a-41dd-8662-0539a1a46562" testId="afa1a1c3-1be6-2bed-8ff7-68131025b419" testName="SGuard.DataAnnotations.Tests.Attributes.SGuardCompareAttributeTests.HandlesWhitespace_Differences" computerName="runnervmf4ws1" duration="00:00:00.0181621" startTime="2025-09-09T22:27:26.1697750+00:00" endTime="2025-09-09T22:27:26.2534844+00:00" testType="13cdc9d9-ddb5-4fa4-a97d-d965ccfc6d4b" outcome="Passed" testListId="8c84fa94-04c1-424b-9868-57a2d4851a1d" relativeResultsDirectory="dc0247ba-997a-41dd-8662-0539a1a46562" />
    <UnitTestResult executionId="df9c6d70-9c2a-4fb9-83f4-8556ff310305" testId="b97a18c9-b8e3-b070-3a44-45fbb4abfb42" testName="SGuard.DataAnnotations.Tests.Attributes.SGuardEmailAddressAttributeTests.ReturnsSuccess_WhenValueIsBusinessEmailFormat(email: &quot;info@business.co.uk&quot;)" computerName="runnervmf4ws1" duration="00:00:00.0000041" startTime="2025-09-09T22:27:26.3360563+00:00" endTime="2025-09-09T22:27:26.3361137+00:00" testType="13cdc9d9-ddb5-4fa4-a97d-d965ccfc6d4b" outcome="Passed" testListId="8c84fa94-04c1-424b-9868-57a2d4851a1d" relativeResultsDirectory="df9c6d70-9c2a-4fb9-83f4-8556ff310305" />
    <UnitTestResult executionId="facc419e-4007-474f-92f3-4c802175a50d" testId="79fbb9cd-cbc8-b948-10ce-5d9bcbab381c" testName="SGuard.DataAnnotations.Tests.Attributes.SGuardCreditCardAttributeTests.ReturnsSuccess_WhenNumberIsAllZeros" computerName="runnervmf4ws1" duration="00:00:00.0001193" startTime="2025-09-09T22:27:26.6248126+00:00" endTime="2025-09-09T22:27:26.6249713+00:00" testType="13cdc9d9-ddb5-4fa4-a97d-d965ccfc6d4b" outcome="Passed" testListId="8c84fa94-04c1-424b-9868-57a2d4851a1d" relativeResultsDirectory="facc419e-4007-474f-92f3-4c802175a50d" />
    <UnitTestResult executionId="c0ada193-cb93-4a2d-a255-9fae8f18a9f8" testId="87ff368c-2f6c-e2c1-52f5-5a144623f490" testName="SGuard.DataAnnotations.Tests.Attributes.SGuardCompareAttributeTests.HandlesSpecialCharacters" computerName="runnervmf4ws1" duration="00:00:00.0001309" startTime="2025-09-09T22:27:26.3124601+00:00" endTime="2025-09-09T22:27:26.3136475+00:00" testType="13cdc9d9-ddb5-4fa4-a97d-d965ccfc6d4b" outcome="Passed" testListId="8c84fa94-04c1-424b-9868-57a2d4851a1d" relativeResultsDirectory="c0ada193-cb93-4a2d-a255-9fae8f18a9f8" />
    <UnitTestResult executionId="79c4e7ff-8599-4597-a405-55d4ad720f4b" testId="ba1a9dfc-528d-6e50-f61f-11a1db790f96" testName="SGuard.DataAnnotations.Tests.Attributes.SGuardBetweenAttributeTests.ReturnsLocalizedErrorMessage_WhenCultureIsSet(culture: &quot;fr&quot;)" computerName="runnervmf4ws1" duration="00:00:00.0000215" startTime="2025-09-09T22:27:26.6484674+00:00" endTime="2025-09-09T22:27:26.6486269+00:00" testType="13cdc9d9-ddb5-4fa4-a97d-d965ccfc6d4b" outcome="Passed" testListId="8c84fa94-04c1-424b-9868-57a2d4851a1d" relativeResultsDirectory="79c4e7ff-8599-4597-a405-55d4ad720f4b" />
    <UnitTestResult executionId="58fb161a-4f9c-43fe-95a4-0a761d149ec6" testId="4e6858ca-dc4e-05a9-4d20-cc5f2d1edff2" testName="SGuard.DataAnnotations.Tests.Exceptions.DataAnnotationsExceptionTests.ValidationError_CreatesRecordWithCorrectValues" computerName="runnervmf4ws1" duration="00:00:00.0070118" startTime="2025-09-09T22:27:26.3983567+00:00" endTime="2025-09-09T22:27:26.4102483+00:00" testType="13cdc9d9-ddb5-4fa4-a97d-d965ccfc6d4b" outcome="Passed" testListId="8c84fa94-04c1-424b-9868-57a2d4851a1d" relativeResultsDirectory="58fb161a-4f9c-43fe-95a4-0a761d149ec6" />
    <UnitTestResult executionId="683884f3-6b59-4615-b6f5-2d790ce849af" testId="4dc72e31-0b94-fa03-d555-333ccea89411" testName="SGuard.DataAnnotations.Tests.Attributes.SGuardCompareAttributeTests.HandlesVeryLongStrings" computerName="runnervmf4ws1" duration="00:00:00.0001685" startTime="2025-09-09T22:27:26.2867138+00:00" endTime="2025-09-09T22:27:26.2868002+00:00" testType="13cdc9d9-ddb5-4fa4-a97d-d965ccfc6d4b" outcome="Passed" testListId="8c84fa94-04c1-424b-9868-57a2d4851a1d" relativeResultsDirectory="683884f3-6b59-4615-b6f5-2d790ce849af" />
    <UnitTestResult executionId="c2b542f0-a662-4f1b-819c-156bf407520e" testId="5096c926-13b1-b25c-0b95-818693baaf41" testName="SGuard.DataAnnotations.Tests.Attributes.SGuardLessThanAttributeTests.ReturnsError_WhenValueIsGreaterThanOther" computerName="runnervmf4ws1" duration="00:00:00.0001512" startTime="2025-09-09T22:27:26.7781686+00:00" endTime="2025-09-09T22:27:26.7783028+00:00" testType="13cdc9d9-ddb5-4fa4-a97d-d965ccfc6d4b" outcome="Passed" testListId="8c84fa94-04c1-424b-9868-57a2d4851a1d" relativeResultsDirectory="c2b542f0-a662-4f1b-819c-156bf407520e" />
    <UnitTestResult executionId="0fe7d1e1-f961-4658-9688-ae0a2afb4bf2" testId="ecad3456-8296-c58d-d8eb-144a0cc42e21" testName="SGuard.DataAnnotations.Tests.Attributes.SGuardEmailAddressAttributeTests.ReturnsSuccess_WhenValueIsBusinessEmailFormat(email: &quot;admin@nonprofit.org&quot;)" computerName="runnervmf4ws1" duration="00:00:00.0000086" startTime="2025-09-09T22:27:26.3283704+00:00" endTime="2025-09-09T22:27:26.3284784+00:00" testType="13cdc9d9-ddb5-4fa4-a97d-d965ccfc6d4b" outcome="Passed" testListId="8c84fa94-04c1-424b-9868-57a2d4851a1d" relativeResultsDirectory="0fe7d1e1-f961-4658-9688-ae0a2afb4bf2" />
    <UnitTestResult executionId="6167a21a-19f8-45f6-a279-f041d8533f1a" testId="281c9429-94f0-d2a5-41e9-6547ef1e8299" testName="SGuard.DataAnnotations.Tests.Attributes.SGuardEmailAddressAttributeTests.ReturnsSuccess_WhenValueIsBusinessEmailFormat(email: &quot;j.smith@tech-startup.io&quot;)" computerName="runnervmf4ws1" duration="00:00:00.0001250" startTime="2025-09-09T22:27:26.3273621+00:00" endTime="2025-09-09T22:27:26.3274713+00:00" testType="13cdc9d9-ddb5-4fa4-a97d-d965ccfc6d4b" outcome="Passed" testListId="8c84fa94-04c1-424b-9868-57a2d4851a1d" relativeResultsDirectory="6167a21a-19f8-45f6-a279-f041d8533f1a" />
    <UnitTestResult executionId="8f956aed-7c4a-431b-b962-e906aa0e61ff" testId="7eb94941-9267-40cb-594c-0bac2724caba" testName="SGuard.DataAnnotations.Tests.Attributes.SGuardBetweenAttributeTests.WorksWithDateTimeValues_OnBounds" computerName="runnervmf4ws1" duration="00:00:00.0004025" startTime="2025-09-09T22:27:26.6806400+00:00" endTime="2025-09-09T22:27:26.6807748+00:00" testType="13cdc9d9-ddb5-4fa4-a97d-d965ccfc6d4b" outcome="Passed" testListId="8c84fa94-04c1-424b-9868-57a2d4851a1d" relativeResultsDirectory="8f956aed-7c4a-431b-b962-e906aa0e61ff" />
    <UnitTestResult executionId="b7e9615a-27f5-4267-be70-e560809d2d92" testId="748a7229-c38b-23ee-5fdd-862ea90d566d" testName="SGuard.DataAnnotations.Tests.Attributes.SGuardMaxLengthAttributeTests.ReturnsSuccess_WhenValueIsNull" computerName="runnervmf4ws1" duration="00:00:00.0001397" startTime="2025-09-09T22:27:26.4693774+00:00" endTime="2025-09-09T22:27:26.4694407+00:00" testType="13cdc9d9-ddb5-4fa4-a97d-d965ccfc6d4b" outcome="Passed" testListId="8c84fa94-04c1-424b-9868-57a2d4851a1d" relativeResultsDirectory="b7e9615a-27f5-4267-be70-e560809d2d92" />
    <UnitTestResult executionId="ed1baa79-e6ce-4f27-8b6c-b2d952b5ba70" testId="a063e64e-d50e-1771-6f88-589c60e56cda" testName="SGuard.DataAnnotations.Tests.Attributes.SGuardRangeAttributeTests.ReturnsError_WhenDoubleValueIsAboveRange" computerName="runnervmf4ws1" duration="00:00:00.0004771" startTime="2025-09-09T22:27:26.7227706+00:00" endTime="2025-09-09T22:27:26.7229396+00:00" testType="13cdc9d9-ddb5-4fa4-a97d-d965ccfc6d4b" outcome="Passed" testListId="8c84fa94-04c1-424b-9868-57a2d4851a1d" relativeResultsDirectory="ed1baa79-e6ce-4f27-8b6c-b2d952b5ba70" />
    <UnitTestResult executionId="3191f5e8-1548-4fe3-9673-0c9f3c8444df" testId="470fb097-9a54-a344-e7af-6f2c0d1e77b6" testName="SGuard.DataAnnotations.Tests.Attributes.SGuardRangeAttributeTests.ThrowsArgumentNullException_WhenResourceTypeIsNull" computerName="runnervmf4ws1" duration="00:00:00.0002021" startTime="2025-09-09T22:27:26.7327358+00:00" endTime="2025-09-09T22:27:26.7328636+00:00" testType="13cdc9d9-ddb5-4fa4-a97d-d965ccfc6d4b" outcome="Passed" testListId="8c84fa94-04c1-424b-9868-57a2d4851a1d" relativeResultsDirectory="3191f5e8-1548-4fe3-9673-0c9f3c8444df" />
    <UnitTestResult executionId="5a3a666d-6f75-4890-9039-509452ba65a1" testId="6dbe238a-784e-6e0e-2206-9ec117063a6b" testName="SGuard.DataAnnotations.Tests.DataAnnotation.IsTests.DataAnnotationsValid_CallbackReceivesFailureOnFalse" computerName="runnervmf4ws1" duration="00:00:00.0003643" startTime="2025-09-09T22:27:26.7523573+00:00" endTime="2025-09-09T22:27:26.7525016+00:00" testType="13cdc9d9-ddb5-4fa4-a97d-d965ccfc6d4b" outcome="Passed" testListId="8c84fa94-04c1-424b-9868-57a2d4851a1d" relativeResultsDirectory="5a3a666d-6f75-4890-9039-509452ba65a1" />
    <UnitTestResult executionId="c850bc2b-2ae6-48bb-87c7-6e5795fd2782" testId="99445827-2f44-646b-8068-3cffaf9372f0" testName="SGuard.DataAnnotations.Tests.Attributes.SGuardMinCountAttributeTests.ReturnsSuccess_WhenEnumerableCountIsGreaterThanOrEqualToMin" computerName="runnervmf4ws1" duration="00:00:00.0002839" startTime="2025-09-09T22:27:26.2635870+00:00" endTime="2025-09-09T22:27:26.2636844+00:00" testType="13cdc9d9-ddb5-4fa4-a97d-d965ccfc6d4b" outcome="Passed" testListId="8c84fa94-04c1-424b-9868-57a2d4851a1d" relativeResultsDirectory="c850bc2b-2ae6-48bb-87c7-6e5795fd2782" />
    <UnitTestResult executionId="ac8fff8a-e4f0-44fb-8641-f08e81d70e71" testId="098ba28d-ad73-0c69-8587-f0f62e9ace89" testName="SGuard.DataAnnotations.Tests.Attributes.SGuardRequiredCollectionAttributeTests.ReturnsError_WhenListIsEmpty" computerName="runnervmf4ws1" duration="00:00:00.0001313" startTime="2025-09-09T22:27:26.2343557+00:00" endTime="2025-09-09T22:27:26.2344681+00:00" testType="13cdc9d9-ddb5-4fa4-a97d-d965ccfc6d4b" outcome="Passed" testListId="8c84fa94-04c1-424b-9868-57a2d4851a1d" relativeResultsDirectory="ac8fff8a-e4f0-44fb-8641-f08e81d70e71" />
    <UnitTestResult executionId="9cdc6585-5910-4fe8-9e9a-188944fe64f2" testId="29679612-cd2c-cf4f-fb30-d0162e2a2e99" testName="SGuard.DataAnnotations.Tests.Attributes.SGuardEmailAddressAttributeTests.ReturnsLocalizedErrorMessage_WhenCultureIsSet(culture: &quot;de&quot;)" computerName="runnervmf4ws1" duration="00:00:00.0000274" startTime="2025-09-09T22:27:26.3446855+00:00" endTime="2025-09-09T22:27:26.3448048+00:00" testType="13cdc9d9-ddb5-4fa4-a97d-d965ccfc6d4b" outcome="Passed" testListId="8c84fa94-04c1-424b-9868-57a2d4851a1d" relativeResultsDirectory="9cdc6585-5910-4fe8-9e9a-188944fe64f2" />
    <UnitTestResult executionId="a5cc58ef-07ba-44bb-89a2-b8a9fe3fbb5b" testId="1bec7ca9-f747-370f-4b0f-e38d88280d42" testName="SGuard.DataAnnotations.Tests.Attributes.SGuardCreditCardAttributeTests.ReturnsLocalizedErrorMessage_WhenCultureIsSet(culture: &quot;hi&quot;)" computerName="runnervmf4ws1" duration="00:00:00.0000172" startTime="2025-09-09T22:27:26.5672145+00:00" endTime="2025-09-09T22:27:26.5673322+00:00" testType="13cdc9d9-ddb5-4fa4-a97d-d965ccfc6d4b" outcome="Passed" testListId="8c84fa94-04c1-424b-9868-57a2d4851a1d" relativeResultsDirectory="a5cc58ef-07ba-44bb-89a2-b8a9fe3fbb5b" />
    <UnitTestResult executionId="54ce21d1-0f4d-4835-9fc7-b4fb993fee89" testId="ad9b44db-f68d-9700-9b50-709646904671" testName="SGuard.DataAnnotations.Tests.Attributes.SGuardCreditCardAttributeTests.ReturnsError_WhenValueIsInvalidTestCreditCard(cardNumber: &quot;1234567890123456&quot;)" computerName="runnervmf4ws1" duration="00:00:00.0002901" startTime="2025-09-09T22:27:26.5135661+00:00" endTime="2025-09-09T22:27:26.5136805+00:00" testType="13cdc9d9-ddb5-4fa4-a97d-d965ccfc6d4b" outcome="Passed" testListId="8c84fa94-04c1-424b-9868-57a2d4851a1d" relativeResultsDirectory="54ce21d1-0f4d-4835-9fc7-b4fb993fee89" />
    <UnitTestResult executionId="a8b3b1c5-d10f-4535-9627-ed6736c7a508" testId="0fe6f63a-5577-4d32-ed2e-e8f9f731ea28" testName="SGuard.DataAnnotations.Tests.Attributes.SGuardRequiredIfAttributeTests.ReturnsSuccess_WhenConditionNotMet" computerName="runnervmf4ws1" duration="00:00:00.0061951" startTime="2025-09-09T22:27:26.4803562+00:00" endTime="2025-09-09T22:27:26.4804452+00:00" testType="13cdc9d9-ddb5-4fa4-a97d-d965ccfc6d4b" outcome="Passed" testListId="8c84fa94-04c1-424b-9868-57a2d4851a1d" relativeResultsDirectory="a8b3b1c5-d10f-4535-9627-ed6736c7a508" />
    <UnitTestResult executionId="eccd740f-e7c0-4b4d-8a8a-abd53025720b" testId="cbc682c1-72ef-07ff-b3bd-6812b487795a" testName="SGuard.DataAnnotations.Tests.Attributes.SGuardValidationAttributeBaseFallbackTests.Returns_FallbackResource_IfMainResourceMissing_AndFallbackResourceExists" computerName="runnervmf4ws1" duration="00:00:00.0002682" startTime="2025-09-09T22:27:26.8231699+00:00" endTime="2025-09-09T22:27:26.8251528+00:00" testType="13cdc9d9-ddb5-4fa4-a97d-d965ccfc6d4b" outcome="Passed" testListId="8c84fa94-04c1-424b-9868-57a2d4851a1d" relativeResultsDirectory="eccd740f-e7c0-4b4d-8a8a-abd53025720b" />
    <UnitTestResult executionId="a290ec3c-18ae-48ec-8f11-2e62a5f77e7a" testId="947b8e8c-07a1-6110-57f3-f69789a0ce3b" testName="SGuard.DataAnnotations.Tests.Attributes.SGuardCreditCardAttributeTests.ReturnsError_WhenValueIsInvalidCreditCard" computerName="runnervmf4ws1" duration="00:00:00.0001466" startTime="2025-09-09T22:27:26.6294464+00:00" endTime="2025-09-09T22:27:26.6295866+00:00" testType="13cdc9d9-ddb5-4fa4-a97d-d965ccfc6d4b" outcome="Passed" testListId="8c84fa94-04c1-424b-9868-57a2d4851a1d" relativeResultsDirectory="a290ec3c-18ae-48ec-8f11-2e62a5f77e7a" />
    <UnitTestResult executionId="668ce5fb-17d8-4db6-b55b-28655b4139ab" testId="0367e79a-4921-fb2e-f4bc-6e70d3dbd5a0" testName="SGuard.DataAnnotations.Tests.DataAnnotation.IsTests.DataAnnotationsValid_ValidObject_ReturnsTrue" computerName="runnervmf4ws1" duration="00:00:00.0000972" startTime="2025-09-09T22:27:26.7572136+00:00" endTime="2025-09-09T22:27:26.7573517+00:00" testType="13cdc9d9-ddb5-4fa4-a97d-d965ccfc6d4b" outcome="Passed" testListId="8c84fa94-04c1-424b-9868-57a2d4851a1d" relativeResultsDirectory="668ce5fb-17d8-4db6-b55b-28655b4139ab" />
    <UnitTestResult executionId="d34dd0ed-a064-47e3-bec3-a3ab96c6000f" testId="8fa6afed-24b8-e0d5-4613-aa654c64059a" testName="SGuard.DataAnnotations.Tests.Attributes.SGuardMinLengthAttributeTests.ReturnsError_WhenStringIsShorterThanMinLength" computerName="runnervmf4ws1" duration="00:00:00.0002091" startTime="2025-09-09T22:27:26.3904699+00:00" endTime="2025-09-09T22:27:26.3915979+00:00" testType="13cdc9d9-ddb5-4fa4-a97d-d965ccfc6d4b" outcome="Passed" testListId="8c84fa94-04c1-424b-9868-57a2d4851a1d" relativeResultsDirectory="d34dd0ed-a064-47e3-bec3-a3ab96c6000f" />
    <UnitTestResult executionId="adf220ae-7a83-4227-83b1-8113bee57160" testId="2187ad65-87f0-bfcf-d975-396aa8f70701" testName="SGuard.DataAnnotations.Tests.Attributes.SGuardCreditCardAttributeTests.ReturnsSuccess_WhenValueIsValidTestCreditCard(cardNumber: &quot;30569309025904&quot;)" computerName="runnervmf4ws1" duration="00:00:00.0000064" startTime="2025-09-09T22:27:26.4963491+00:00" endTime="2025-09-09T22:27:26.4964757+00:00" testType="13cdc9d9-ddb5-4fa4-a97d-d965ccfc6d4b" outcome="Passed" testListId="8c84fa94-04c1-424b-9868-57a2d4851a1d" relativeResultsDirectory="adf220ae-7a83-4227-83b1-8113bee57160" />
    <UnitTestResult executionId="38bacbe6-d4ea-444e-aa14-ee6c2f5795eb" testId="0102dee6-8235-3327-5cfb-2d8748949388" testName="SGuard.DataAnnotations.Tests.Attributes.SGuardMaxCountAttributeTests.ReturnsSuccess_WhenEnumerableCountIsLessThanOrEqualToMax" computerName="runnervmf4ws1" duration="00:00:00.0010071" startTime="2025-09-09T22:27:26.4210567+00:00" endTime="2025-09-09T22:27:26.4227434+00:00" testType="13cdc9d9-ddb5-4fa4-a97d-d965ccfc6d4b" outcome="Passed" testListId="8c84fa94-04c1-424b-9868-57a2d4851a1d" relativeResultsDirectory="38bacbe6-d4ea-444e-aa14-ee6c2f5795eb" />
    <UnitTestResult executionId="7832d651-f8dc-4af1-a00a-712eebcfc68d" testId="f990b3b4-c789-9b95-242d-e1c954f9cc12" testName="SGuard.DataAnnotations.Tests.Attributes.SGuardCompareAttributeTests.WorksWithIntegerValues" computerName="runnervmf4ws1" duration="00:00:00.0003862" startTime="2025-09-09T22:27:26.2814370+00:00" endTime="2025-09-09T22:27:26.2815378+00:00" testType="13cdc9d9-ddb5-4fa4-a97d-d965ccfc6d4b" outcome="Passed" testListId="8c84fa94-04c1-424b-9868-57a2d4851a1d" relativeResultsDirectory="7832d651-f8dc-4af1-a00a-712eebcfc68d" />
    <UnitTestResult executionId="fad9b266-08d6-4ada-a7f2-3da75192d078" testId="415ed7a6-e4fc-36b9-c8af-402d2a0972cd" testName="SGuard.DataAnnotations.Tests.Attributes.SGuardEmailAddressAttributeTests.ReturnsSuccess_WhenValueIsValidEmailFormat(email: &quot;a@b.co&quot;)" computerName="runnervmf4ws1" duration="00:00:00.0000090" startTime="2025-09-09T22:27:26.3743220+00:00" endTime="2025-09-09T22:27:26.3744302+00:00" testType="13cdc9d9-ddb5-4fa4-a97d-d965ccfc6d4b" outcome="Passed" testListId="8c84fa94-04c1-424b-9868-57a2d4851a1d" relativeResultsDirectory="fad9b266-08d6-4ada-a7f2-3da75192d078" />
    <UnitTestResult executionId="7fca8fc1-cee1-4ec2-a3f1-be82cda7dcb6" testId="5ef97b10-c488-3da5-ecf7-3c6ea686e808" testName="SGuard.DataAnnotations.Tests.Attributes.SGuardCreditCardAttributeTests.ReturnsSuccess_WhenValueIsValidTestCreditCard(cardNumber: &quot;4000000000000028&quot;)" computerName="runnervmf4ws1" duration="00:00:00.0000076" startTime="2025-09-09T22:27:26.5028108+00:00" endTime="2025-09-09T22:27:26.5029636+00:00" testType="13cdc9d9-ddb5-4fa4-a97d-d965ccfc6d4b" outcome="Passed" testListId="8c84fa94-04c1-424b-9868-57a2d4851a1d" relativeResultsDirectory="7fca8fc1-cee1-4ec2-a3f1-be82cda7dcb6" />
    <UnitTestResult executionId="9d055dde-8650-4e4e-8340-a7a2dc4f0c00" testId="57a39652-a5d5-4278-0df9-a00ced5dc2dd" testName="SGuard.DataAnnotations.Tests.Attributes.SGuardBetweenAttributeTests.ReturnsError_WhenValueIsAboveMax_Exclusive" computerName="runnervmf4ws1" duration="00:00:00.0001735" startTime="2025-09-09T22:27:26.7123015+00:00" endTime="2025-09-09T22:27:26.7124418+00:00" testType="13cdc9d9-ddb5-4fa4-a97d-d965ccfc6d4b" outcome="Passed" testListId="8c84fa94-04c1-424b-9868-57a2d4851a1d" relativeResultsDirectory="9d055dde-8650-4e4e-8340-a7a2dc4f0c00" />
    <UnitTestResult executionId="91e10a82-8275-448f-ae95-d465c984a7d9" testId="a011312a-4f9e-2d4f-469f-23423f0b646f" testName="SGuard.DataAnnotations.Tests.Attributes.SGuardLessThanAttributeTests.ReturnsError_WhenOtherIsNull" computerName="runnervmf4ws1" duration="00:00:00.0002732" startTime="2025-09-09T22:27:26.7690245+00:00" endTime="2025-09-09T22:27:26.7691677+00:00" testType="13cdc9d9-ddb5-4fa4-a97d-d965ccfc6d4b" outcome="Passed" testListId="8c84fa94-04c1-424b-9868-57a2d4851a1d" relativeResultsDirectory="91e10a82-8275-448f-ae95-d465c984a7d9" />
    <UnitTestResult executionId="2a71308e-796b-49ee-9661-75bdbd473b39" testId="459571cd-a7a6-19f8-467f-defe386a04a8" testName="SGuard.DataAnnotations.Tests.Attributes.SGuardLessThanAttributeTests.ReturnsError_WhenValueIsNull" computerName="runnervmf4ws1" duration="00:00:00.0075538" startTime="2025-09-09T22:27:26.7406465+00:00" endTime="2025-09-09T22:27:26.7659882+00:00" testType="13cdc9d9-ddb5-4fa4-a97d-d965ccfc6d4b" outcome="Passed" testListId="8c84fa94-04c1-424b-9868-57a2d4851a1d" relativeResultsDirectory="2a71308e-796b-49ee-9661-75bdbd473b39" />
    <UnitTestResult executionId="700f9009-6e13-48fc-8c73-341e646c7818" testId="055f0230-574f-4d2a-47dc-7bd7d3f628d0" testName="SGuard.DataAnnotations.Tests.Attributes.SGuardBetweenAttributeTests.HandlesZeroValues_Inclusive" computerName="runnervmf4ws1" duration="00:00:00.0001406" startTime="2025-09-09T22:27:26.7171927+00:00" endTime="2025-09-09T22:27:26.7173409+00:00" testType="13cdc9d9-ddb5-4fa4-a97d-d965ccfc6d4b" outcome="Passed" testListId="8c84fa94-04c1-424b-9868-57a2d4851a1d" relativeResultsDirectory="700f9009-6e13-48fc-8c73-341e646c7818" />
    <UnitTestResult executionId="c1dfc3ba-28e1-4bc7-bf05-d844ff227e4d" testId="d2abbd7a-ef0c-371c-ddca-a09c27d6f3a8" testName="SGuard.DataAnnotations.Tests.DataAnnotation.ThrowIfTests.DataAnnotationsInValid_ValidObject_DoesNotThrow" computerName="runnervmf4ws1" duration="00:00:00.0003478" startTime="2025-09-09T22:27:26.6338428+00:00" endTime="2025-09-09T22:27:26.6355686+00:00" testType="13cdc9d9-ddb5-4fa4-a97d-d965ccfc6d4b" outcome="Passed" testListId="8c84fa94-04c1-424b-9868-57a2d4851a1d" relativeResultsDirectory="c1dfc3ba-28e1-4bc7-bf05-d844ff227e4d" />
    <UnitTestResult executionId="09ef6947-537b-4a68-8606-6e553bb33276" testId="1b3d778a-44d9-4efe-03a7-1b9c70fd51b6" testName="SGuard.DataAnnotations.Tests.Attributes.SGuardCollectionItemsMatchAttributeTests.ReturnsSuccess_WhenCollectionIsNull" computerName="runnervmf4ws1" duration="00:00:00.0002150" startTime="2025-09-09T22:27:26.7390551+00:00" endTime="2025-09-09T22:27:26.7391824+00:00" testType="13cdc9d9-ddb5-4fa4-a97d-d965ccfc6d4b" outcome="Passed" testListId="8c84fa94-04c1-424b-9868-57a2d4851a1d" relativeResultsDirectory="09ef6947-537b-4a68-8606-6e553bb33276" />
    <UnitTestResult executionId="6552634d-0546-48c5-bc65-3b5c56f03ea7" testId="fc64d6a4-4d66-20a9-e79f-39d54b13b967" testName="SGuard.DataAnnotations.Tests.Attributes.SGuardCompareAttributeTests.ReturnsSuccess_WhenEmptyStringsAreEqual" computerName="runnervmf4ws1" duration="00:00:00.0206750" startTime="2025-09-09T22:27:26.0826683+00:00" endTime="2025-09-09T22:27:26.1035806+00:00" testType="13cdc9d9-ddb5-4fa4-a97d-d965ccfc6d4b" outcome="Passed" testListId="8c84fa94-04c1-424b-9868-57a2d4851a1d" relativeResultsDirectory="6552634d-0546-48c5-bc65-3b5c56f03ea7" />
    <UnitTestResult executionId="5621d4fc-6ff2-47a7-aabb-df8009bdeaf6" testId="e43fb556-9358-00bd-a086-0825e3eb5ea1" testName="SGuard.DataAnnotations.Tests.DataAnnotation.ThrowIfTests.DataAnnotationsInValid_InvalidObject_ThrowsDataAnnotationsException" computerName="runnervmf4ws1" duration="00:00:00.0064020" startTime="2025-09-09T22:27:26.6393769+00:00" endTime="2025-09-09T22:27:26.6823762+00:00" testType="13cdc9d9-ddb5-4fa4-a97d-d965ccfc6d4b" outcome="Passed" testListId="8c84fa94-04c1-424b-9868-57a2d4851a1d" relativeResultsDirectory="5621d4fc-6ff2-47a7-aabb-df8009bdeaf6" />
    <UnitTestResult executionId="ce92b715-6d9f-48de-8824-fc3718cd0a54" testId="181598e2-c6b1-2784-b176-289e525b0b8a" testName="SGuard.DataAnnotations.Tests.Attributes.SGuardMaxLengthAttributeTests.ReturnsError_WhenStringIsLongerThanMaxLength" computerName="runnervmf4ws1" duration="00:00:00.0003534" startTime="2025-09-09T22:27:26.3702076+00:00" endTime="2025-09-09T22:27:26.3720973+00:00" testType="13cdc9d9-ddb5-4fa4-a97d-d965ccfc6d4b" outcome="Passed" testListId="8c84fa94-04c1-424b-9868-57a2d4851a1d" relativeResultsDirectory="ce92b715-6d9f-48de-8824-fc3718cd0a54" />
    <UnitTestResult executionId="13f570f3-a050-4206-ab90-c1068f4b3e0f" testId="f791abfc-b2b5-9902-1a21-5b3a0eb9fef0" testName="SGuard.DataAnnotations.Tests.Attributes.SGuardPhoneAttributeTests.ReturnsError_WhenPhoneIsInvalid" computerName="runnervmf4ws1" duration="00:00:00.0002467" startTime="2025-09-09T22:27:26.4856530+00:00" endTime="2025-09-09T22:27:26.4857834+00:00" testType="13cdc9d9-ddb5-4fa4-a97d-d965ccfc6d4b" outcome="Passed" testListId="8c84fa94-04c1-424b-9868-57a2d4851a1d" relativeResultsDirectory="13f570f3-a050-4206-ab90-c1068f4b3e0f" />
    <UnitTestResult executionId="44a2d8ca-ad51-4310-95b5-e46d84d20c1b" testId="1c56d25b-3fa2-0b50-9bef-dde7f6b97d13" testName="SGuard.DataAnnotations.Tests.Attributes.SGuardCreditCardAttributeTests.ReturnsSuccess_WhenValueIsNull" computerName="runnervmf4ws1" duration="00:00:00.0001299" startTime="2025-09-09T22:27:26.5962499+00:00" endTime="2025-09-09T22:27:26.5963886+00:00" testType="13cdc9d9-ddb5-4fa4-a97d-d965ccfc6d4b" outcome="Passed" testListId="8c84fa94-04c1-424b-9868-57a2d4851a1d" relativeResultsDirectory="44a2d8ca-ad51-4310-95b5-e46d84d20c1b" />
    <UnitTestResult executionId="8de0b0f6-fffb-49b1-9812-3da279dd03ec" testId="e81f3f09-af79-811e-3ec1-cb518f4d546b" testName="SGuard.DataAnnotations.Tests.Attributes.SGuardCompareAttributeTests.Constructor_ThrowsArgumentNullException_WhenResourceTypeIsNull" computerName="runnervmf4ws1" duration="00:00:00.0002319" startTime="2025-09-09T22:27:26.3637301+00:00" endTime="2025-09-09T22:27:26.3638333+00:00" testType="13cdc9d9-ddb5-4fa4-a97d-d965ccfc6d4b" outcome="Passed" testListId="8c84fa94-04c1-424b-9868-57a2d4851a1d" relativeResultsDirectory="8de0b0f6-fffb-49b1-9812-3da279dd03ec" />
    <UnitTestResult executionId="bb0c368f-71a9-4bc9-bbef-a0764cdba3b2" testId="7a45e5b4-b37c-dd0d-42d4-b89ff4a76390" testName="SGuard.DataAnnotations.Tests.Attributes.SGuardEmailAddressAttributeTests.SupportsMultipleAttributes_OnSameProperty" computerName="runnervmf4ws1" duration="00:00:00.0031853" startTime="2025-09-09T22:27:26.3557055+00:00" endTime="2025-09-09T22:27:26.3649920+00:00" testType="13cdc9d9-ddb5-4fa4-a97d-d965ccfc6d4b" outcome="Passed" testListId="8c84fa94-04c1-424b-9868-57a2d4851a1d" relativeResultsDirectory="bb0c368f-71a9-4bc9-bbef-a0764cdba3b2" />
    <UnitTestResult executionId="539df0c8-369e-4eab-a5bd-6e86e5999bcd" testId="6c394c87-d02e-52ab-96bf-3b401d578b07" testName="SGuard.DataAnnotations.Tests.Attributes.SGuardEmailAddressAttributeTests.UserRegistration_InvalidEmail_Failure" computerName="runnervmf4ws1" duration="00:00:00.0002361" startTime="2025-09-09T22:27:26.3250710+00:00" endTime="2025-09-09T22:27:26.3251243+00:00" testType="13cdc9d9-ddb5-4fa4-a97d-d965ccfc6d4b" outcome="Passed" testListId="8c84fa94-04c1-424b-9868-57a2d4851a1d" relativeResultsDirectory="539df0c8-369e-4eab-a5bd-6e86e5999bcd" />
    <UnitTestResult executionId="18c0ac96-212a-4ced-82ec-6ab64757ba17" testId="0bce7d4a-3968-3e49-ebb4-a685b9d62474" testName="SGuard.DataAnnotations.Tests.Attributes.SGuardPhoneAttributeTests.ReturnsSuccess_WhenPhoneIsValid" computerName="runnervmf4ws1" duration="00:00:00.0006251" startTime="2025-09-09T22:27:26.4822164+00:00" endTime="2025-09-09T22:27:26.4822829+00:00" testType="13cdc9d9-ddb5-4fa4-a97d-d965ccfc6d4b" outcome="Passed" testListId="8c84fa94-04c1-424b-9868-57a2d4851a1d" relativeResultsDirectory="18c0ac96-212a-4ced-82ec-6ab64757ba17" />
    <UnitTestResult executionId="49a4e548-5665-42f7-add5-74cc07296e70" testId="ec59795f-94f2-656f-f495-1bb2fb83958a" testName="SGuard.DataAnnotations.Tests.Attributes.SGuardGreaterThanAttributeTests.ReturnsError_WhenDecimalValueIsNotGreaterThanOther" computerName="runnervmf4ws1" duration="00:00:00.0005788" startTime="2025-09-09T22:27:26.2950073+00:00" endTime="2025-09-09T22:27:26.2952383+00:00" testType="13cdc9d9-ddb5-4fa4-a97d-d965ccfc6d4b" outcome="Passed" testListId="8c84fa94-04c1-424b-9868-57a2d4851a1d" relativeResultsDirectory="49a4e548-5665-42f7-add5-74cc07296e70" />
    <UnitTestResult executionId="ab32478f-8fc0-4ce7-b91e-6b88f1463e9c" testId="8d246871-36db-3a8c-1edc-aa2a9aaa0923" testName="SGuard.DataAnnotations.Tests.Attributes.SGuardCreditCardAttributeTests.HandlesMixedValidInvalidCharacters" computerName="runnervmf4ws1" duration="00:00:00.0001343" startTime="2025-09-09T22:27:26.6202125+00:00" endTime="2025-09-09T22:27:26.6203496+00:00" testType="13cdc9d9-ddb5-4fa4-a97d-d965ccfc6d4b" outcome="Passed" testListId="8c84fa94-04c1-424b-9868-57a2d4851a1d" relativeResultsDirectory="ab32478f-8fc0-4ce7-b91e-6b88f1463e9c" />
    <UnitTestResult executionId="e5cc96af-730e-4a07-9135-7281c10d4272" testId="5e3af1c4-3528-aed8-76db-88c3ab3aa210" testName="SGuard.DataAnnotations.Tests.Attributes.SGuardEmailAddressAttributeTests.ReturnsSuccess_WhenValueIsCommonEmailProvider(email: &quot;user@msn.com&quot;)" computerName="runnervmf4ws1" duration="00:00:00.0000040" startTime="2025-09-09T22:27:26.3233139+00:00" endTime="2025-09-09T22:27:26.3233717+00:00" testType="13cdc9d9-ddb5-4fa4-a97d-d965ccfc6d4b" outcome="Passed" testListId="8c84fa94-04c1-424b-9868-57a2d4851a1d" relativeResultsDirectory="e5cc96af-730e-4a07-9135-7281c10d4272" />
    <UnitTestResult executionId="04d55f72-764a-4519-8124-5e6321b94a82" testId="e652b505-a128-5c9b-29b5-90454fd80729" testName="SGuard.DataAnnotations.Tests.Attributes.SGuardMaxCountAttributeTests.ReturnsError_WhenValueIsNotACollection" computerName="runnervmf4ws1" duration="00:00:00.0002198" startTime="2025-09-09T22:27:26.4567790+00:00" endTime="2025-09-09T22:27:26.4568425+00:00" testType="13cdc9d9-ddb5-4fa4-a97d-d965ccfc6d4b" outcome="Passed" testListId="8c84fa94-04c1-424b-9868-57a2d4851a1d" relativeResultsDirectory="04d55f72-764a-4519-8124-5e6321b94a82" />
    <UnitTestResult executionId="03dba1a7-b6f9-4900-9ce1-36eb6bb7f54c" testId="dab30612-e288-76a9-0e8e-556c3a8ddede" testName="SGuard.DataAnnotations.Tests.Attributes.SGuardCreditCardAttributeTests.ReturnsError_WhenValueIsInvalidTestCreditCard(cardNumber: &quot;378282246310004&quot;)" computerName="runnervmf4ws1" duration="00:00:00.0000137" startTime="2025-09-09T22:27:26.5233075+00:00" endTime="2025-09-09T22:27:26.5234503+00:00" testType="13cdc9d9-ddb5-4fa4-a97d-d965ccfc6d4b" outcome="Passed" testListId="8c84fa94-04c1-424b-9868-57a2d4851a1d" relativeResultsDirectory="03dba1a7-b6f9-4900-9ce1-36eb6bb7f54c" />
[...]
    <TestEntry testId="3d035846-09a7-d4eb-b706-8b783fcd4620" executionId="f4adb012-6425-4791-bd81-7461816e534f" testListId="8c84fa94-04c1-424b-9868-57a2d4851a1d" />
    <TestEntry testId="f9f8c945-4c81-643a-d9d2-4a8d836c22cd" executionId="92b70975-20a8-4b75-967a-5c08688c6cd0" testListId="8c84fa94-04c1-424b-9868-57a2d4851a1d" />
    <TestEntry testId="f411bd58-ac3a-44a3-7650-4adf178fb426" executionId="f76b73ef-7a9a-4fbd-b0be-5b9a5d8307c5" testListId="8c84fa94-04c1-424b-9868-57a2d4851a1d" />
    <TestEntry testId="2986eca1-77a1-4319-3b1b-6fa3d5a3f516" executionId="e069abcc-ec2f-44cc-ad14-7cbb8f99b282" testListId="8c84fa94-04c1-424b-9868-57a2d4851a1d" />
    <TestEntry testId="266cbee7-f68f-4b26-f221-d20b6f814953" executionId="cb6e61d8-48d8-479f-9a19-785bf8cc4324" testListId="8c84fa94-04c1-424b-9868-57a2d4851a1d" />
    <TestEntry testId="b6ca7894-434a-5884-55a8-7095b45f842e" executionId="d2b73eaf-9a7b-44b6-add9-6f3de035c142" testListId="8c84fa94-04c1-424b-9868-57a2d4851a1d" />
    <TestEntry testId="ae95f8f1-e062-9428-8825-545025260de6" executionId="9ed24624-65ec-4ffa-bdcb-3ec4e5bebe22" testListId="8c84fa94-04c1-424b-9868-57a2d4851a1d" />
    <TestEntry testId="75d2aff9-bd09-f5dd-0d61-8a79007e5e63" executionId="510f9871-194e-4525-a80e-98bfe9db00a3" testListId="8c84fa94-04c1-424b-9868-57a2d4851a1d" />
    <TestEntry testId="624a2de5-bfea-7fa5-ee1a-26526dad9b4c" executionId="6ed5391e-9224-4642-bb2d-52daa150e745" testListId="8c84fa94-04c1-424b-9868-57a2d4851a1d" />
    <TestEntry testId="a484b60c-6e92-f3f0-aa33-178dfb90559c" executionId="aa5e9f7c-aa0a-4762-bee8-30aba4e9b4f5" testListId="8c84fa94-04c1-424b-9868-57a2d4851a1d" />
    <TestEntry testId="05a3b24a-9973-d8c2-2a27-3d4a83d88f8d" executionId="911abe07-10cf-45fc-bd99-d91e6c17690b" testListId="8c84fa94-04c1-424b-9868-57a2d4851a1d" />
    <TestEntry testId="83224292-1ad2-5a31-0125-83f3c1a60c2f" executionId="cc622232-18e8-4d97-b135-544fcf9bf52a" testListId="8c84fa94-04c1-424b-9868-57a2d4851a1d" />
    <TestEntry testId="8bba85ac-7331-5b3e-7c3e-24a62ec19478" executionId="a0a3cbec-6923-4f4b-90b2-b5a543d5003d" testListId="8c84fa94-04c1-424b-9868-57a2d4851a1d" />
    <TestEntry testId="7bc348cd-ba18-eb29-c5c6-cbdbd749bb83" executionId="99c6af3c-1ad5-48d9-abd5-dc9f13ab2977" testListId="8c84fa94-04c1-424b-9868-57a2d4851a1d" />
    <TestEntry testId="7878f711-caab-1cca-2af9-08abc8bcb3d3" executionId="a426e2f4-a72c-49b3-94a4-f50a484650c5" testListId="8c84fa94-04c1-424b-9868-57a2d4851a1d" />
    <TestEntry testId="67af8a8d-4a22-a9e2-abf0-def7c53b0fd8" executionId="6107d12e-cd9c-453f-9e8b-b386414ad782" testListId="8c84fa94-04c1-424b-9868-57a2d4851a1d" />
    <TestEntry testId="b0de6877-7369-beb8-bfcb-699e4af08d17" executionId="e6c5fe5f-be8c-48bc-af06-f6442c7abbc6" testListId="8c84fa94-04c1-424b-9868-57a2d4851a1d" />
    <TestEntry testId="e637339b-b38a-22b1-d566-282380c17576" executionId="53df45f6-9771-44c2-90ff-b24ef33b0642" testListId="8c84fa94-04c1-424b-9868-57a2d4851a1d" />
    <TestEntry testId="0b94c834-d90e-9605-45d2-d9d132ae666f" executionId="c5a9e1c3-fea4-4f12-9ad3-2e9b8a8a20b0" testListId="8c84fa94-04c1-424b-9868-57a2d4851a1d" />
    <TestEntry testId="06fd7059-3d6f-6c93-7a5a-42eb775a541b" executionId="6a7247f7-1503-47c7-99e3-303fc6a0b790" testListId="8c84fa94-04c1-424b-9868-57a2d4851a1d" />
    <TestEntry testId="701f587a-5d18-199f-026c-ebd21e1df910" executionId="97e7d73e-aec4-4edf-9686-b749510195ba" testListId="8c84fa94-04c1-424b-9868-57a2d4851a1d" />
    <TestEntry testId="ed1d94bc-fd0b-21ab-f84b-7c81cc08363b" executionId="7c8df84b-5643-4ba9-a16e-ab0198b04548" testListId="8c84fa94-04c1-424b-9868-57a2d4851a1d" />
    <TestEntry testId="90364ebf-e194-1b77-acdc-71873e1b7143" executionId="98afb82b-0178-4a6d-92f8-101a220e64ae" testListId="8c84fa94-04c1-424b-9868-57a2d4851a1d" />
    <TestEntry testId="07fcde81-a5d2-9bc2-a2d7-57e55070e45d" executionId="7b78d462-db47-45f4-a14b-b9d3242e3e97" testListId="8c84fa94-04c1-424b-9868-57a2d4851a1d" />
    <TestEntry testId="71aa4210-ac3e-e7c3-0653-b089cbb506b7" executionId="579c7abc-7ef6-4dea-a313-02352ec9b82f" testListId="8c84fa94-04c1-424b-9868-57a2d4851a1d" />
    <TestEntry testId="34bb9170-eeee-de83-f14e-fab906187457" executionId="169f2517-d947-4c76-8466-47a77677e381" testListId="8c84fa94-04c1-424b-9868-57a2d4851a1d" />
    <TestEntry testId="efcc2e9e-2f85-0ef0-5d17-1938b92c7600" executionId="b84fad77-c18e-4e95-bb07-4cfa27765c4f" testListId="8c84fa94-04c1-424b-9868-57a2d4851a1d" />
    <TestEntry testId="cad8a71e-9ec3-0cfe-ecda-314fd7839d3f" executionId="fbf86fc1-0662-4798-a845-5ce48ece3f5d" testListId="8c84fa94-04c1-424b-9868-57a2d4851a1d" />
    <TestEntry testId="69c491e7-162a-f54d-99dd-afee817e1235" executionId="be41a6c3-e228-4622-822d-77a02ceeff67" testListId="8c84fa94-04c1-424b-9868-57a2d4851a1d" />
    <TestEntry testId="dbb7f411-b5f6-5940-9199-3e373138ea62" executionId="0851c190-9549-490c-924e-38f28a2b8475" testListId="8c84fa94-04c1-424b-9868-57a2d4851a1d" />
    <TestEntry testId="f949f09e-ebc0-f09b-1a13-db797c40c4c3" executionId="65aba10a-f488-4827-9ec8-d10ce3c21a6e" testListId="8c84fa94-04c1-424b-9868-57a2d4851a1d" />
    <TestEntry testId="7ecabcdb-f2bf-5e92-6c91-f6117e8a09af" executionId="c747f8ab-cf53-4bdd-b5a1-3e5e39f9c127" testListId="8c84fa94-04c1-424b-9868-57a2d4851a1d" />
    <TestEntry testId="c217cd52-6433-05a1-a077-a582de5aaa62" executionId="256cddd3-0866-4fa8-be4c-2c0b9afa09eb" testListId="8c84fa94-04c1-424b-9868-57a2d4851a1d" />
    <TestEntry testId="5ea183d9-8439-dd6c-d705-0b7bf5efa48b" executionId="5518268a-f755-4beb-af86-69dfc3bc90e7" testListId="8c84fa94-04c1-424b-9868-57a2d4851a1d" />
    <TestEntry testId="58eebdef-28a3-7d06-c213-4aa00f14b8b1" executionId="7b7a19a8-6675-4870-a0f6-f556a2345de5" testListId="8c84fa94-04c1-424b-9868-57a2d4851a1d" />
    <TestEntry testId="2a3930db-30f0-5441-9b21-5ddb855435ef" executionId="36774653-5478-4d22-b1fc-18d4f3769879" testListId="8c84fa94-04c1-424b-9868-57a2d4851a1d" />
    <TestEntry testId="25bfd5dc-d6fd-7060-1543-b6eff93eaa1d" executionId="1529474a-874a-4ac0-9eca-ffeb5eb52b87" testListId="8c84fa94-04c1-424b-9868-57a2d4851a1d" />
    <TestEntry testId="6ad43e97-1e3e-ec83-e035-af1c369888de" executionId="1c8c1984-0cfb-42cd-a71e-a2ad9658ff6f" testListId="8c84fa94-04c1-424b-9868-57a2d4851a1d" />
    <TestEntry testId="bd7bddfa-4b13-cac6-2538-99d0e6e9aaf2" executionId="a13ba7be-1a3b-4baa-8492-89479468cee1" testListId="8c84fa94-04c1-424b-9868-57a2d4851a1d" />
    <TestEntry testId="a35a1793-5ee3-f926-ff94-e5d154b60c65" executionId="e042e692-6953-4b8f-ac33-eaf0bb1db66a" testListId="8c84fa94-04c1-424b-9868-57a2d4851a1d" />
    <TestEntry testId="db6b1d5f-acf0-e056-417a-53af7ddfd69f" executionId="53f09e81-e6fd-4546-9f82-1954a74ed18c" testListId="8c84fa94-04c1-424b-9868-57a2d4851a1d" />
    <TestEntry testId="58d16fdf-e597-97fe-e122-05c7faace010" executionId="a151ab73-f7c4-486a-aa31-4f886930f964" testListId="8c84fa94-04c1-424b-9868-57a2d4851a1d" />
    <TestEntry testId="603feeed-2241-e035-6017-b1d30d094808" executionId="a9a1bd8d-ed30-409e-bc7e-2f18055ec0dc" testListId="8c84fa94-04c1-424b-9868-57a2d4851a1d" />
    <TestEntry testId="c549c10a-c324-af07-fecf-e15608df2050" executionId="8c441b1e-fddb-4e98-8630-1212ac2bbe27" testListId="8c84fa94-04c1-424b-9868-57a2d4851a1d" />
    <TestEntry testId="8ce819e9-2ccf-3f8e-012f-049309266381" executionId="a596916d-d55f-41bc-b6aa-a71ebf909dba" testListId="8c84fa94-04c1-424b-9868-57a2d4851a1d" />
    <TestEntry testId="16d394f6-e09f-d4d6-96d8-204c0f1c5d93" executionId="775f6695-8972-4bb9-b8c1-3fdb71428a23" testListId="8c84fa94-04c1-424b-9868-57a2d4851a1d" />
    <TestEntry testId="1a45ac18-4cd8-b3a2-3eb6-7a2b6dbbd4c5" executionId="4d3af5ac-98bd-42f0-97c2-d1ead8dea76a" testListId="8c84fa94-04c1-424b-9868-57a2d4851a1d" />
    <TestEntry testId="6baebac7-a80a-bf62-b229-fb70ad830fff" executionId="4a46a471-bc02-48ae-aafe-8e34b964d271" testListId="8c84fa94-04c1-424b-9868-57a2d4851a1d" />
    <TestEntry testId="c9e17951-e43f-8200-3417-432bd1307c56" executionId="681f5774-ff30-447d-a26b-384aab0740d9" testListId="8c84fa94-04c1-424b-9868-57a2d4851a1d" />
    <TestEntry testId="35cd39b6-9fc9-e727-c160-6599970b4a46" executionId="00519070-5174-47de-9bb1-0d08d7e0d11d" testListId="8c84fa94-04c1-424b-9868-57a2d4851a1d" />
    <TestEntry testId="c73d6aaa-e241-d2c3-1e63-c59fd12ac92a" executionId="0644ce9f-830c-453a-8461-bd8d050d4171" testListId="8c84fa94-04c1-424b-9868-57a2d4851a1d" />
    <TestEntry testId="68a16536-98d2-0511-7116-864607bab0e2" executionId="441f773b-aa95-419f-8f35-502f9cf16e19" testListId="8c84fa94-04c1-424b-9868-57a2d4851a1d" />
    <TestEntry testId="734c5808-49eb-8ed1-25f3-61160bef48bd" executionId="f28b6353-fd35-474d-9ead-e0f43dcb7a7c" testListId="8c84fa94-04c1-424b-9868-57a2d4851a1d" />
    <TestEntry testId="da46ef01-15e9-67b6-3316-0d87c8eb81a2" executionId="e3062f36-f990-422f-9885-ca194a41f2fd" testListId="8c84fa94-04c1-424b-9868-57a2d4851a1d" />
    <TestEntry testId="7e7b9c1e-babc-ac42-36f5-c064ed6a9a1c" executionId="82bf4ab3-9d43-423b-a9b5-5f8907c53b47" testListId="8c84fa94-04c1-424b-9868-57a2d4851a1d" />
    <TestEntry testId="76eeeb2b-1455-fe34-82ad-4f434e3d08da" executionId="23538968-e62a-405d-a66f-982293d11a25" testListId="8c84fa94-04c1-424b-9868-57a2d4851a1d" />
    <TestEntry testId="07f208e9-5d3e-7b2e-6a59-4da49d2f6cd9" executionId="3c2d9396-9053-43d6-a135-7223e5e6d439" testListId="8c84fa94-04c1-424b-9868-57a2d4851a1d" />
    <TestEntry testId="7f1262c7-9267-6848-7a6a-63fee330a8ad" executionId="23e54a4c-ad5e-40e1-b31f-7c0de47ace85" testListId="8c84fa94-04c1-424b-9868-57a2d4851a1d" />
    <TestEntry testId="a53e0d07-c18c-8070-bdec-f7532c15812f" executionId="07c9ed8a-9d69-48a3-80c8-0a5deed0055b" testListId="8c84fa94-04c1-424b-9868-57a2d4851a1d" />
    <TestEntry testId="49da038f-537c-1970-55c5-0f0dc151893c" executionId="825b05a9-219e-4ed4-9546-ceea81f48ba1" testListId="8c84fa94-04c1-424b-9868-57a2d4851a1d" />
    <TestEntry testId="9bca95a5-a33d-a683-4344-4c17db026fa8" executionId="11871ade-addb-4b85-8aa3-16852f0977d9" testListId="8c84fa94-04c1-424b-9868-57a2d4851a1d" />
    <TestEntry testId="1c75a966-0b82-9661-4f03-80de50e87f33" executionId="0ed474fb-ab8b-4920-935f-6d2494e6f64e" testListId="8c84fa94-04c1-424b-9868-57a2d4851a1d" />
    <TestEntry testId="9f46c073-ddef-8b94-cb56-edd20a0d1dcb" executionId="ffc1a3ad-bea4-4d6f-848c-978c03138172" testListId="8c84fa94-04c1-424b-9868-57a2d4851a1d" />
    <TestEntry testId="0f6c30f4-eb74-3240-7d3a-baf8973e6bb1" executionId="fca2aabd-0292-426a-bfb9-9a8794a13ebd" testListId="8c84fa94-04c1-424b-9868-57a2d4851a1d" />
    <TestEntry testId="09cd4131-9ddb-feab-ff4c-35327c79c0f2" executionId="93b051c0-934b-4471-a1e4-7512797fb03b" testListId="8c84fa94-04c1-424b-9868-57a2d4851a1d" />
    <TestEntry testId="f2aeed70-0eba-88fa-cdc4-4e0eba39fa22" executionId="901e97a8-30a7-4619-a3db-1c4e71c0c0a4" testListId="8c84fa94-04c1-424b-9868-57a2d4851a1d" />
    <TestEntry testId="90ecebff-7662-d7b9-ab27-78972e03a435" executionId="ca1c2f87-06ae-4004-ab28-b242b72473cd" testListId="8c84fa94-04c1-424b-9868-57a2d4851a1d" />
    <TestEntry testId="9d9f8a4f-fb5f-d9c1-b8a2-a33f0fcb61c1" executionId="158d338b-eb3c-4b41-9e22-916fdcf33200" testListId="8c84fa94-04c1-424b-9868-57a2d4851a1d" />
    <TestEntry testId="901b1d80-eb8f-d99c-d714-80ce4513b9b5" executionId="bf613566-cb1b-4609-a45e-487dfd734606" testListId="8c84fa94-04c1-424b-9868-57a2d4851a1d" />
    <TestEntry testId="0fccd154-e18e-f328-7847-cd4fb77e326e" executionId="32fed174-f898-4196-a4a2-39cd7c184fe8" testListId="8c84fa94-04c1-424b-9868-57a2d4851a1d" />
    <TestEntry testId="b1dff3e0-131a-5859-39fa-f522da206203" executionId="8f8f85f3-c716-4f6c-a55d-cc8884320fab" testListId="8c84fa94-04c1-424b-9868-57a2d4851a1d" />
    <TestEntry testId="3ecd118f-8996-e62a-8936-670ee4ab429e" executionId="439c53f1-42ba-4d4c-b258-fec193cd75c7" testListId="8c84fa94-04c1-424b-9868-57a2d4851a1d" />
    <TestEntry testId="e2003228-eccc-5e56-b410-7f365127fa8c" executionId="b06a119f-510c-4ed7-85c1-5dddec87d97e" testListId="8c84fa94-04c1-424b-9868-57a2d4851a1d" />
    <TestEntry testId="5df4ccfd-b38d-3660-7817-2444fb2dfa70" executionId="41f38bc7-ed9c-4a32-82fe-34ae08c194de" testListId="8c84fa94-04c1-424b-9868-57a2d4851a1d" />
    <TestEntry testId="c230f671-ad47-b61c-8358-5fab696d26df" executionId="bc69373c-76aa-4e46-90bf-e8bbf47ca8d7" testListId="8c84fa94-04c1-424b-9868-57a2d4851a1d" />
    <TestEntry testId="1785d446-9166-80a3-a691-86d4e815eb37" executionId="6f20ed51-27e8-4eb7-8c27-0c2acfa75ea8" testListId="8c84fa94-04c1-424b-9868-57a2d4851a1d" />
    <TestEntry testId="6bd4d2ae-eeeb-a392-cb38-c186fe339396" executionId="9613eb1b-20ee-47d2-8bf8-9606944336a7" testListId="8c84fa94-04c1-424b-9868-57a2d4851a1d" />
    <TestEntry testId="cce1e892-556c-9cd2-ed64-426f363a29c2" executionId="02a217f2-b561-4b3c-a53f-77323dbea8f2" testListId="8c84fa94-04c1-424b-9868-57a2d4851a1d" />
    <TestEntry testId="35b76dca-0f99-b77f-db41-bd1c7f9c0f7f" executionId="e4df4903-aa21-437e-acee-1107ad268944" testListId="8c84fa94-04c1-424b-9868-57a2d4851a1d" />
    <TestEntry testId="ee234abd-0496-b817-262c-6365071813bb" executionId="498fcf0f-e67f-41c2-a42c-044eedb27cd5" testListId="8c84fa94-04c1-424b-9868-57a2d4851a1d" />
    <TestEntry testId="dcf0db55-732a-fafb-7f82-1b8350768679" executionId="b39c978e-7ec7-4986-a1ad-e95bec4125a7" testListId="8c84fa94-04c1-424b-9868-57a2d4851a1d" />
    <TestEntry testId="4bc503a7-11a2-2f4f-32a1-66720fdf3855" executionId="f1e13e02-df97-427e-818a-666c49638042" testListId="8c84fa94-04c1-424b-9868-57a2d4851a1d" />
    <TestEntry testId="c97c75c4-b307-7ca6-75ff-9ef0025bb6a0" executionId="607f1928-2521-4330-9df0-947ed57ee237" testListId="8c84fa94-04c1-424b-9868-57a2d4851a1d" />
    <TestEntry testId="54490ebb-e886-c42d-4637-268057915b16" executionId="4419df36-1114-4e0d-884b-d96532b5078f" testListId="8c84fa94-04c1-424b-9868-57a2d4851a1d" />
    <TestEntry testId="eabbcd14-fd00-2fcc-d0e2-9b4db26c5b35" executionId="42bdffb7-6bc2-446c-bd1e-ffd9d168e85b" testListId="8c84fa94-04c1-424b-9868-57a2d4851a1d" />
    <TestEntry testId="f19b555b-116b-2f3a-0c2d-ec4548792f2e" executionId="50af073b-cb1a-4ee1-8a30-c54a886bf7a3" testListId="8c84fa94-04c1-424b-9868-57a2d4851a1d" />
    <TestEntry testId="ea759aae-ebb3-561f-baa8-d1599fc10d86" executionId="d83b6a85-91e0-46ca-b549-db5455baa9d0" testListId="8c84fa94-04c1-424b-9868-57a2d4851a1d" />
    <TestEntry testId="64a8ba0e-13fa-43a2-4028-da53eca3fc4b" executionId="fa77178f-9adb-40bd-ac8f-1193194a019c" testListId="8c84fa94-04c1-424b-9868-57a2d4851a1d" />
    <TestEntry testId="20732fe4-3f82-c4d4-02eb-ec9f33b96963" executionId="e58e9a27-75d0-4fb2-8df0-f276c4a95b6a" testListId="8c84fa94-04c1-424b-9868-57a2d4851a1d" />
    <TestEntry testId="a3825ee6-ad0d-4819-be97-b9185bfa2c06" executionId="b0dbf86c-f304-4c12-be96-eec11e303ee5" testListId="8c84fa94-04c1-424b-9868-57a2d4851a1d" />
    <TestEntry testId="26b95717-eff7-b896-62e8-84d5342f995e" executionId="3f049044-2c71-42ac-adc0-4fb8248f875d" testListId="8c84fa94-04c1-424b-9868-57a2d4851a1d" />
    <TestEntry testId="44b5e871-bf86-94e7-7093-ae2d9b275d87" executionId="cf3a4ef9-a268-42a1-99e1-556bd3f087ed" testListId="8c84fa94-04c1-424b-9868-57a2d4851a1d" />
    <TestEntry testId="d8f8e165-90df-5b49-a300-edfa6daf0e32" executionId="f5d25bb1-a5d4-43d0-87e8-620f05b643f0" testListId="8c84fa94-04c1-424b-9868-57a2d4851a1d" />
    <TestEntry testId="2744c131-c3ef-c9ac-68af-49e8d228d0e8" executionId="5f687e58-bc71-46db-a7de-d5b6fe9d833d" testListId="8c84fa94-04c1-424b-9868-57a2d4851a1d" />
    <TestEntry testId="6720d7d6-f9fe-851e-f20f-3d7775f4d8f4" executionId="406e3bae-c850-4ac9-936c-a7d57771f321" testListId="8c84fa94-04c1-424b-9868-57a2d4851a1d" />
    <TestEntry testId="c36e2ee8-7c55-dd44-7dfa-f01481b9295e" executionId="c6b27f47-e686-4241-bb46-8d59b36d2702" testListId="8c84fa94-04c1-424b-9868-57a2d4851a1d" />
    <TestEntry testId="2f2f4dfd-d686-918e-9cdb-c64365a18a4e" executionId="862e4e6d-bd72-4062-a05a-6fc3ec1f8f41" testListId="8c84fa94-04c1-424b-9868-57a2d4851a1d" />
    <TestEntry testId="e39385cb-7542-4440-d38b-996237c21332" executionId="fb87c6b7-dfa8-4684-aee3-2024a6c6a48b" testListId="8c84fa94-04c1-424b-9868-57a2d4851a1d" />
    <TestEntry testId="c28794e5-0b00-cfed-b0d4-4828aebaa541" executionId="c3c38cb7-f872-4b01-a80a-47a56f14ee81" testListId="8c84fa94-04c1-424b-9868-57a2d4851a1d" />
    <TestEntry testId="6468c7f7-1dba-3b2c-fe98-4295b607576f" executionId="d9c4e01e-f701-41b5-bd79-2ab7c9855ef9" testListId="8c84fa94-04c1-424b-9868-57a2d4851a1d" />
    <TestEntry testId="1c59d7c9-063b-4e4d-eeb7-8b7090f5e894" executionId="cec78fe3-695c-4caf-9bab-5d03c5a965a3" testListId="8c84fa94-04c1-424b-9868-57a2d4851a1d" />
    <TestEntry testId="1923b67c-2b64-459e-4f8d-07b0052405ab" executionId="153755cf-e8f2-40ae-93c5-60089118546a" testListId="8c84fa94-04c1-424b-9868-57a2d4851a1d" />
    <TestEntry testId="f39808db-9b00-19f3-92ea-395a8ce4cfc2" executionId="3daf3daf-7613-4447-b408-2dc09b600a48" testListId="8c84fa94-04c1-424b-9868-57a2d4851a1d" />
    <TestEntry testId="b9b58e28-7f86-1f3e-1425-2302a7fc52a5" executionId="88161a54-20ea-4235-bdb1-4d67b935d064" testListId="8c84fa94-04c1-424b-9868-57a2d4851a1d" />
    <TestEntry testId="e54af1a4-2187-47bd-06ab-7b48b0cdb6e0" executionId="410da673-5cd6-4bc4-9783-1f16c1f3e1f8" testListId="8c84fa94-04c1-424b-9868-57a2d4851a1d" />
    <TestEntry testId="624d1e9e-c1f1-b5dd-e74e-7b5abb6322df" executionId="e3546000-b12e-40f5-aa77-3399c673cade" testListId="8c84fa94-04c1-424b-9868-57a2d4851a1d" />
    <TestEntry testId="0c7ed41a-0fec-962f-fb03-8fb57bf9a0b3" executionId="ab479ce3-3b91-43cf-a101-4272b6201f25" testListId="8c84fa94-04c1-424b-9868-57a2d4851a1d" />
    <TestEntry testId="61c2b2fd-0ce4-077d-21b4-8840be5ccace" executionId="6f553375-9708-41d8-b757-8d3dba3aae0f" testListId="8c84fa94-04c1-424b-9868-57a2d4851a1d" />
    <TestEntry testId="c7f2fb08-11b4-e8d2-b9b9-3bf6fbe1918f" executionId="962bc90e-27c2-4420-b41d-431339fe3540" testListId="8c84fa94-04c1-424b-9868-57a2d4851a1d" />
    <TestEntry testId="4cfe696d-2c66-ba14-94e5-b1c7f8adc785" executionId="f9dd8f7f-d966-4793-a7b7-f81fc2a7c838" testListId="8c84fa94-04c1-424b-9868-57a2d4851a1d" />
    <TestEntry testId="7c32f423-8e0c-a2de-85b6-19e6c1f80dce" executionId="e6e34021-823d-4b0b-8784-afcc7ab1afd7" testListId="8c84fa94-04c1-424b-9868-57a2d4851a1d" />
    <TestEntry testId="9ddec5fa-479c-3d6f-39eb-a62427813e0c" executionId="42d99f96-ca65-4546-a759-5315448c27f5" testListId="8c84fa94-04c1-424b-9868-57a2d4851a1d" />
  </TestEntries>
  <TestLists>
    <TestList name="Results Not in a List" id="8c84fa94-04c1-424b-9868-57a2d4851a1d" />
    <TestList name="All Loaded Results" id="19431567-8539-422a-85d7-44ee4e166bda" />
  </TestLists>
  <ResultSummary outcome="Completed">
    <Counters total="353" executed="353" passed="353" failed="0" error="0" timeout="0" aborted="0" inconclusive="0" passedButRunAborted="0" notRunnable="0" notExecuted="0" disconnected="0" warning="0" completed="0" inProgress="0" pending="0" />
    <Output>
      <StdOut>[xUnit.net 00:00:00.00] xUnit.net VSTest Adapter v3.0.2+dd36e86129 (64-bit .NET 8.0.20)
[xUnit.net 00:00:00.12]   Discovering: SGuard.DataAnnotations.Tests
[xUnit.net 00:00:00.29]   Discovered:  SGuard.DataAnnotations.Tests
[xUnit.net 00:00:00.40]   Starting:    SGuard.DataAnnotations.Tests
[xUnit.net 00:00:01.29]   Finished:    SGuard.DataAnnotations.Tests
</StdOut>
    </Output>
    <CollectorDataEntries>
      <Collector agentName="runnervmf4ws1" uri="datacollector://microsoft/CoverletCodeCoverage/1.0" collectorDisplayName="XPlat code coverage">
        <UriAttachments>
          <UriAttachment>
            <A href="runnervmf4ws1/coverage.cobertura.xml"></A>
          </UriAttachment>
          <UriAttachment>
            <A href="runnervmf4ws1/coverage.opencover.xml"></A>
          </UriAttachment>
        </UriAttachments>
      </Collector>
    </CollectorDataEntries>
  </ResultSummary>
</TestRun>